<?xml version="1.0" encoding="UTF-8"?>
<testsuite xmlns:xsi="http://www.w3.org/2001/XMLSchema-instance" xsi:noNamespaceSchemaLocation="https://maven.apache.org/surefire/maven-surefire-plugin/xsd/surefire-test-report.xsd" name="fr.dawan.AppliCFABack.Controller.NoteControllerTest" time="0.196" tests="5" errors="0" skipped="0" failures="2">
  <properties>
    <property name="sun.desktop" value="windows"/>
    <property name="awt.toolkit" value="sun.awt.windows.WToolkit"/>
    <property name="file.encoding.pkg" value="sun.io"/>
    <property name="java.specification.version" value="1.8"/>
    <property name="sun.cpu.isalist" value="amd64"/>
    <property name="sun.jnu.encoding" value="Cp1252"/>
    <property name="java.class.path" value="C:\Users\Admin-Stagiaire\Back-Projet-Entreprise\cfa-portal-api\AppliCFABack\target\test-classes;C:\Users\Admin-Stagiaire\Back-Projet-Entreprise\cfa-portal-api\AppliCFABack\target\classes;C:\Users\Admin-Stagiaire\.m2\repository\org\mapstruct\mapstruct\1.4.2.Final\mapstruct-1.4.2.Final.jar;C:\Users\Admin-Stagiaire\.m2\repository\org\springframework\boot\spring-boot-starter-data-jpa\2.3.1.RELEASE\spring-boot-starter-data-jpa-2.3.1.RELEASE.jar;C:\Users\Admin-Stagiaire\.m2\repository\org\springframework\boot\spring-boot-starter-aop\2.3.1.RELEASE\spring-boot-starter-aop-2.3.1.RELEASE.jar;C:\Users\Admin-Stagiaire\.m2\repository\org\springframework\spring-aop\5.2.7.RELEASE\spring-aop-5.2.7.RELEASE.jar;C:\Users\Admin-Stagiaire\.m2\repository\org\aspectj\aspectjweaver\1.9.5\aspectjweaver-1.9.5.jar;C:\Users\Admin-Stagiaire\.m2\repository\org\springframework\boot\spring-boot-starter-jdbc\2.3.1.RELEASE\spring-boot-starter-jdbc-2.3.1.RELEASE.jar;C:\Users\Admin-Stagiaire\.m2\repository\com\zaxxer\HikariCP\3.4.5\HikariCP-3.4.5.jar;C:\Users\Admin-Stagiaire\.m2\repository\org\springframework\spring-jdbc\5.2.7.RELEASE\spring-jdbc-5.2.7.RELEASE.jar;C:\Users\Admin-Stagiaire\.m2\repository\jakarta\transaction\jakarta.transaction-api\1.3.3\jakarta.transaction-api-1.3.3.jar;C:\Users\Admin-Stagiaire\.m2\repository\jakarta\persistence\jakarta.persistence-api\2.2.3\jakarta.persistence-api-2.2.3.jar;C:\Users\Admin-Stagiaire\.m2\repository\org\hibernate\hibernate-core\5.4.17.Final\hibernate-core-5.4.17.Final.jar;C:\Users\Admin-Stagiaire\.m2\repository\org\jboss\logging\jboss-logging\3.4.1.Final\jboss-logging-3.4.1.Final.jar;C:\Users\Admin-Stagiaire\.m2\repository\org\javassist\javassist\3.24.0-GA\javassist-3.24.0-GA.jar;C:\Users\Admin-Stagiaire\.m2\repository\net\bytebuddy\byte-buddy\1.10.11\byte-buddy-1.10.11.jar;C:\Users\Admin-Stagiaire\.m2\repository\antlr\antlr\2.7.7\antlr-2.7.7.jar;C:\Users\Admin-Stagiaire\.m2\repository\org\jboss\jandex\2.1.3.Final\jandex-2.1.3.Final.jar;C:\Users\Admin-Stagiaire\.m2\repository\com\fasterxml\classmate\1.5.1\classmate-1.5.1.jar;C:\Users\Admin-Stagiaire\.m2\repository\org\dom4j\dom4j\2.1.3\dom4j-2.1.3.jar;C:\Users\Admin-Stagiaire\.m2\repository\org\hibernate\common\hibernate-commons-annotations\5.1.0.Final\hibernate-commons-annotations-5.1.0.Final.jar;C:\Users\Admin-Stagiaire\.m2\repository\org\glassfish\jaxb\jaxb-runtime\2.3.3\jaxb-runtime-2.3.3.jar;C:\Users\Admin-Stagiaire\.m2\repository\org\glassfish\jaxb\txw2\2.3.3\txw2-2.3.3.jar;C:\Users\Admin-Stagiaire\.m2\repository\com\sun\istack\istack-commons-runtime\3.0.11\istack-commons-runtime-3.0.11.jar;C:\Users\Admin-Stagiaire\.m2\repository\org\springframework\data\spring-data-jpa\2.3.1.RELEASE\spring-data-jpa-2.3.1.RELEASE.jar;C:\Users\Admin-Stagiaire\.m2\repository\org\springframework\data\spring-data-commons\2.3.1.RELEASE\spring-data-commons-2.3.1.RELEASE.jar;C:\Users\Admin-Stagiaire\.m2\repository\org\springframework\spring-orm\5.2.7.RELEASE\spring-orm-5.2.7.RELEASE.jar;C:\Users\Admin-Stagiaire\.m2\repository\org\springframework\spring-context\5.2.7.RELEASE\spring-context-5.2.7.RELEASE.jar;C:\Users\Admin-Stagiaire\.m2\repository\org\springframework\spring-tx\5.2.7.RELEASE\spring-tx-5.2.7.RELEASE.jar;C:\Users\Admin-Stagiaire\.m2\repository\org\springframework\spring-beans\5.2.7.RELEASE\spring-beans-5.2.7.RELEASE.jar;C:\Users\Admin-Stagiaire\.m2\repository\org\slf4j\slf4j-api\1.7.30\slf4j-api-1.7.30.jar;C:\Users\Admin-Stagiaire\.m2\repository\org\springframework\spring-aspects\5.2.7.RELEASE\spring-aspects-5.2.7.RELEASE.jar;C:\Users\Admin-Stagiaire\.m2\repository\org\springframework\boot\spring-boot-starter-web\2.3.1.RELEASE\spring-boot-starter-web-2.3.1.RELEASE.jar;C:\Users\Admin-Stagiaire\.m2\repository\org\springframework\boot\spring-boot-starter\2.3.1.RELEASE\spring-boot-starter-2.3.1.RELEASE.jar;C:\Users\Admin-Stagiaire\.m2\repository\org\springframework\boot\spring-boot\2.3.1.RELEASE\spring-boot-2.3.1.RELEASE.jar;C:\Users\Admin-Stagiaire\.m2\repository\org\springframework\boot\spring-boot-autoconfigure\2.3.1.RELEASE\spring-boot-autoconfigure-2.3.1.RELEASE.jar;C:\Users\Admin-Stagiaire\.m2\repository\org\springframework\boot\spring-boot-starter-logging\2.3.1.RELEASE\spring-boot-starter-logging-2.3.1.RELEASE.jar;C:\Users\Admin-Stagiaire\.m2\repository\ch\qos\logback\logback-classic\1.2.3\logback-classic-1.2.3.jar;C:\Users\Admin-Stagiaire\.m2\repository\ch\qos\logback\logback-core\1.2.3\logback-core-1.2.3.jar;C:\Users\Admin-Stagiaire\.m2\repository\org\apache\logging\log4j\log4j-to-slf4j\2.13.3\log4j-to-slf4j-2.13.3.jar;C:\Users\Admin-Stagiaire\.m2\repository\org\apache\logging\log4j\log4j-api\2.13.3\log4j-api-2.13.3.jar;C:\Users\Admin-Stagiaire\.m2\repository\org\slf4j\jul-to-slf4j\1.7.30\jul-to-slf4j-1.7.30.jar;C:\Users\Admin-Stagiaire\.m2\repository\jakarta\annotation\jakarta.annotation-api\1.3.5\jakarta.annotation-api-1.3.5.jar;C:\Users\Admin-Stagiaire\.m2\repository\org\yaml\snakeyaml\1.26\snakeyaml-1.26.jar;C:\Users\Admin-Stagiaire\.m2\repository\org\springframework\boot\spring-boot-starter-json\2.3.1.RELEASE\spring-boot-starter-json-2.3.1.RELEASE.jar;C:\Users\Admin-Stagiaire\.m2\repository\com\fasterxml\jackson\datatype\jackson-datatype-jdk8\2.11.0\jackson-datatype-jdk8-2.11.0.jar;C:\Users\Admin-Stagiaire\.m2\repository\com\fasterxml\jackson\datatype\jackson-datatype-jsr310\2.11.0\jackson-datatype-jsr310-2.11.0.jar;C:\Users\Admin-Stagiaire\.m2\repository\com\fasterxml\jackson\module\jackson-module-parameter-names\2.11.0\jackson-module-parameter-names-2.11.0.jar;C:\Users\Admin-Stagiaire\.m2\repository\org\springframework\boot\spring-boot-starter-tomcat\2.3.1.RELEASE\spring-boot-starter-tomcat-2.3.1.RELEASE.jar;C:\Users\Admin-Stagiaire\.m2\repository\org\apache\tomcat\embed\tomcat-embed-core\9.0.36\tomcat-embed-core-9.0.36.jar;C:\Users\Admin-Stagiaire\.m2\repository\org\glassfish\jakarta.el\3.0.3\jakarta.el-3.0.3.jar;C:\Users\Admin-Stagiaire\.m2\repository\org\apache\tomcat\embed\tomcat-embed-websocket\9.0.36\tomcat-embed-websocket-9.0.36.jar;C:\Users\Admin-Stagiaire\.m2\repository\org\springframework\spring-web\5.2.7.RELEASE\spring-web-5.2.7.RELEASE.jar;C:\Users\Admin-Stagiaire\.m2\repository\org\springframework\spring-webmvc\5.2.7.RELEASE\spring-webmvc-5.2.7.RELEASE.jar;C:\Users\Admin-Stagiaire\.m2\repository\org\springframework\spring-expression\5.2.7.RELEASE\spring-expression-5.2.7.RELEASE.jar;C:\Users\Admin-Stagiaire\.m2\repository\org\springframework\boot\spring-boot-starter-actuator\2.3.1.RELEASE\spring-boot-starter-actuator-2.3.1.RELEASE.jar;C:\Users\Admin-Stagiaire\.m2\repository\org\springframework\boot\spring-boot-actuator-autoconfigure\2.3.1.RELEASE\spring-boot-actuator-autoconfigure-2.3.1.RELEASE.jar;C:\Users\Admin-Stagiaire\.m2\repository\org\springframework\boot\spring-boot-actuator\2.3.1.RELEASE\spring-boot-actuator-2.3.1.RELEASE.jar;C:\Users\Admin-Stagiaire\.m2\repository\io\micrometer\micrometer-core\1.5.1\micrometer-core-1.5.1.jar;C:\Users\Admin-Stagiaire\.m2\repository\org\hdrhistogram\HdrHistogram\2.1.12\HdrHistogram-2.1.12.jar;C:\Users\Admin-Stagiaire\.m2\repository\org\latencyutils\LatencyUtils\2.0.3\LatencyUtils-2.0.3.jar;C:\Users\Admin-Stagiaire\.m2\repository\org\postgresql\postgresql\42.2.14\postgresql-42.2.14.jar;C:\Users\Admin-Stagiaire\.m2\repository\org\springframework\boot\spring-boot-starter-test\2.3.1.RELEASE\spring-boot-starter-test-2.3.1.RELEASE.jar;C:\Users\Admin-Stagiaire\.m2\repository\org\springframework\boot\spring-boot-test\2.3.1.RELEASE\spring-boot-test-2.3.1.RELEASE.jar;C:\Users\Admin-Stagiaire\.m2\repository\org\springframework\boot\spring-boot-test-autoconfigure\2.3.1.RELEASE\spring-boot-test-autoconfigure-2.3.1.RELEASE.jar;C:\Users\Admin-Stagiaire\.m2\repository\com\jayway\jsonpath\json-path\2.4.0\json-path-2.4.0.jar;C:\Users\Admin-Stagiaire\.m2\repository\net\minidev\json-smart\2.3\json-smart-2.3.jar;C:\Users\Admin-Stagiaire\.m2\repository\net\minidev\accessors-smart\1.2\accessors-smart-1.2.jar;C:\Users\Admin-Stagiaire\.m2\repository\org\ow2\asm\asm\5.0.4\asm-5.0.4.jar;C:\Users\Admin-Stagiaire\.m2\repository\jakarta\xml\bind\jakarta.xml.bind-api\2.3.3\jakarta.xml.bind-api-2.3.3.jar;C:\Users\Admin-Stagiaire\.m2\repository\jakarta\activation\jakarta.activation-api\1.2.2\jakarta.activation-api-1.2.2.jar;C:\Users\Admin-Stagiaire\.m2\repository\org\assertj\assertj-core\3.16.1\assertj-core-3.16.1.jar;C:\Users\Admin-Stagiaire\.m2\repository\org\hamcrest\hamcrest\2.2\hamcrest-2.2.jar;C:\Users\Admin-Stagiaire\.m2\repository\org\junit\jupiter\junit-jupiter\5.6.2\junit-jupiter-5.6.2.jar;C:\Users\Admin-Stagiaire\.m2\repository\org\junit\jupiter\junit-jupiter-api\5.6.2\junit-jupiter-api-5.6.2.jar;C:\Users\Admin-Stagiaire\.m2\repository\org\opentest4j\opentest4j\1.2.0\opentest4j-1.2.0.jar;C:\Users\Admin-Stagiaire\.m2\repository\org\junit\platform\junit-platform-commons\1.6.2\junit-platform-commons-1.6.2.jar;C:\Users\Admin-Stagiaire\.m2\repository\org\junit\jupiter\junit-jupiter-params\5.6.2\junit-jupiter-params-5.6.2.jar;C:\Users\Admin-Stagiaire\.m2\repository\org\junit\jupiter\junit-jupiter-engine\5.6.2\junit-jupiter-engine-5.6.2.jar;C:\Users\Admin-Stagiaire\.m2\repository\org\junit\vintage\junit-vintage-engine\5.6.2\junit-vintage-engine-5.6.2.jar;C:\Users\Admin-Stagiaire\.m2\repository\org\apiguardian\apiguardian-api\1.1.0\apiguardian-api-1.1.0.jar;C:\Users\Admin-Stagiaire\.m2\repository\org\junit\platform\junit-platform-engine\1.6.2\junit-platform-engine-1.6.2.jar;C:\Users\Admin-Stagiaire\.m2\repository\junit\junit\4.13\junit-4.13.jar;C:\Users\Admin-Stagiaire\.m2\repository\org\mockito\mockito-core\3.3.3\mockito-core-3.3.3.jar;C:\Users\Admin-Stagiaire\.m2\repository\net\bytebuddy\byte-buddy-agent\1.10.11\byte-buddy-agent-1.10.11.jar;C:\Users\Admin-Stagiaire\.m2\repository\org\objenesis\objenesis\2.6\objenesis-2.6.jar;C:\Users\Admin-Stagiaire\.m2\repository\org\mockito\mockito-junit-jupiter\3.3.3\mockito-junit-jupiter-3.3.3.jar;C:\Users\Admin-Stagiaire\.m2\repository\org\skyscreamer\jsonassert\1.5.0\jsonassert-1.5.0.jar;C:\Users\Admin-Stagiaire\.m2\repository\com\vaadin\external\google\android-json\0.0.20131108.vaadin1\android-json-0.0.20131108.vaadin1.jar;C:\Users\Admin-Stagiaire\.m2\repository\org\springframework\spring-core\5.2.7.RELEASE\spring-core-5.2.7.RELEASE.jar;C:\Users\Admin-Stagiaire\.m2\repository\org\springframework\spring-jcl\5.2.7.RELEASE\spring-jcl-5.2.7.RELEASE.jar;C:\Users\Admin-Stagiaire\.m2\repository\org\springframework\spring-test\5.2.7.RELEASE\spring-test-5.2.7.RELEASE.jar;C:\Users\Admin-Stagiaire\.m2\repository\org\xmlunit\xmlunit-core\2.7.0\xmlunit-core-2.7.0.jar;C:\Users\Admin-Stagiaire\.m2\repository\org\modelmapper\modelmapper\2.3.0\modelmapper-2.3.0.jar;C:\Users\Admin-Stagiaire\.m2\repository\org\springdoc\springdoc-openapi-ui\1.5.2\springdoc-openapi-ui-1.5.2.jar;C:\Users\Admin-Stagiaire\.m2\repository\org\springdoc\springdoc-openapi-webmvc-core\1.5.2\springdoc-openapi-webmvc-core-1.5.2.jar;C:\Users\Admin-Stagiaire\.m2\repository\org\springdoc\springdoc-openapi-common\1.5.2\springdoc-openapi-common-1.5.2.jar;C:\Users\Admin-Stagiaire\.m2\repository\io\swagger\core\v3\swagger-models\2.1.6\swagger-models-2.1.6.jar;C:\Users\Admin-Stagiaire\.m2\repository\io\swagger\core\v3\swagger-annotations\2.1.6\swagger-annotations-2.1.6.jar;C:\Users\Admin-Stagiaire\.m2\repository\io\swagger\core\v3\swagger-integration\2.1.6\swagger-integration-2.1.6.jar;C:\Users\Admin-Stagiaire\.m2\repository\io\swagger\core\v3\swagger-core\2.1.6\swagger-core-2.1.6.jar;C:\Users\Admin-Stagiaire\.m2\repository\com\fasterxml\jackson\dataformat\jackson-dataformat-yaml\2.11.0\jackson-dataformat-yaml-2.11.0.jar;C:\Users\Admin-Stagiaire\.m2\repository\jakarta\validation\jakarta.validation-api\2.0.2\jakarta.validation-api-2.0.2.jar;C:\Users\Admin-Stagiaire\.m2\repository\io\github\classgraph\classgraph\4.8.69\classgraph-4.8.69.jar;C:\Users\Admin-Stagiaire\.m2\repository\org\apache\commons\commons-lang3\3.10\commons-lang3-3.10.jar;C:\Users\Admin-Stagiaire\.m2\repository\org\webjars\swagger-ui\3.38.0\swagger-ui-3.38.0.jar;C:\Users\Admin-Stagiaire\.m2\repository\org\webjars\webjars-locator-core\0.45\webjars-locator-core-0.45.jar;C:\Users\Admin-Stagiaire\.m2\repository\com\fasterxml\jackson\core\jackson-core\2.11.0\jackson-core-2.11.0.jar;C:\Users\Admin-Stagiaire\.m2\repository\io\jsonwebtoken\jjwt\0.9.1\jjwt-0.9.1.jar;C:\Users\Admin-Stagiaire\.m2\repository\com\fasterxml\jackson\core\jackson-databind\2.11.0\jackson-databind-2.11.0.jar;C:\Users\Admin-Stagiaire\.m2\repository\com\fasterxml\jackson\core\jackson-annotations\2.11.0\jackson-annotations-2.11.0.jar;C:\Users\Admin-Stagiaire\.m2\repository\org\springframework\boot\spring-boot-starter-mail\2.3.1.RELEASE\spring-boot-starter-mail-2.3.1.RELEASE.jar;C:\Users\Admin-Stagiaire\.m2\repository\org\springframework\spring-context-support\5.2.7.RELEASE\spring-context-support-5.2.7.RELEASE.jar;C:\Users\Admin-Stagiaire\.m2\repository\com\sun\mail\jakarta.mail\1.6.5\jakarta.mail-1.6.5.jar;C:\Users\Admin-Stagiaire\.m2\repository\com\sun\activation\jakarta.activation\1.2.2\jakarta.activation-1.2.2.jar;"/>
    <property name="java.vm.vendor" value="Oracle Corporation"/>
    <property name="sun.arch.data.model" value="64"/>
    <property name="user.variant" value=""/>
    <property name="java.vendor.url" value="http://java.oracle.com/"/>
    <property name="user.timezone" value="Europe/Paris"/>
    <property name="java.vm.specification.version" value="1.8"/>
    <property name="os.name" value="Windows 10"/>
    <property name="user.country" value="FR"/>
    <property name="sun.java.launcher" value="SUN_STANDARD"/>
    <property name="sun.boot.library.path" value="C:\Program Files\Java\jdk1.8.0_271\jre\bin"/>
    <property name="sun.java.command" value="C:\Users\ADMIN-~1\AppData\Local\Temp\surefire4729270454526045178\surefirebooter1824624777653556197.jar C:\Users\Admin-Stagiaire\AppData\Local\Temp\surefire4729270454526045178 2021-09-09T14-55-53_695-jvmRun1 surefire3682345997305751171tmp surefire_03738602613210651713tmp"/>
    <property name="surefire.test.class.path" value="C:\Users\Admin-Stagiaire\Back-Projet-Entreprise\cfa-portal-api\AppliCFABack\target\test-classes;C:\Users\Admin-Stagiaire\Back-Projet-Entreprise\cfa-portal-api\AppliCFABack\target\classes;C:\Users\Admin-Stagiaire\.m2\repository\org\mapstruct\mapstruct\1.4.2.Final\mapstruct-1.4.2.Final.jar;C:\Users\Admin-Stagiaire\.m2\repository\org\springframework\boot\spring-boot-starter-data-jpa\2.3.1.RELEASE\spring-boot-starter-data-jpa-2.3.1.RELEASE.jar;C:\Users\Admin-Stagiaire\.m2\repository\org\springframework\boot\spring-boot-starter-aop\2.3.1.RELEASE\spring-boot-starter-aop-2.3.1.RELEASE.jar;C:\Users\Admin-Stagiaire\.m2\repository\org\springframework\spring-aop\5.2.7.RELEASE\spring-aop-5.2.7.RELEASE.jar;C:\Users\Admin-Stagiaire\.m2\repository\org\aspectj\aspectjweaver\1.9.5\aspectjweaver-1.9.5.jar;C:\Users\Admin-Stagiaire\.m2\repository\org\springframework\boot\spring-boot-starter-jdbc\2.3.1.RELEASE\spring-boot-starter-jdbc-2.3.1.RELEASE.jar;C:\Users\Admin-Stagiaire\.m2\repository\com\zaxxer\HikariCP\3.4.5\HikariCP-3.4.5.jar;C:\Users\Admin-Stagiaire\.m2\repository\org\springframework\spring-jdbc\5.2.7.RELEASE\spring-jdbc-5.2.7.RELEASE.jar;C:\Users\Admin-Stagiaire\.m2\repository\jakarta\transaction\jakarta.transaction-api\1.3.3\jakarta.transaction-api-1.3.3.jar;C:\Users\Admin-Stagiaire\.m2\repository\jakarta\persistence\jakarta.persistence-api\2.2.3\jakarta.persistence-api-2.2.3.jar;C:\Users\Admin-Stagiaire\.m2\repository\org\hibernate\hibernate-core\5.4.17.Final\hibernate-core-5.4.17.Final.jar;C:\Users\Admin-Stagiaire\.m2\repository\org\jboss\logging\jboss-logging\3.4.1.Final\jboss-logging-3.4.1.Final.jar;C:\Users\Admin-Stagiaire\.m2\repository\org\javassist\javassist\3.24.0-GA\javassist-3.24.0-GA.jar;C:\Users\Admin-Stagiaire\.m2\repository\net\bytebuddy\byte-buddy\1.10.11\byte-buddy-1.10.11.jar;C:\Users\Admin-Stagiaire\.m2\repository\antlr\antlr\2.7.7\antlr-2.7.7.jar;C:\Users\Admin-Stagiaire\.m2\repository\org\jboss\jandex\2.1.3.Final\jandex-2.1.3.Final.jar;C:\Users\Admin-Stagiaire\.m2\repository\com\fasterxml\classmate\1.5.1\classmate-1.5.1.jar;C:\Users\Admin-Stagiaire\.m2\repository\org\dom4j\dom4j\2.1.3\dom4j-2.1.3.jar;C:\Users\Admin-Stagiaire\.m2\repository\org\hibernate\common\hibernate-commons-annotations\5.1.0.Final\hibernate-commons-annotations-5.1.0.Final.jar;C:\Users\Admin-Stagiaire\.m2\repository\org\glassfish\jaxb\jaxb-runtime\2.3.3\jaxb-runtime-2.3.3.jar;C:\Users\Admin-Stagiaire\.m2\repository\org\glassfish\jaxb\txw2\2.3.3\txw2-2.3.3.jar;C:\Users\Admin-Stagiaire\.m2\repository\com\sun\istack\istack-commons-runtime\3.0.11\istack-commons-runtime-3.0.11.jar;C:\Users\Admin-Stagiaire\.m2\repository\org\springframework\data\spring-data-jpa\2.3.1.RELEASE\spring-data-jpa-2.3.1.RELEASE.jar;C:\Users\Admin-Stagiaire\.m2\repository\org\springframework\data\spring-data-commons\2.3.1.RELEASE\spring-data-commons-2.3.1.RELEASE.jar;C:\Users\Admin-Stagiaire\.m2\repository\org\springframework\spring-orm\5.2.7.RELEASE\spring-orm-5.2.7.RELEASE.jar;C:\Users\Admin-Stagiaire\.m2\repository\org\springframework\spring-context\5.2.7.RELEASE\spring-context-5.2.7.RELEASE.jar;C:\Users\Admin-Stagiaire\.m2\repository\org\springframework\spring-tx\5.2.7.RELEASE\spring-tx-5.2.7.RELEASE.jar;C:\Users\Admin-Stagiaire\.m2\repository\org\springframework\spring-beans\5.2.7.RELEASE\spring-beans-5.2.7.RELEASE.jar;C:\Users\Admin-Stagiaire\.m2\repository\org\slf4j\slf4j-api\1.7.30\slf4j-api-1.7.30.jar;C:\Users\Admin-Stagiaire\.m2\repository\org\springframework\spring-aspects\5.2.7.RELEASE\spring-aspects-5.2.7.RELEASE.jar;C:\Users\Admin-Stagiaire\.m2\repository\org\springframework\boot\spring-boot-starter-web\2.3.1.RELEASE\spring-boot-starter-web-2.3.1.RELEASE.jar;C:\Users\Admin-Stagiaire\.m2\repository\org\springframework\boot\spring-boot-starter\2.3.1.RELEASE\spring-boot-starter-2.3.1.RELEASE.jar;C:\Users\Admin-Stagiaire\.m2\repository\org\springframework\boot\spring-boot\2.3.1.RELEASE\spring-boot-2.3.1.RELEASE.jar;C:\Users\Admin-Stagiaire\.m2\repository\org\springframework\boot\spring-boot-autoconfigure\2.3.1.RELEASE\spring-boot-autoconfigure-2.3.1.RELEASE.jar;C:\Users\Admin-Stagiaire\.m2\repository\org\springframework\boot\spring-boot-starter-logging\2.3.1.RELEASE\spring-boot-starter-logging-2.3.1.RELEASE.jar;C:\Users\Admin-Stagiaire\.m2\repository\ch\qos\logback\logback-classic\1.2.3\logback-classic-1.2.3.jar;C:\Users\Admin-Stagiaire\.m2\repository\ch\qos\logback\logback-core\1.2.3\logback-core-1.2.3.jar;C:\Users\Admin-Stagiaire\.m2\repository\org\apache\logging\log4j\log4j-to-slf4j\2.13.3\log4j-to-slf4j-2.13.3.jar;C:\Users\Admin-Stagiaire\.m2\repository\org\apache\logging\log4j\log4j-api\2.13.3\log4j-api-2.13.3.jar;C:\Users\Admin-Stagiaire\.m2\repository\org\slf4j\jul-to-slf4j\1.7.30\jul-to-slf4j-1.7.30.jar;C:\Users\Admin-Stagiaire\.m2\repository\jakarta\annotation\jakarta.annotation-api\1.3.5\jakarta.annotation-api-1.3.5.jar;C:\Users\Admin-Stagiaire\.m2\repository\org\yaml\snakeyaml\1.26\snakeyaml-1.26.jar;C:\Users\Admin-Stagiaire\.m2\repository\org\springframework\boot\spring-boot-starter-json\2.3.1.RELEASE\spring-boot-starter-json-2.3.1.RELEASE.jar;C:\Users\Admin-Stagiaire\.m2\repository\com\fasterxml\jackson\datatype\jackson-datatype-jdk8\2.11.0\jackson-datatype-jdk8-2.11.0.jar;C:\Users\Admin-Stagiaire\.m2\repository\com\fasterxml\jackson\datatype\jackson-datatype-jsr310\2.11.0\jackson-datatype-jsr310-2.11.0.jar;C:\Users\Admin-Stagiaire\.m2\repository\com\fasterxml\jackson\module\jackson-module-parameter-names\2.11.0\jackson-module-parameter-names-2.11.0.jar;C:\Users\Admin-Stagiaire\.m2\repository\org\springframework\boot\spring-boot-starter-tomcat\2.3.1.RELEASE\spring-boot-starter-tomcat-2.3.1.RELEASE.jar;C:\Users\Admin-Stagiaire\.m2\repository\org\apache\tomcat\embed\tomcat-embed-core\9.0.36\tomcat-embed-core-9.0.36.jar;C:\Users\Admin-Stagiaire\.m2\repository\org\glassfish\jakarta.el\3.0.3\jakarta.el-3.0.3.jar;C:\Users\Admin-Stagiaire\.m2\repository\org\apache\tomcat\embed\tomcat-embed-websocket\9.0.36\tomcat-embed-websocket-9.0.36.jar;C:\Users\Admin-Stagiaire\.m2\repository\org\springframework\spring-web\5.2.7.RELEASE\spring-web-5.2.7.RELEASE.jar;C:\Users\Admin-Stagiaire\.m2\repository\org\springframework\spring-webmvc\5.2.7.RELEASE\spring-webmvc-5.2.7.RELEASE.jar;C:\Users\Admin-Stagiaire\.m2\repository\org\springframework\spring-expression\5.2.7.RELEASE\spring-expression-5.2.7.RELEASE.jar;C:\Users\Admin-Stagiaire\.m2\repository\org\springframework\boot\spring-boot-starter-actuator\2.3.1.RELEASE\spring-boot-starter-actuator-2.3.1.RELEASE.jar;C:\Users\Admin-Stagiaire\.m2\repository\org\springframework\boot\spring-boot-actuator-autoconfigure\2.3.1.RELEASE\spring-boot-actuator-autoconfigure-2.3.1.RELEASE.jar;C:\Users\Admin-Stagiaire\.m2\repository\org\springframework\boot\spring-boot-actuator\2.3.1.RELEASE\spring-boot-actuator-2.3.1.RELEASE.jar;C:\Users\Admin-Stagiaire\.m2\repository\io\micrometer\micrometer-core\1.5.1\micrometer-core-1.5.1.jar;C:\Users\Admin-Stagiaire\.m2\repository\org\hdrhistogram\HdrHistogram\2.1.12\HdrHistogram-2.1.12.jar;C:\Users\Admin-Stagiaire\.m2\repository\org\latencyutils\LatencyUtils\2.0.3\LatencyUtils-2.0.3.jar;C:\Users\Admin-Stagiaire\.m2\repository\org\postgresql\postgresql\42.2.14\postgresql-42.2.14.jar;C:\Users\Admin-Stagiaire\.m2\repository\org\springframework\boot\spring-boot-starter-test\2.3.1.RELEASE\spring-boot-starter-test-2.3.1.RELEASE.jar;C:\Users\Admin-Stagiaire\.m2\repository\org\springframework\boot\spring-boot-test\2.3.1.RELEASE\spring-boot-test-2.3.1.RELEASE.jar;C:\Users\Admin-Stagiaire\.m2\repository\org\springframework\boot\spring-boot-test-autoconfigure\2.3.1.RELEASE\spring-boot-test-autoconfigure-2.3.1.RELEASE.jar;C:\Users\Admin-Stagiaire\.m2\repository\com\jayway\jsonpath\json-path\2.4.0\json-path-2.4.0.jar;C:\Users\Admin-Stagiaire\.m2\repository\net\minidev\json-smart\2.3\json-smart-2.3.jar;C:\Users\Admin-Stagiaire\.m2\repository\net\minidev\accessors-smart\1.2\accessors-smart-1.2.jar;C:\Users\Admin-Stagiaire\.m2\repository\org\ow2\asm\asm\5.0.4\asm-5.0.4.jar;C:\Users\Admin-Stagiaire\.m2\repository\jakarta\xml\bind\jakarta.xml.bind-api\2.3.3\jakarta.xml.bind-api-2.3.3.jar;C:\Users\Admin-Stagiaire\.m2\repository\jakarta\activation\jakarta.activation-api\1.2.2\jakarta.activation-api-1.2.2.jar;C:\Users\Admin-Stagiaire\.m2\repository\org\assertj\assertj-core\3.16.1\assertj-core-3.16.1.jar;C:\Users\Admin-Stagiaire\.m2\repository\org\hamcrest\hamcrest\2.2\hamcrest-2.2.jar;C:\Users\Admin-Stagiaire\.m2\repository\org\junit\jupiter\junit-jupiter\5.6.2\junit-jupiter-5.6.2.jar;C:\Users\Admin-Stagiaire\.m2\repository\org\junit\jupiter\junit-jupiter-api\5.6.2\junit-jupiter-api-5.6.2.jar;C:\Users\Admin-Stagiaire\.m2\repository\org\opentest4j\opentest4j\1.2.0\opentest4j-1.2.0.jar;C:\Users\Admin-Stagiaire\.m2\repository\org\junit\platform\junit-platform-commons\1.6.2\junit-platform-commons-1.6.2.jar;C:\Users\Admin-Stagiaire\.m2\repository\org\junit\jupiter\junit-jupiter-params\5.6.2\junit-jupiter-params-5.6.2.jar;C:\Users\Admin-Stagiaire\.m2\repository\org\junit\jupiter\junit-jupiter-engine\5.6.2\junit-jupiter-engine-5.6.2.jar;C:\Users\Admin-Stagiaire\.m2\repository\org\junit\vintage\junit-vintage-engine\5.6.2\junit-vintage-engine-5.6.2.jar;C:\Users\Admin-Stagiaire\.m2\repository\org\apiguardian\apiguardian-api\1.1.0\apiguardian-api-1.1.0.jar;C:\Users\Admin-Stagiaire\.m2\repository\org\junit\platform\junit-platform-engine\1.6.2\junit-platform-engine-1.6.2.jar;C:\Users\Admin-Stagiaire\.m2\repository\junit\junit\4.13\junit-4.13.jar;C:\Users\Admin-Stagiaire\.m2\repository\org\mockito\mockito-core\3.3.3\mockito-core-3.3.3.jar;C:\Users\Admin-Stagiaire\.m2\repository\net\bytebuddy\byte-buddy-agent\1.10.11\byte-buddy-agent-1.10.11.jar;C:\Users\Admin-Stagiaire\.m2\repository\org\objenesis\objenesis\2.6\objenesis-2.6.jar;C:\Users\Admin-Stagiaire\.m2\repository\org\mockito\mockito-junit-jupiter\3.3.3\mockito-junit-jupiter-3.3.3.jar;C:\Users\Admin-Stagiaire\.m2\repository\org\skyscreamer\jsonassert\1.5.0\jsonassert-1.5.0.jar;C:\Users\Admin-Stagiaire\.m2\repository\com\vaadin\external\google\android-json\0.0.20131108.vaadin1\android-json-0.0.20131108.vaadin1.jar;C:\Users\Admin-Stagiaire\.m2\repository\org\springframework\spring-core\5.2.7.RELEASE\spring-core-5.2.7.RELEASE.jar;C:\Users\Admin-Stagiaire\.m2\repository\org\springframework\spring-jcl\5.2.7.RELEASE\spring-jcl-5.2.7.RELEASE.jar;C:\Users\Admin-Stagiaire\.m2\repository\org\springframework\spring-test\5.2.7.RELEASE\spring-test-5.2.7.RELEASE.jar;C:\Users\Admin-Stagiaire\.m2\repository\org\xmlunit\xmlunit-core\2.7.0\xmlunit-core-2.7.0.jar;C:\Users\Admin-Stagiaire\.m2\repository\org\modelmapper\modelmapper\2.3.0\modelmapper-2.3.0.jar;C:\Users\Admin-Stagiaire\.m2\repository\org\springdoc\springdoc-openapi-ui\1.5.2\springdoc-openapi-ui-1.5.2.jar;C:\Users\Admin-Stagiaire\.m2\repository\org\springdoc\springdoc-openapi-webmvc-core\1.5.2\springdoc-openapi-webmvc-core-1.5.2.jar;C:\Users\Admin-Stagiaire\.m2\repository\org\springdoc\springdoc-openapi-common\1.5.2\springdoc-openapi-common-1.5.2.jar;C:\Users\Admin-Stagiaire\.m2\repository\io\swagger\core\v3\swagger-models\2.1.6\swagger-models-2.1.6.jar;C:\Users\Admin-Stagiaire\.m2\repository\io\swagger\core\v3\swagger-annotations\2.1.6\swagger-annotations-2.1.6.jar;C:\Users\Admin-Stagiaire\.m2\repository\io\swagger\core\v3\swagger-integration\2.1.6\swagger-integration-2.1.6.jar;C:\Users\Admin-Stagiaire\.m2\repository\io\swagger\core\v3\swagger-core\2.1.6\swagger-core-2.1.6.jar;C:\Users\Admin-Stagiaire\.m2\repository\com\fasterxml\jackson\dataformat\jackson-dataformat-yaml\2.11.0\jackson-dataformat-yaml-2.11.0.jar;C:\Users\Admin-Stagiaire\.m2\repository\jakarta\validation\jakarta.validation-api\2.0.2\jakarta.validation-api-2.0.2.jar;C:\Users\Admin-Stagiaire\.m2\repository\io\github\classgraph\classgraph\4.8.69\classgraph-4.8.69.jar;C:\Users\Admin-Stagiaire\.m2\repository\org\apache\commons\commons-lang3\3.10\commons-lang3-3.10.jar;C:\Users\Admin-Stagiaire\.m2\repository\org\webjars\swagger-ui\3.38.0\swagger-ui-3.38.0.jar;C:\Users\Admin-Stagiaire\.m2\repository\org\webjars\webjars-locator-core\0.45\webjars-locator-core-0.45.jar;C:\Users\Admin-Stagiaire\.m2\repository\com\fasterxml\jackson\core\jackson-core\2.11.0\jackson-core-2.11.0.jar;C:\Users\Admin-Stagiaire\.m2\repository\io\jsonwebtoken\jjwt\0.9.1\jjwt-0.9.1.jar;C:\Users\Admin-Stagiaire\.m2\repository\com\fasterxml\jackson\core\jackson-databind\2.11.0\jackson-databind-2.11.0.jar;C:\Users\Admin-Stagiaire\.m2\repository\com\fasterxml\jackson\core\jackson-annotations\2.11.0\jackson-annotations-2.11.0.jar;C:\Users\Admin-Stagiaire\.m2\repository\org\springframework\boot\spring-boot-starter-mail\2.3.1.RELEASE\spring-boot-starter-mail-2.3.1.RELEASE.jar;C:\Users\Admin-Stagiaire\.m2\repository\org\springframework\spring-context-support\5.2.7.RELEASE\spring-context-support-5.2.7.RELEASE.jar;C:\Users\Admin-Stagiaire\.m2\repository\com\sun\mail\jakarta.mail\1.6.5\jakarta.mail-1.6.5.jar;C:\Users\Admin-Stagiaire\.m2\repository\com\sun\activation\jakarta.activation\1.2.2\jakarta.activation-1.2.2.jar;"/>
    <property name="sun.cpu.endian" value="little"/>
    <property name="user.home" value="C:\Users\Admin-Stagiaire"/>
    <property name="user.language" value="fr"/>
    <property name="java.specification.vendor" value="Oracle Corporation"/>
    <property name="java.home" value="C:\Program Files\Java\jdk1.8.0_271\jre"/>
    <property name="basedir" value="C:\Users\Admin-Stagiaire\Back-Projet-Entreprise\cfa-portal-api\AppliCFABack"/>
    <property name="style.color" value="always"/>
    <property name="file.separator" value="\"/>
    <property name="line.separator" value="&#10;"/>
    <property name="java.vm.specification.vendor" value="Oracle Corporation"/>
    <property name="java.specification.name" value="Java Platform API Specification"/>
    <property name="java.awt.graphicsenv" value="sun.awt.Win32GraphicsEnvironment"/>
    <property name="surefire.real.class.path" value="C:\Users\ADMIN-~1\AppData\Local\Temp\surefire4729270454526045178\surefirebooter1824624777653556197.jar"/>
    <property name="sun.boot.class.path" value="C:\Program Files\Java\jdk1.8.0_271\jre\lib\resources.jar;C:\Program Files\Java\jdk1.8.0_271\jre\lib\rt.jar;C:\Program Files\Java\jdk1.8.0_271\jre\lib\sunrsasign.jar;C:\Program Files\Java\jdk1.8.0_271\jre\lib\jsse.jar;C:\Program Files\Java\jdk1.8.0_271\jre\lib\jce.jar;C:\Program Files\Java\jdk1.8.0_271\jre\lib\charsets.jar;C:\Program Files\Java\jdk1.8.0_271\jre\lib\jfr.jar;C:\Program Files\Java\jdk1.8.0_271\jre\classes"/>
    <property name="user.script" value=""/>
    <property name="sun.management.compiler" value="HotSpot 64-Bit Tiered Compilers"/>
    <property name="java.runtime.version" value="1.8.0_271-b09"/>
    <property name="user.name" value="Admin-Stagiaire"/>
    <property name="path.separator" value=";"/>
    <property name="os.version" value="10.0"/>
    <property name="java.endorsed.dirs" value="C:\Program Files\Java\jdk1.8.0_271\jre\lib\endorsed"/>
    <property name="java.runtime.name" value="Java(TM) SE Runtime Environment"/>
    <property name="file.encoding" value="Cp1252"/>
    <property name="java.vm.name" value="Java HotSpot(TM) 64-Bit Server VM"/>
    <property name="localRepository" value="C:\Users\Admin-Stagiaire\.m2\repository"/>
    <property name="java.vendor.url.bug" value="http://bugreport.sun.com/bugreport/"/>
    <property name="java.io.tmpdir" value="C:\Users\ADMIN-~1\AppData\Local\Temp\"/>
    <property name="java.version" value="1.8.0_271"/>
    <property name="user.dir" value="C:\Users\Admin-Stagiaire\Back-Projet-Entreprise\cfa-portal-api\AppliCFABack"/>
    <property name="os.arch" value="amd64"/>
    <property name="java.vm.specification.name" value="Java Virtual Machine Specification"/>
    <property name="java.awt.printerjob" value="sun.awt.windows.WPrinterJob"/>
    <property name="sun.os.patch.level" value=""/>
    <property name="java.library.path" value="C:\Program Files\Java\jdk1.8.0_271\jre\bin;C:\WINDOWS\Sun\Java\bin;C:\WINDOWS\system32;C:\WINDOWS;C:/Users/Admin-Stagiaire/Downloads/sts-4.9.0.RELEASE//plugins/org.eclipse.justj.openjdk.hotspot.jre.full.win32.x86_64_15.0.1.v20201027-0507/jre/bin/server;C:/Users/Admin-Stagiaire/Downloads/sts-4.9.0.RELEASE//plugins/org.eclipse.justj.openjdk.hotspot.jre.full.win32.x86_64_15.0.1.v20201027-0507/jre/bin;C:\WINDOWS\system32;C:\WINDOWS;C:\WINDOWS\System32\Wbem;C:\WINDOWS\System32\WindowsPowerShell\v1.0\;C:\Program Files\Intel\WiFi\bin\;C:\Program Files\Common Files\Intel\WirelessCommon\;C:\Program Files (x86)\Intel\Intel(R) Management Engine Components\DAL;C:\Program Files\Intel\Intel(R) Management Engine Components\DAL;C:\WINDOWS\System32\OpenSSH\;C:\Program Files\Microsoft SQL Server\130\Tools\Binn\;C:\Program Files\Microsoft SQL Server\Client SDK\ODBC\170\Tools\Binn\;C:\Program Files (x86)\Microsoft SQL Server\150\Tools\Binn\;C:\Program Files\Microsoft SQL Server\150\Tools\Binn\;C:\Program Files\Microsoft SQL Server\150\DTS\Binn\;C:\Program Files (x86)\Microsoft SQL Server\150\DTS\Binn\;C:\Program Files\dotnet\;C:\Program Files\nodejs\;C:\Program Files\Java\jdk1.8.0_271\bin;C:\Program Files\Git\cmd;C:\Maven\apache-maven-3.6.1\bin;C:\HashiCorp\Vagrant\bin;C:\Users\Admin-Stagiaire\AppData\Local\Programs\Python\Python39\Scripts\;C:\Users\Admin-Stagiaire\AppData\Local\Programs\Python\Python39\;C:\Program Files\MySQL\MySQL Shell 8.0\bin\;C:\Users\Admin-Stagiaire\AppData\Local\Microsoft\WindowsApps;C:\Program Files\Intel\WiFi\bin\;C:\Program Files\Common Files\Intel\WirelessCommon\;C:\Users\Admin-Stagiaire\AppData\Local\Programs\Microsoft VS Code\bin;C:\Users\Admin-Stagiaire\.dotnet\tools;C:\Users\Admin-Stagiaire\AppData\Local\GitHubDesktop\bin;C:\Users\Admin-Stagiaire\AppData\Roaming\npm;;C:\Users\Admin-Stagiaire\Downloads\sts-4.9.0.RELEASE;;."/>
    <property name="java.vm.info" value="mixed mode"/>
    <property name="java.vendor" value="Oracle Corporation"/>
    <property name="java.vm.version" value="25.271-b09"/>
    <property name="java.ext.dirs" value="C:\Program Files\Java\jdk1.8.0_271\jre\lib\ext;C:\WINDOWS\Sun\Java\lib\ext"/>
    <property name="sun.io.unicode.encoding" value="UnicodeLittle"/>
    <property name="java.class.version" value="52.0"/>
  </properties>
  <testcase name="testFindAll" classname="fr.dawan.AppliCFABack.Controller.NoteControllerTest" time="0.037"/>
  <testcase name="testSave" classname="fr.dawan.AppliCFABack.Controller.NoteControllerTest" time="0.052"/>
  <testcase name="testFindById" classname="fr.dawan.AppliCFABack.Controller.NoteControllerTest" time="0.025">
    <failure message="No value at JSON path &quot;$.noteObtenu&quot;" type="java.lang.AssertionError">java.lang.AssertionError: No value at JSON path "$.noteObtenu"
	at fr.dawan.AppliCFABack.Controller.NoteControllerTest.testFindById(NoteControllerTest.java:74)
Caused by: java.lang.IllegalArgumentException: json can not be null or empty
	at fr.dawan.AppliCFABack.Controller.NoteControllerTest.testFindById(NoteControllerTest.java:74)
</failure>
    <system-out><![CDATA[Hibernate: select note0_.id as id1_19_0_, note0_.devoir_id as devoir_i4_19_0_, note0_.etudiant_id as etudiant5_19_0_, note0_.examen_id as examen_i6_19_0_, note0_.note_obtenu as note_obt2_19_0_, note0_.observations as observat3_19_0_, devoir1_.id as id1_7_1_, devoir1_.date_debut as date_deb2_7_1_, devoir1_.date_fin as date_fin3_7_1_, devoir1_.enonce as enonce4_7_1_, devoir1_.intervention_id as interven5_7_1_, interventi2_.id as id1_16_2_, interventi2_.date_debut as date_deb2_16_2_, interventi2_.date_fin as date_fin3_16_2_, interventi2_.formation_id as formatio5_16_2_, interventi2_.intervention_mere_id as interven6_16_2_, interventi2_.note_info_personnel as note_inf4_16_2_, formation3_.id as id1_13_3_, formation3_.contenu as contenu2_13_3_, formation3_.titre as titre3_13_3_, interventi4_.id as id1_16_4_, interventi4_.date_debut as date_deb2_16_4_, interventi4_.date_fin as date_fin3_16_4_, interventi4_.formation_id as formatio5_16_4_, interventi4_.intervention_mere_id as interven6_16_4_, interventi4_.note_info_personnel as note_inf4_16_4_, etudiant5_.id as id1_24_5_, etudiant5_1_.adresse_id as adresse_9_24_5_, etudiant5_1_.civilite as civilite2_24_5_, etudiant5_1_.date_de_naissance as date_de_3_24_5_, etudiant5_1_.entreprise_id as entrepr10_24_5_, etudiant5_1_.login as login4_24_5_, etudiant5_1_.nom as nom5_24_5_, etudiant5_1_.password as password6_24_5_, etudiant5_1_.prenom as prenom7_24_5_, etudiant5_1_.telephone as telephon8_24_5_, etudiant5_.formateur_referent_id as formateu2_9_5_, etudiant5_.manager_id as manager_3_9_5_, adresse6_.id as id1_1_6_, adresse6_.code_postal as code_pos2_1_6_, adresse6_.numero as numero3_1_6_, adresse6_.rue as rue4_1_6_, adresse6_.ville as ville5_1_6_, entreprise7_.id as id1_8_7_, entreprise7_.adresse_siege_id as adresse_3_8_7_, entreprise7_.raison_sociale as raison_s2_8_7_, adresse8_.id as id1_1_8_, adresse8_.code_postal as code_pos2_1_8_, adresse8_.numero as numero3_1_8_, adresse8_.rue as rue4_1_8_, adresse8_.ville as ville5_1_8_, utilisateu9_.id as id1_24_9_, utilisateu9_.adresse_id as adresse_9_24_9_, utilisateu9_.civilite as civilite2_24_9_, utilisateu9_.date_de_naissance as date_de_3_24_9_, utilisateu9_.entreprise_id as entrepr10_24_9_, utilisateu9_.login as login4_24_9_, utilisateu9_.nom as nom5_24_9_, utilisateu9_.password as password6_24_9_, utilisateu9_.prenom as prenom7_24_9_, utilisateu9_.telephone as telephon8_24_9_, utilisateu9_1_.centre_formation_id as centre_f2_2_9_, utilisateu9_2_.formateur_referent_id as formateu2_9_9_, utilisateu9_2_.manager_id as manager_3_9_9_, case when utilisateu9_1_.id is not null then 1 when utilisateu9_2_.id is not null then 2 when utilisateu9_3_.id is not null then 3 when utilisateu9_.id is not null then 0 end as clazz_9_, utilisateu10_.id as id1_24_10_, utilisateu10_.adresse_id as adresse_9_24_10_, utilisateu10_.civilite as civilite2_24_10_, utilisateu10_.date_de_naissance as date_de_3_24_10_, utilisateu10_.entreprise_id as entrepr10_24_10_, utilisateu10_.login as login4_24_10_, utilisateu10_.nom as nom5_24_10_, utilisateu10_.password as password6_24_10_, utilisateu10_.prenom as prenom7_24_10_, utilisateu10_.telephone as telephon8_24_10_, utilisateu10_1_.centre_formation_id as centre_f2_2_10_, utilisateu10_2_.formateur_referent_id as formateu2_9_10_, utilisateu10_2_.manager_id as manager_3_9_10_, case when utilisateu10_1_.id is not null then 1 when utilisateu10_2_.id is not null then 2 when utilisateu10_3_.id is not null then 3 when utilisateu10_.id is not null then 0 end as clazz_10_, centreform11_.id as id1_3_11_, centreform11_.adresse_id as adresse_2_3_11_, centreform11_.entreprise_id as entrepri3_3_11_, adresse12_.id as id1_1_12_, adresse12_.code_postal as code_pos2_1_12_, adresse12_.numero as numero3_1_12_, adresse12_.rue as rue4_1_12_, adresse12_.ville as ville5_1_12_, entreprise13_.id as id1_8_13_, entreprise13_.adresse_siege_id as adresse_3_8_13_, entreprise13_.raison_sociale as raison_s2_8_13_, passageexa14_.id as id1_20_14_, passageexa14_.date_debut as date_deb2_20_14_, passageexa14_.date_fin as date_fin3_20_14_, passageexa14_.examen_id as examen_i4_20_14_, passageexa14_.intervention_id as interven5_20_14_, examen15_.id as id1_10_15_, examen15_.cursus_id as cursus_i3_10_15_, examen15_.enonce as enonce2_10_15_, examen15_.formation_id as formatio4_10_15_, cursus16_.id as id1_5_16_, cursus16_.titre as titre2_5_16_, formation17_.id as id1_13_17_, formation17_.contenu as contenu2_13_17_, formation17_.titre as titre3_13_17_, interventi18_.id as id1_16_18_, interventi18_.date_debut as date_deb2_16_18_, interventi18_.date_fin as date_fin3_16_18_, interventi18_.formation_id as formatio5_16_18_, interventi18_.intervention_mere_id as interven6_16_18_, interventi18_.note_info_personnel as note_inf4_16_18_ from note note0_ left outer join devoir devoir1_ on note0_.devoir_id=devoir1_.id left outer join intervention interventi2_ on devoir1_.intervention_id=interventi2_.id left outer join formation formation3_ on interventi2_.formation_id=formation3_.id left outer join intervention interventi4_ on interventi2_.intervention_mere_id=interventi4_.id left outer join etudiant etudiant5_ on note0_.etudiant_id=etudiant5_.id left outer join utilisateur etudiant5_1_ on etudiant5_.id=etudiant5_1_.id left outer join adresse adresse6_ on etudiant5_1_.adresse_id=adresse6_.id left outer join entreprise entreprise7_ on etudiant5_1_.entreprise_id=entreprise7_.id left outer join adresse adresse8_ on entreprise7_.adresse_siege_id=adresse8_.id left outer join utilisateur utilisateu9_ on etudiant5_.formateur_referent_id=utilisateu9_.id left outer join cef utilisateu9_1_ on utilisateu9_.id=utilisateu9_1_.id left outer join etudiant utilisateu9_2_ on utilisateu9_.id=utilisateu9_2_.id left outer join formateur utilisateu9_3_ on utilisateu9_.id=utilisateu9_3_.id left outer join utilisateur utilisateu10_ on utilisateu9_2_.manager_id=utilisateu10_.id left outer join cef utilisateu10_1_ on utilisateu10_.id=utilisateu10_1_.id left outer join etudiant utilisateu10_2_ on utilisateu10_.id=utilisateu10_2_.id left outer join formateur utilisateu10_3_ on utilisateu10_.id=utilisateu10_3_.id left outer join centre_formation centreform11_ on utilisateu10_1_.centre_formation_id=centreform11_.id left outer join adresse adresse12_ on centreform11_.adresse_id=adresse12_.id left outer join entreprise entreprise13_ on centreform11_.entreprise_id=entreprise13_.id left outer join passage_examen passageexa14_ on note0_.examen_id=passageexa14_.id left outer join examen examen15_ on passageexa14_.examen_id=examen15_.id left outer join cursus cursus16_ on examen15_.cursus_id=cursus16_.id left outer join formation formation17_ on examen15_.formation_id=formation17_.id left outer join intervention interventi18_ on passageexa14_.intervention_id=interventi18_.id where note0_.id=?

MockHttpServletRequest:
      HTTP Method = GET
      Request URI = /AppliCFABack/notes/0
       Parameters = {}
          Headers = [Accept:"application/json"]
             Body = null
    Session Attrs = {}

Handler:
             Type = fr.dawan.AppliCFABack.controllers.NoteController
           Method = fr.dawan.AppliCFABack.controllers.NoteController#getById(long)

Async:
    Async started = false
     Async result = null

Resolved Exception:
             Type = null

ModelAndView:
        View name = null
             View = null
            Model = null

FlashMap:
       Attributes = null

MockHttpServletResponse:
           Status = 200
    Error message = null
          Headers = [Vary:"Origin", "Access-Control-Request-Method", "Access-Control-Request-Headers"]
     Content type = null
             Body = 
    Forwarded URL = null
   Redirected URL = null
          Cookies = []
]]></system-out>
  </testcase>
  <testcase name="testDelete" classname="fr.dawan.AppliCFABack.Controller.NoteControllerTest" time="0.023">
    <failure message="Status expected:&lt;202&gt; but was:&lt;404&gt;" type="java.lang.AssertionError"><![CDATA[java.lang.AssertionError: Status expected:<202> but was:<404>
	at fr.dawan.AppliCFABack.Controller.NoteControllerTest.testDelete(NoteControllerTest.java:138)
]]></failure>
    <system-out><![CDATA[Hibernate: select note0_.id as id1_19_0_, note0_.devoir_id as devoir_i4_19_0_, note0_.etudiant_id as etudiant5_19_0_, note0_.examen_id as examen_i6_19_0_, note0_.note_obtenu as note_obt2_19_0_, note0_.observations as observat3_19_0_, devoir1_.id as id1_7_1_, devoir1_.date_debut as date_deb2_7_1_, devoir1_.date_fin as date_fin3_7_1_, devoir1_.enonce as enonce4_7_1_, devoir1_.intervention_id as interven5_7_1_, interventi2_.id as id1_16_2_, interventi2_.date_debut as date_deb2_16_2_, interventi2_.date_fin as date_fin3_16_2_, interventi2_.formation_id as formatio5_16_2_, interventi2_.intervention_mere_id as interven6_16_2_, interventi2_.note_info_personnel as note_inf4_16_2_, formation3_.id as id1_13_3_, formation3_.contenu as contenu2_13_3_, formation3_.titre as titre3_13_3_, interventi4_.id as id1_16_4_, interventi4_.date_debut as date_deb2_16_4_, interventi4_.date_fin as date_fin3_16_4_, interventi4_.formation_id as formatio5_16_4_, interventi4_.intervention_mere_id as interven6_16_4_, interventi4_.note_info_personnel as note_inf4_16_4_, etudiant5_.id as id1_24_5_, etudiant5_1_.adresse_id as adresse_9_24_5_, etudiant5_1_.civilite as civilite2_24_5_, etudiant5_1_.date_de_naissance as date_de_3_24_5_, etudiant5_1_.entreprise_id as entrepr10_24_5_, etudiant5_1_.login as login4_24_5_, etudiant5_1_.nom as nom5_24_5_, etudiant5_1_.password as password6_24_5_, etudiant5_1_.prenom as prenom7_24_5_, etudiant5_1_.telephone as telephon8_24_5_, etudiant5_.formateur_referent_id as formateu2_9_5_, etudiant5_.manager_id as manager_3_9_5_, adresse6_.id as id1_1_6_, adresse6_.code_postal as code_pos2_1_6_, adresse6_.numero as numero3_1_6_, adresse6_.rue as rue4_1_6_, adresse6_.ville as ville5_1_6_, entreprise7_.id as id1_8_7_, entreprise7_.adresse_siege_id as adresse_3_8_7_, entreprise7_.raison_sociale as raison_s2_8_7_, adresse8_.id as id1_1_8_, adresse8_.code_postal as code_pos2_1_8_, adresse8_.numero as numero3_1_8_, adresse8_.rue as rue4_1_8_, adresse8_.ville as ville5_1_8_, utilisateu9_.id as id1_24_9_, utilisateu9_.adresse_id as adresse_9_24_9_, utilisateu9_.civilite as civilite2_24_9_, utilisateu9_.date_de_naissance as date_de_3_24_9_, utilisateu9_.entreprise_id as entrepr10_24_9_, utilisateu9_.login as login4_24_9_, utilisateu9_.nom as nom5_24_9_, utilisateu9_.password as password6_24_9_, utilisateu9_.prenom as prenom7_24_9_, utilisateu9_.telephone as telephon8_24_9_, utilisateu9_1_.centre_formation_id as centre_f2_2_9_, utilisateu9_2_.formateur_referent_id as formateu2_9_9_, utilisateu9_2_.manager_id as manager_3_9_9_, case when utilisateu9_1_.id is not null then 1 when utilisateu9_2_.id is not null then 2 when utilisateu9_3_.id is not null then 3 when utilisateu9_.id is not null then 0 end as clazz_9_, utilisateu10_.id as id1_24_10_, utilisateu10_.adresse_id as adresse_9_24_10_, utilisateu10_.civilite as civilite2_24_10_, utilisateu10_.date_de_naissance as date_de_3_24_10_, utilisateu10_.entreprise_id as entrepr10_24_10_, utilisateu10_.login as login4_24_10_, utilisateu10_.nom as nom5_24_10_, utilisateu10_.password as password6_24_10_, utilisateu10_.prenom as prenom7_24_10_, utilisateu10_.telephone as telephon8_24_10_, utilisateu10_1_.centre_formation_id as centre_f2_2_10_, utilisateu10_2_.formateur_referent_id as formateu2_9_10_, utilisateu10_2_.manager_id as manager_3_9_10_, case when utilisateu10_1_.id is not null then 1 when utilisateu10_2_.id is not null then 2 when utilisateu10_3_.id is not null then 3 when utilisateu10_.id is not null then 0 end as clazz_10_, centreform11_.id as id1_3_11_, centreform11_.adresse_id as adresse_2_3_11_, centreform11_.entreprise_id as entrepri3_3_11_, adresse12_.id as id1_1_12_, adresse12_.code_postal as code_pos2_1_12_, adresse12_.numero as numero3_1_12_, adresse12_.rue as rue4_1_12_, adresse12_.ville as ville5_1_12_, entreprise13_.id as id1_8_13_, entreprise13_.adresse_siege_id as adresse_3_8_13_, entreprise13_.raison_sociale as raison_s2_8_13_, passageexa14_.id as id1_20_14_, passageexa14_.date_debut as date_deb2_20_14_, passageexa14_.date_fin as date_fin3_20_14_, passageexa14_.examen_id as examen_i4_20_14_, passageexa14_.intervention_id as interven5_20_14_, examen15_.id as id1_10_15_, examen15_.cursus_id as cursus_i3_10_15_, examen15_.enonce as enonce2_10_15_, examen15_.formation_id as formatio4_10_15_, cursus16_.id as id1_5_16_, cursus16_.titre as titre2_5_16_, formation17_.id as id1_13_17_, formation17_.contenu as contenu2_13_17_, formation17_.titre as titre3_13_17_, interventi18_.id as id1_16_18_, interventi18_.date_debut as date_deb2_16_18_, interventi18_.date_fin as date_fin3_16_18_, interventi18_.formation_id as formatio5_16_18_, interventi18_.intervention_mere_id as interven6_16_18_, interventi18_.note_info_personnel as note_inf4_16_18_ from note note0_ left outer join devoir devoir1_ on note0_.devoir_id=devoir1_.id left outer join intervention interventi2_ on devoir1_.intervention_id=interventi2_.id left outer join formation formation3_ on interventi2_.formation_id=formation3_.id left outer join intervention interventi4_ on interventi2_.intervention_mere_id=interventi4_.id left outer join etudiant etudiant5_ on note0_.etudiant_id=etudiant5_.id left outer join utilisateur etudiant5_1_ on etudiant5_.id=etudiant5_1_.id left outer join adresse adresse6_ on etudiant5_1_.adresse_id=adresse6_.id left outer join entreprise entreprise7_ on etudiant5_1_.entreprise_id=entreprise7_.id left outer join adresse adresse8_ on entreprise7_.adresse_siege_id=adresse8_.id left outer join utilisateur utilisateu9_ on etudiant5_.formateur_referent_id=utilisateu9_.id left outer join cef utilisateu9_1_ on utilisateu9_.id=utilisateu9_1_.id left outer join etudiant utilisateu9_2_ on utilisateu9_.id=utilisateu9_2_.id left outer join formateur utilisateu9_3_ on utilisateu9_.id=utilisateu9_3_.id left outer join utilisateur utilisateu10_ on utilisateu9_2_.manager_id=utilisateu10_.id left outer join cef utilisateu10_1_ on utilisateu10_.id=utilisateu10_1_.id left outer join etudiant utilisateu10_2_ on utilisateu10_.id=utilisateu10_2_.id left outer join formateur utilisateu10_3_ on utilisateu10_.id=utilisateu10_3_.id left outer join centre_formation centreform11_ on utilisateu10_1_.centre_formation_id=centreform11_.id left outer join adresse adresse12_ on centreform11_.adresse_id=adresse12_.id left outer join entreprise entreprise13_ on centreform11_.entreprise_id=entreprise13_.id left outer join passage_examen passageexa14_ on note0_.examen_id=passageexa14_.id left outer join examen examen15_ on passageexa14_.examen_id=examen15_.id left outer join cursus cursus16_ on examen15_.cursus_id=cursus16_.id left outer join formation formation17_ on examen15_.formation_id=formation17_.id left outer join intervention interventi18_ on passageexa14_.intervention_id=interventi18_.id where note0_.id=?

MockHttpServletRequest:
      HTTP Method = DELETE
      Request URI = /AppliCFABack/notes/0
       Parameters = {}
          Headers = [Accept:"text/plain"]
             Body = null
    Session Attrs = {}

Handler:
             Type = fr.dawan.AppliCFABack.controllers.NoteController
           Method = fr.dawan.AppliCFABack.controllers.NoteController#deleteById(long)

Async:
    Async started = false
     Async result = null

Resolved Exception:
             Type = null

ModelAndView:
        View name = null
             View = null
            Model = null

FlashMap:
       Attributes = null

MockHttpServletResponse:
           Status = 404
    Error message = null
          Headers = [Vary:"Origin", "Access-Control-Request-Method", "Access-Control-Request-Headers", Content-Type:"text/plain;charset=UTF-8", Content-Length:"26"]
     Content type = text/plain;charset=UTF-8
             Body = suppression non réalisée
    Forwarded URL = null
   Redirected URL = null
          Cookies = []
]]></system-out>
  </testcase>
  <testcase name="testUpdate" classname="fr.dawan.AppliCFABack.Controller.NoteControllerTest" time="0.052"/>
</testsuite>