<?xml version="1.0" encoding="UTF-8"?>
<testsuite xmlns:xsi="http://www.w3.org/2001/XMLSchema-instance" xsi:noNamespaceSchemaLocation="https://maven.apache.org/surefire/maven-surefire-plugin/xsd/surefire-test-report.xsd" name="fr.dawan.AppliCFABack.Controller.AbsenceControllerTest" time="2.85" tests="4" errors="3" skipped="0" failures="0">
  <properties>
    <property name="java.specification.version" value="17"/>
    <property name="sun.cpu.isalist" value="amd64"/>
    <property name="sun.jnu.encoding" value="Cp1252"/>
    <property name="java.class.path" value="C:\Users\Admin stagiaire.DESKTOP-8967908\Desktop\cfa-portal-api\target\test-classes;C:\Users\Admin stagiaire.DESKTOP-8967908\Desktop\cfa-portal-api\target\classes;C:\Users\Admin stagiaire.DESKTOP-8967908\.m2\repository\org\mapstruct\mapstruct\1.4.2.Final\mapstruct-1.4.2.Final.jar;C:\Users\Admin stagiaire.DESKTOP-8967908\.m2\repository\org\springframework\boot\spring-boot-starter-data-jpa\2.3.1.RELEASE\spring-boot-starter-data-jpa-2.3.1.RELEASE.jar;C:\Users\Admin stagiaire.DESKTOP-8967908\.m2\repository\org\springframework\boot\spring-boot-starter-aop\2.3.1.RELEASE\spring-boot-starter-aop-2.3.1.RELEASE.jar;C:\Users\Admin stagiaire.DESKTOP-8967908\.m2\repository\org\springframework\spring-aop\5.2.7.RELEASE\spring-aop-5.2.7.RELEASE.jar;C:\Users\Admin stagiaire.DESKTOP-8967908\.m2\repository\org\aspectj\aspectjweaver\1.9.5\aspectjweaver-1.9.5.jar;C:\Users\Admin stagiaire.DESKTOP-8967908\.m2\repository\org\springframework\boot\spring-boot-starter-jdbc\2.3.1.RELEASE\spring-boot-starter-jdbc-2.3.1.RELEASE.jar;C:\Users\Admin stagiaire.DESKTOP-8967908\.m2\repository\com\zaxxer\HikariCP\3.4.5\HikariCP-3.4.5.jar;C:\Users\Admin stagiaire.DESKTOP-8967908\.m2\repository\org\springframework\spring-jdbc\5.2.7.RELEASE\spring-jdbc-5.2.7.RELEASE.jar;C:\Users\Admin stagiaire.DESKTOP-8967908\.m2\repository\jakarta\transaction\jakarta.transaction-api\1.3.3\jakarta.transaction-api-1.3.3.jar;C:\Users\Admin stagiaire.DESKTOP-8967908\.m2\repository\jakarta\persistence\jakarta.persistence-api\2.2.3\jakarta.persistence-api-2.2.3.jar;C:\Users\Admin stagiaire.DESKTOP-8967908\.m2\repository\org\hibernate\hibernate-core\5.4.17.Final\hibernate-core-5.4.17.Final.jar;C:\Users\Admin stagiaire.DESKTOP-8967908\.m2\repository\org\jboss\logging\jboss-logging\3.4.1.Final\jboss-logging-3.4.1.Final.jar;C:\Users\Admin stagiaire.DESKTOP-8967908\.m2\repository\org\javassist\javassist\3.24.0-GA\javassist-3.24.0-GA.jar;C:\Users\Admin stagiaire.DESKTOP-8967908\.m2\repository\net\bytebuddy\byte-buddy\1.10.11\byte-buddy-1.10.11.jar;C:\Users\Admin stagiaire.DESKTOP-8967908\.m2\repository\antlr\antlr\2.7.7\antlr-2.7.7.jar;C:\Users\Admin stagiaire.DESKTOP-8967908\.m2\repository\org\jboss\jandex\2.1.3.Final\jandex-2.1.3.Final.jar;C:\Users\Admin stagiaire.DESKTOP-8967908\.m2\repository\com\fasterxml\classmate\1.5.1\classmate-1.5.1.jar;C:\Users\Admin stagiaire.DESKTOP-8967908\.m2\repository\org\dom4j\dom4j\2.1.3\dom4j-2.1.3.jar;C:\Users\Admin stagiaire.DESKTOP-8967908\.m2\repository\org\hibernate\common\hibernate-commons-annotations\5.1.0.Final\hibernate-commons-annotations-5.1.0.Final.jar;C:\Users\Admin stagiaire.DESKTOP-8967908\.m2\repository\org\glassfish\jaxb\jaxb-runtime\2.3.3\jaxb-runtime-2.3.3.jar;C:\Users\Admin stagiaire.DESKTOP-8967908\.m2\repository\org\glassfish\jaxb\txw2\2.3.3\txw2-2.3.3.jar;C:\Users\Admin stagiaire.DESKTOP-8967908\.m2\repository\com\sun\istack\istack-commons-runtime\3.0.11\istack-commons-runtime-3.0.11.jar;C:\Users\Admin stagiaire.DESKTOP-8967908\.m2\repository\org\springframework\data\spring-data-jpa\2.3.1.RELEASE\spring-data-jpa-2.3.1.RELEASE.jar;C:\Users\Admin stagiaire.DESKTOP-8967908\.m2\repository\org\springframework\data\spring-data-commons\2.3.1.RELEASE\spring-data-commons-2.3.1.RELEASE.jar;C:\Users\Admin stagiaire.DESKTOP-8967908\.m2\repository\org\springframework\spring-orm\5.2.7.RELEASE\spring-orm-5.2.7.RELEASE.jar;C:\Users\Admin stagiaire.DESKTOP-8967908\.m2\repository\org\springframework\spring-context\5.2.7.RELEASE\spring-context-5.2.7.RELEASE.jar;C:\Users\Admin stagiaire.DESKTOP-8967908\.m2\repository\org\springframework\spring-tx\5.2.7.RELEASE\spring-tx-5.2.7.RELEASE.jar;C:\Users\Admin stagiaire.DESKTOP-8967908\.m2\repository\org\springframework\spring-beans\5.2.7.RELEASE\spring-beans-5.2.7.RELEASE.jar;C:\Users\Admin stagiaire.DESKTOP-8967908\.m2\repository\org\slf4j\slf4j-api\1.7.30\slf4j-api-1.7.30.jar;C:\Users\Admin stagiaire.DESKTOP-8967908\.m2\repository\org\springframework\spring-aspects\5.2.7.RELEASE\spring-aspects-5.2.7.RELEASE.jar;C:\Users\Admin stagiaire.DESKTOP-8967908\.m2\repository\org\springframework\boot\spring-boot-starter-web\2.3.1.RELEASE\spring-boot-starter-web-2.3.1.RELEASE.jar;C:\Users\Admin stagiaire.DESKTOP-8967908\.m2\repository\org\springframework\boot\spring-boot-starter\2.3.1.RELEASE\spring-boot-starter-2.3.1.RELEASE.jar;C:\Users\Admin stagiaire.DESKTOP-8967908\.m2\repository\org\springframework\boot\spring-boot\2.3.1.RELEASE\spring-boot-2.3.1.RELEASE.jar;C:\Users\Admin stagiaire.DESKTOP-8967908\.m2\repository\org\springframework\boot\spring-boot-autoconfigure\2.3.1.RELEASE\spring-boot-autoconfigure-2.3.1.RELEASE.jar;C:\Users\Admin stagiaire.DESKTOP-8967908\.m2\repository\org\springframework\boot\spring-boot-starter-logging\2.3.1.RELEASE\spring-boot-starter-logging-2.3.1.RELEASE.jar;C:\Users\Admin stagiaire.DESKTOP-8967908\.m2\repository\ch\qos\logback\logback-classic\1.2.3\logback-classic-1.2.3.jar;C:\Users\Admin stagiaire.DESKTOP-8967908\.m2\repository\ch\qos\logback\logback-core\1.2.3\logback-core-1.2.3.jar;C:\Users\Admin stagiaire.DESKTOP-8967908\.m2\repository\org\apache\logging\log4j\log4j-to-slf4j\2.13.3\log4j-to-slf4j-2.13.3.jar;C:\Users\Admin stagiaire.DESKTOP-8967908\.m2\repository\org\apache\logging\log4j\log4j-api\2.13.3\log4j-api-2.13.3.jar;C:\Users\Admin stagiaire.DESKTOP-8967908\.m2\repository\org\slf4j\jul-to-slf4j\1.7.30\jul-to-slf4j-1.7.30.jar;C:\Users\Admin stagiaire.DESKTOP-8967908\.m2\repository\jakarta\annotation\jakarta.annotation-api\1.3.5\jakarta.annotation-api-1.3.5.jar;C:\Users\Admin stagiaire.DESKTOP-8967908\.m2\repository\org\yaml\snakeyaml\1.26\snakeyaml-1.26.jar;C:\Users\Admin stagiaire.DESKTOP-8967908\.m2\repository\org\springframework\boot\spring-boot-starter-json\2.3.1.RELEASE\spring-boot-starter-json-2.3.1.RELEASE.jar;C:\Users\Admin stagiaire.DESKTOP-8967908\.m2\repository\com\fasterxml\jackson\datatype\jackson-datatype-jdk8\2.11.0\jackson-datatype-jdk8-2.11.0.jar;C:\Users\Admin stagiaire.DESKTOP-8967908\.m2\repository\com\fasterxml\jackson\datatype\jackson-datatype-jsr310\2.11.0\jackson-datatype-jsr310-2.11.0.jar;C:\Users\Admin stagiaire.DESKTOP-8967908\.m2\repository\com\fasterxml\jackson\module\jackson-module-parameter-names\2.11.0\jackson-module-parameter-names-2.11.0.jar;C:\Users\Admin stagiaire.DESKTOP-8967908\.m2\repository\org\springframework\boot\spring-boot-starter-tomcat\2.3.1.RELEASE\spring-boot-starter-tomcat-2.3.1.RELEASE.jar;C:\Users\Admin stagiaire.DESKTOP-8967908\.m2\repository\org\apache\tomcat\embed\tomcat-embed-core\9.0.36\tomcat-embed-core-9.0.36.jar;C:\Users\Admin stagiaire.DESKTOP-8967908\.m2\repository\org\glassfish\jakarta.el\3.0.3\jakarta.el-3.0.3.jar;C:\Users\Admin stagiaire.DESKTOP-8967908\.m2\repository\org\apache\tomcat\embed\tomcat-embed-websocket\9.0.36\tomcat-embed-websocket-9.0.36.jar;C:\Users\Admin stagiaire.DESKTOP-8967908\.m2\repository\org\springframework\spring-web\5.2.7.RELEASE\spring-web-5.2.7.RELEASE.jar;C:\Users\Admin stagiaire.DESKTOP-8967908\.m2\repository\org\springframework\spring-webmvc\5.2.7.RELEASE\spring-webmvc-5.2.7.RELEASE.jar;C:\Users\Admin stagiaire.DESKTOP-8967908\.m2\repository\org\springframework\spring-expression\5.2.7.RELEASE\spring-expression-5.2.7.RELEASE.jar;C:\Users\Admin stagiaire.DESKTOP-8967908\.m2\repository\org\springframework\boot\spring-boot-starter-actuator\2.3.1.RELEASE\spring-boot-starter-actuator-2.3.1.RELEASE.jar;C:\Users\Admin stagiaire.DESKTOP-8967908\.m2\repository\org\springframework\boot\spring-boot-actuator-autoconfigure\2.3.1.RELEASE\spring-boot-actuator-autoconfigure-2.3.1.RELEASE.jar;C:\Users\Admin stagiaire.DESKTOP-8967908\.m2\repository\org\springframework\boot\spring-boot-actuator\2.3.1.RELEASE\spring-boot-actuator-2.3.1.RELEASE.jar;C:\Users\Admin stagiaire.DESKTOP-8967908\.m2\repository\io\micrometer\micrometer-core\1.5.1\micrometer-core-1.5.1.jar;C:\Users\Admin stagiaire.DESKTOP-8967908\.m2\repository\org\hdrhistogram\HdrHistogram\2.1.12\HdrHistogram-2.1.12.jar;C:\Users\Admin stagiaire.DESKTOP-8967908\.m2\repository\org\latencyutils\LatencyUtils\2.0.3\LatencyUtils-2.0.3.jar;C:\Users\Admin stagiaire.DESKTOP-8967908\.m2\repository\org\postgresql\postgresql\42.2.14\postgresql-42.2.14.jar;C:\Users\Admin stagiaire.DESKTOP-8967908\.m2\repository\mysql\mysql-connector-java\8.0.20\mysql-connector-java-8.0.20.jar;C:\Users\Admin stagiaire.DESKTOP-8967908\.m2\repository\org\mariadb\jdbc\mariadb-java-client\2.6.0\mariadb-java-client-2.6.0.jar;C:\Users\Admin stagiaire.DESKTOP-8967908\.m2\repository\org\springframework\boot\spring-boot-starter-test\2.3.1.RELEASE\spring-boot-starter-test-2.3.1.RELEASE.jar;C:\Users\Admin stagiaire.DESKTOP-8967908\.m2\repository\org\springframework\boot\spring-boot-test\2.3.1.RELEASE\spring-boot-test-2.3.1.RELEASE.jar;C:\Users\Admin stagiaire.DESKTOP-8967908\.m2\repository\org\springframework\boot\spring-boot-test-autoconfigure\2.3.1.RELEASE\spring-boot-test-autoconfigure-2.3.1.RELEASE.jar;C:\Users\Admin stagiaire.DESKTOP-8967908\.m2\repository\com\jayway\jsonpath\json-path\2.4.0\json-path-2.4.0.jar;C:\Users\Admin stagiaire.DESKTOP-8967908\.m2\repository\net\minidev\json-smart\2.3\json-smart-2.3.jar;C:\Users\Admin stagiaire.DESKTOP-8967908\.m2\repository\net\minidev\accessors-smart\1.2\accessors-smart-1.2.jar;C:\Users\Admin stagiaire.DESKTOP-8967908\.m2\repository\org\ow2\asm\asm\5.0.4\asm-5.0.4.jar;C:\Users\Admin stagiaire.DESKTOP-8967908\.m2\repository\jakarta\xml\bind\jakarta.xml.bind-api\2.3.3\jakarta.xml.bind-api-2.3.3.jar;C:\Users\Admin stagiaire.DESKTOP-8967908\.m2\repository\jakarta\activation\jakarta.activation-api\1.2.2\jakarta.activation-api-1.2.2.jar;C:\Users\Admin stagiaire.DESKTOP-8967908\.m2\repository\org\assertj\assertj-core\3.16.1\assertj-core-3.16.1.jar;C:\Users\Admin stagiaire.DESKTOP-8967908\.m2\repository\org\hamcrest\hamcrest\2.2\hamcrest-2.2.jar;C:\Users\Admin stagiaire.DESKTOP-8967908\.m2\repository\org\junit\jupiter\junit-jupiter\5.6.2\junit-jupiter-5.6.2.jar;C:\Users\Admin stagiaire.DESKTOP-8967908\.m2\repository\org\junit\jupiter\junit-jupiter-api\5.6.2\junit-jupiter-api-5.6.2.jar;C:\Users\Admin stagiaire.DESKTOP-8967908\.m2\repository\org\opentest4j\opentest4j\1.2.0\opentest4j-1.2.0.jar;C:\Users\Admin stagiaire.DESKTOP-8967908\.m2\repository\org\junit\platform\junit-platform-commons\1.6.2\junit-platform-commons-1.6.2.jar;C:\Users\Admin stagiaire.DESKTOP-8967908\.m2\repository\org\junit\jupiter\junit-jupiter-params\5.6.2\junit-jupiter-params-5.6.2.jar;C:\Users\Admin stagiaire.DESKTOP-8967908\.m2\repository\org\junit\jupiter\junit-jupiter-engine\5.6.2\junit-jupiter-engine-5.6.2.jar;C:\Users\Admin stagiaire.DESKTOP-8967908\.m2\repository\org\junit\vintage\junit-vintage-engine\5.6.2\junit-vintage-engine-5.6.2.jar;C:\Users\Admin stagiaire.DESKTOP-8967908\.m2\repository\org\apiguardian\apiguardian-api\1.1.0\apiguardian-api-1.1.0.jar;C:\Users\Admin stagiaire.DESKTOP-8967908\.m2\repository\org\junit\platform\junit-platform-engine\1.6.2\junit-platform-engine-1.6.2.jar;C:\Users\Admin stagiaire.DESKTOP-8967908\.m2\repository\junit\junit\4.13\junit-4.13.jar;C:\Users\Admin stagiaire.DESKTOP-8967908\.m2\repository\org\mockito\mockito-core\3.3.3\mockito-core-3.3.3.jar;C:\Users\Admin stagiaire.DESKTOP-8967908\.m2\repository\net\bytebuddy\byte-buddy-agent\1.10.11\byte-buddy-agent-1.10.11.jar;C:\Users\Admin stagiaire.DESKTOP-8967908\.m2\repository\org\objenesis\objenesis\2.6\objenesis-2.6.jar;C:\Users\Admin stagiaire.DESKTOP-8967908\.m2\repository\org\mockito\mockito-junit-jupiter\3.3.3\mockito-junit-jupiter-3.3.3.jar;C:\Users\Admin stagiaire.DESKTOP-8967908\.m2\repository\org\skyscreamer\jsonassert\1.5.0\jsonassert-1.5.0.jar;C:\Users\Admin stagiaire.DESKTOP-8967908\.m2\repository\com\vaadin\external\google\android-json\0.0.20131108.vaadin1\android-json-0.0.20131108.vaadin1.jar;C:\Users\Admin stagiaire.DESKTOP-8967908\.m2\repository\org\springframework\spring-core\5.2.7.RELEASE\spring-core-5.2.7.RELEASE.jar;C:\Users\Admin stagiaire.DESKTOP-8967908\.m2\repository\org\springframework\spring-jcl\5.2.7.RELEASE\spring-jcl-5.2.7.RELEASE.jar;C:\Users\Admin stagiaire.DESKTOP-8967908\.m2\repository\org\springframework\spring-test\5.2.7.RELEASE\spring-test-5.2.7.RELEASE.jar;C:\Users\Admin stagiaire.DESKTOP-8967908\.m2\repository\org\xmlunit\xmlunit-core\2.7.0\xmlunit-core-2.7.0.jar;C:\Users\Admin stagiaire.DESKTOP-8967908\.m2\repository\org\modelmapper\extensions\modelmapper-spring\3.1.0\modelmapper-spring-3.1.0.jar;C:\Users\Admin stagiaire.DESKTOP-8967908\.m2\repository\org\modelmapper\modelmapper\3.1.0\modelmapper-3.1.0.jar;C:\Users\Admin stagiaire.DESKTOP-8967908\.m2\repository\org\springdoc\springdoc-openapi-ui\1.5.2\springdoc-openapi-ui-1.5.2.jar;C:\Users\Admin stagiaire.DESKTOP-8967908\.m2\repository\org\springdoc\springdoc-openapi-webmvc-core\1.5.2\springdoc-openapi-webmvc-core-1.5.2.jar;C:\Users\Admin stagiaire.DESKTOP-8967908\.m2\repository\org\springdoc\springdoc-openapi-common\1.5.2\springdoc-openapi-common-1.5.2.jar;C:\Users\Admin stagiaire.DESKTOP-8967908\.m2\repository\io\swagger\core\v3\swagger-models\2.1.6\swagger-models-2.1.6.jar;C:\Users\Admin stagiaire.DESKTOP-8967908\.m2\repository\io\swagger\core\v3\swagger-annotations\2.1.6\swagger-annotations-2.1.6.jar;C:\Users\Admin stagiaire.DESKTOP-8967908\.m2\repository\io\swagger\core\v3\swagger-integration\2.1.6\swagger-integration-2.1.6.jar;C:\Users\Admin stagiaire.DESKTOP-8967908\.m2\repository\io\swagger\core\v3\swagger-core\2.1.6\swagger-core-2.1.6.jar;C:\Users\Admin stagiaire.DESKTOP-8967908\.m2\repository\com\fasterxml\jackson\dataformat\jackson-dataformat-yaml\2.11.0\jackson-dataformat-yaml-2.11.0.jar;C:\Users\Admin stagiaire.DESKTOP-8967908\.m2\repository\jakarta\validation\jakarta.validation-api\2.0.2\jakarta.validation-api-2.0.2.jar;C:\Users\Admin stagiaire.DESKTOP-8967908\.m2\repository\io\github\classgraph\classgraph\4.8.69\classgraph-4.8.69.jar;C:\Users\Admin stagiaire.DESKTOP-8967908\.m2\repository\org\apache\commons\commons-lang3\3.10\commons-lang3-3.10.jar;C:\Users\Admin stagiaire.DESKTOP-8967908\.m2\repository\org\webjars\swagger-ui\3.38.0\swagger-ui-3.38.0.jar;C:\Users\Admin stagiaire.DESKTOP-8967908\.m2\repository\org\webjars\webjars-locator-core\0.45\webjars-locator-core-0.45.jar;C:\Users\Admin stagiaire.DESKTOP-8967908\.m2\repository\com\fasterxml\jackson\core\jackson-core\2.11.0\jackson-core-2.11.0.jar;C:\Users\Admin stagiaire.DESKTOP-8967908\.m2\repository\io\jsonwebtoken\jjwt\0.9.1\jjwt-0.9.1.jar;C:\Users\Admin stagiaire.DESKTOP-8967908\.m2\repository\com\fasterxml\jackson\core\jackson-databind\2.11.0\jackson-databind-2.11.0.jar;C:\Users\Admin stagiaire.DESKTOP-8967908\.m2\repository\com\fasterxml\jackson\core\jackson-annotations\2.11.0\jackson-annotations-2.11.0.jar;C:\Users\Admin stagiaire.DESKTOP-8967908\.m2\repository\org\springframework\boot\spring-boot-starter-mail\2.3.1.RELEASE\spring-boot-starter-mail-2.3.1.RELEASE.jar;C:\Users\Admin stagiaire.DESKTOP-8967908\.m2\repository\org\springframework\spring-context-support\5.2.7.RELEASE\spring-context-support-5.2.7.RELEASE.jar;C:\Users\Admin stagiaire.DESKTOP-8967908\.m2\repository\com\sun\mail\jakarta.mail\1.6.5\jakarta.mail-1.6.5.jar;C:\Users\Admin stagiaire.DESKTOP-8967908\.m2\repository\com\sun\activation\jakarta.activation\1.2.2\jakarta.activation-1.2.2.jar;C:\Users\Admin stagiaire.DESKTOP-8967908\.m2\repository\com\univocity\univocity-parsers\2.9.1\univocity-parsers-2.9.1.jar;"/>
    <property name="java.vm.vendor" value="Eclipse Adoptium"/>
    <property name="sun.arch.data.model" value="64"/>
    <property name="user.variant" value=""/>
    <property name="java.vendor.url" value="https://adoptium.net/"/>
    <property name="user.timezone" value="Europe/Paris"/>
    <property name="os.name" value="Windows 10"/>
    <property name="java.vm.specification.version" value="17"/>
    <property name="sun.java.launcher" value="SUN_STANDARD"/>
    <property name="user.country" value="FR"/>
    <property name="sun.boot.library.path" value="C:\Users\Admin stagiaire.DESKTOP-8967908\Downloads\sts-4.13.0.RELEASE\plugins\org.eclipse.justj.openjdk.hotspot.jre.full.win32.x86_64_17.0.1.v20211116-1657\jre\bin"/>
    <property name="sun.java.command" value="C:\Users\Admin stagiaire.DESKTOP-8967908\AppData\Local\Temp\surefire12862192799609898211\surefirebooter14491113846131624768.jar C:\Users\Admin stagiaire.DESKTOP-8967908\AppData\Local\Temp\surefire12862192799609898211 2022-06-06T09-11-12_099-jvmRun1 surefire11602114762699441055tmp surefire_018161322768866661923tmp"/>
    <property name="jdk.debug" value="release"/>
    <property name="surefire.test.class.path" value="C:\Users\Admin stagiaire.DESKTOP-8967908\Desktop\cfa-portal-api\target\test-classes;C:\Users\Admin stagiaire.DESKTOP-8967908\Desktop\cfa-portal-api\target\classes;C:\Users\Admin stagiaire.DESKTOP-8967908\.m2\repository\org\mapstruct\mapstruct\1.4.2.Final\mapstruct-1.4.2.Final.jar;C:\Users\Admin stagiaire.DESKTOP-8967908\.m2\repository\org\springframework\boot\spring-boot-starter-data-jpa\2.3.1.RELEASE\spring-boot-starter-data-jpa-2.3.1.RELEASE.jar;C:\Users\Admin stagiaire.DESKTOP-8967908\.m2\repository\org\springframework\boot\spring-boot-starter-aop\2.3.1.RELEASE\spring-boot-starter-aop-2.3.1.RELEASE.jar;C:\Users\Admin stagiaire.DESKTOP-8967908\.m2\repository\org\springframework\spring-aop\5.2.7.RELEASE\spring-aop-5.2.7.RELEASE.jar;C:\Users\Admin stagiaire.DESKTOP-8967908\.m2\repository\org\aspectj\aspectjweaver\1.9.5\aspectjweaver-1.9.5.jar;C:\Users\Admin stagiaire.DESKTOP-8967908\.m2\repository\org\springframework\boot\spring-boot-starter-jdbc\2.3.1.RELEASE\spring-boot-starter-jdbc-2.3.1.RELEASE.jar;C:\Users\Admin stagiaire.DESKTOP-8967908\.m2\repository\com\zaxxer\HikariCP\3.4.5\HikariCP-3.4.5.jar;C:\Users\Admin stagiaire.DESKTOP-8967908\.m2\repository\org\springframework\spring-jdbc\5.2.7.RELEASE\spring-jdbc-5.2.7.RELEASE.jar;C:\Users\Admin stagiaire.DESKTOP-8967908\.m2\repository\jakarta\transaction\jakarta.transaction-api\1.3.3\jakarta.transaction-api-1.3.3.jar;C:\Users\Admin stagiaire.DESKTOP-8967908\.m2\repository\jakarta\persistence\jakarta.persistence-api\2.2.3\jakarta.persistence-api-2.2.3.jar;C:\Users\Admin stagiaire.DESKTOP-8967908\.m2\repository\org\hibernate\hibernate-core\5.4.17.Final\hibernate-core-5.4.17.Final.jar;C:\Users\Admin stagiaire.DESKTOP-8967908\.m2\repository\org\jboss\logging\jboss-logging\3.4.1.Final\jboss-logging-3.4.1.Final.jar;C:\Users\Admin stagiaire.DESKTOP-8967908\.m2\repository\org\javassist\javassist\3.24.0-GA\javassist-3.24.0-GA.jar;C:\Users\Admin stagiaire.DESKTOP-8967908\.m2\repository\net\bytebuddy\byte-buddy\1.10.11\byte-buddy-1.10.11.jar;C:\Users\Admin stagiaire.DESKTOP-8967908\.m2\repository\antlr\antlr\2.7.7\antlr-2.7.7.jar;C:\Users\Admin stagiaire.DESKTOP-8967908\.m2\repository\org\jboss\jandex\2.1.3.Final\jandex-2.1.3.Final.jar;C:\Users\Admin stagiaire.DESKTOP-8967908\.m2\repository\com\fasterxml\classmate\1.5.1\classmate-1.5.1.jar;C:\Users\Admin stagiaire.DESKTOP-8967908\.m2\repository\org\dom4j\dom4j\2.1.3\dom4j-2.1.3.jar;C:\Users\Admin stagiaire.DESKTOP-8967908\.m2\repository\org\hibernate\common\hibernate-commons-annotations\5.1.0.Final\hibernate-commons-annotations-5.1.0.Final.jar;C:\Users\Admin stagiaire.DESKTOP-8967908\.m2\repository\org\glassfish\jaxb\jaxb-runtime\2.3.3\jaxb-runtime-2.3.3.jar;C:\Users\Admin stagiaire.DESKTOP-8967908\.m2\repository\org\glassfish\jaxb\txw2\2.3.3\txw2-2.3.3.jar;C:\Users\Admin stagiaire.DESKTOP-8967908\.m2\repository\com\sun\istack\istack-commons-runtime\3.0.11\istack-commons-runtime-3.0.11.jar;C:\Users\Admin stagiaire.DESKTOP-8967908\.m2\repository\org\springframework\data\spring-data-jpa\2.3.1.RELEASE\spring-data-jpa-2.3.1.RELEASE.jar;C:\Users\Admin stagiaire.DESKTOP-8967908\.m2\repository\org\springframework\data\spring-data-commons\2.3.1.RELEASE\spring-data-commons-2.3.1.RELEASE.jar;C:\Users\Admin stagiaire.DESKTOP-8967908\.m2\repository\org\springframework\spring-orm\5.2.7.RELEASE\spring-orm-5.2.7.RELEASE.jar;C:\Users\Admin stagiaire.DESKTOP-8967908\.m2\repository\org\springframework\spring-context\5.2.7.RELEASE\spring-context-5.2.7.RELEASE.jar;C:\Users\Admin stagiaire.DESKTOP-8967908\.m2\repository\org\springframework\spring-tx\5.2.7.RELEASE\spring-tx-5.2.7.RELEASE.jar;C:\Users\Admin stagiaire.DESKTOP-8967908\.m2\repository\org\springframework\spring-beans\5.2.7.RELEASE\spring-beans-5.2.7.RELEASE.jar;C:\Users\Admin stagiaire.DESKTOP-8967908\.m2\repository\org\slf4j\slf4j-api\1.7.30\slf4j-api-1.7.30.jar;C:\Users\Admin stagiaire.DESKTOP-8967908\.m2\repository\org\springframework\spring-aspects\5.2.7.RELEASE\spring-aspects-5.2.7.RELEASE.jar;C:\Users\Admin stagiaire.DESKTOP-8967908\.m2\repository\org\springframework\boot\spring-boot-starter-web\2.3.1.RELEASE\spring-boot-starter-web-2.3.1.RELEASE.jar;C:\Users\Admin stagiaire.DESKTOP-8967908\.m2\repository\org\springframework\boot\spring-boot-starter\2.3.1.RELEASE\spring-boot-starter-2.3.1.RELEASE.jar;C:\Users\Admin stagiaire.DESKTOP-8967908\.m2\repository\org\springframework\boot\spring-boot\2.3.1.RELEASE\spring-boot-2.3.1.RELEASE.jar;C:\Users\Admin stagiaire.DESKTOP-8967908\.m2\repository\org\springframework\boot\spring-boot-autoconfigure\2.3.1.RELEASE\spring-boot-autoconfigure-2.3.1.RELEASE.jar;C:\Users\Admin stagiaire.DESKTOP-8967908\.m2\repository\org\springframework\boot\spring-boot-starter-logging\2.3.1.RELEASE\spring-boot-starter-logging-2.3.1.RELEASE.jar;C:\Users\Admin stagiaire.DESKTOP-8967908\.m2\repository\ch\qos\logback\logback-classic\1.2.3\logback-classic-1.2.3.jar;C:\Users\Admin stagiaire.DESKTOP-8967908\.m2\repository\ch\qos\logback\logback-core\1.2.3\logback-core-1.2.3.jar;C:\Users\Admin stagiaire.DESKTOP-8967908\.m2\repository\org\apache\logging\log4j\log4j-to-slf4j\2.13.3\log4j-to-slf4j-2.13.3.jar;C:\Users\Admin stagiaire.DESKTOP-8967908\.m2\repository\org\apache\logging\log4j\log4j-api\2.13.3\log4j-api-2.13.3.jar;C:\Users\Admin stagiaire.DESKTOP-8967908\.m2\repository\org\slf4j\jul-to-slf4j\1.7.30\jul-to-slf4j-1.7.30.jar;C:\Users\Admin stagiaire.DESKTOP-8967908\.m2\repository\jakarta\annotation\jakarta.annotation-api\1.3.5\jakarta.annotation-api-1.3.5.jar;C:\Users\Admin stagiaire.DESKTOP-8967908\.m2\repository\org\yaml\snakeyaml\1.26\snakeyaml-1.26.jar;C:\Users\Admin stagiaire.DESKTOP-8967908\.m2\repository\org\springframework\boot\spring-boot-starter-json\2.3.1.RELEASE\spring-boot-starter-json-2.3.1.RELEASE.jar;C:\Users\Admin stagiaire.DESKTOP-8967908\.m2\repository\com\fasterxml\jackson\datatype\jackson-datatype-jdk8\2.11.0\jackson-datatype-jdk8-2.11.0.jar;C:\Users\Admin stagiaire.DESKTOP-8967908\.m2\repository\com\fasterxml\jackson\datatype\jackson-datatype-jsr310\2.11.0\jackson-datatype-jsr310-2.11.0.jar;C:\Users\Admin stagiaire.DESKTOP-8967908\.m2\repository\com\fasterxml\jackson\module\jackson-module-parameter-names\2.11.0\jackson-module-parameter-names-2.11.0.jar;C:\Users\Admin stagiaire.DESKTOP-8967908\.m2\repository\org\springframework\boot\spring-boot-starter-tomcat\2.3.1.RELEASE\spring-boot-starter-tomcat-2.3.1.RELEASE.jar;C:\Users\Admin stagiaire.DESKTOP-8967908\.m2\repository\org\apache\tomcat\embed\tomcat-embed-core\9.0.36\tomcat-embed-core-9.0.36.jar;C:\Users\Admin stagiaire.DESKTOP-8967908\.m2\repository\org\glassfish\jakarta.el\3.0.3\jakarta.el-3.0.3.jar;C:\Users\Admin stagiaire.DESKTOP-8967908\.m2\repository\org\apache\tomcat\embed\tomcat-embed-websocket\9.0.36\tomcat-embed-websocket-9.0.36.jar;C:\Users\Admin stagiaire.DESKTOP-8967908\.m2\repository\org\springframework\spring-web\5.2.7.RELEASE\spring-web-5.2.7.RELEASE.jar;C:\Users\Admin stagiaire.DESKTOP-8967908\.m2\repository\org\springframework\spring-webmvc\5.2.7.RELEASE\spring-webmvc-5.2.7.RELEASE.jar;C:\Users\Admin stagiaire.DESKTOP-8967908\.m2\repository\org\springframework\spring-expression\5.2.7.RELEASE\spring-expression-5.2.7.RELEASE.jar;C:\Users\Admin stagiaire.DESKTOP-8967908\.m2\repository\org\springframework\boot\spring-boot-starter-actuator\2.3.1.RELEASE\spring-boot-starter-actuator-2.3.1.RELEASE.jar;C:\Users\Admin stagiaire.DESKTOP-8967908\.m2\repository\org\springframework\boot\spring-boot-actuator-autoconfigure\2.3.1.RELEASE\spring-boot-actuator-autoconfigure-2.3.1.RELEASE.jar;C:\Users\Admin stagiaire.DESKTOP-8967908\.m2\repository\org\springframework\boot\spring-boot-actuator\2.3.1.RELEASE\spring-boot-actuator-2.3.1.RELEASE.jar;C:\Users\Admin stagiaire.DESKTOP-8967908\.m2\repository\io\micrometer\micrometer-core\1.5.1\micrometer-core-1.5.1.jar;C:\Users\Admin stagiaire.DESKTOP-8967908\.m2\repository\org\hdrhistogram\HdrHistogram\2.1.12\HdrHistogram-2.1.12.jar;C:\Users\Admin stagiaire.DESKTOP-8967908\.m2\repository\org\latencyutils\LatencyUtils\2.0.3\LatencyUtils-2.0.3.jar;C:\Users\Admin stagiaire.DESKTOP-8967908\.m2\repository\org\postgresql\postgresql\42.2.14\postgresql-42.2.14.jar;C:\Users\Admin stagiaire.DESKTOP-8967908\.m2\repository\mysql\mysql-connector-java\8.0.20\mysql-connector-java-8.0.20.jar;C:\Users\Admin stagiaire.DESKTOP-8967908\.m2\repository\org\mariadb\jdbc\mariadb-java-client\2.6.0\mariadb-java-client-2.6.0.jar;C:\Users\Admin stagiaire.DESKTOP-8967908\.m2\repository\org\springframework\boot\spring-boot-starter-test\2.3.1.RELEASE\spring-boot-starter-test-2.3.1.RELEASE.jar;C:\Users\Admin stagiaire.DESKTOP-8967908\.m2\repository\org\springframework\boot\spring-boot-test\2.3.1.RELEASE\spring-boot-test-2.3.1.RELEASE.jar;C:\Users\Admin stagiaire.DESKTOP-8967908\.m2\repository\org\springframework\boot\spring-boot-test-autoconfigure\2.3.1.RELEASE\spring-boot-test-autoconfigure-2.3.1.RELEASE.jar;C:\Users\Admin stagiaire.DESKTOP-8967908\.m2\repository\com\jayway\jsonpath\json-path\2.4.0\json-path-2.4.0.jar;C:\Users\Admin stagiaire.DESKTOP-8967908\.m2\repository\net\minidev\json-smart\2.3\json-smart-2.3.jar;C:\Users\Admin stagiaire.DESKTOP-8967908\.m2\repository\net\minidev\accessors-smart\1.2\accessors-smart-1.2.jar;C:\Users\Admin stagiaire.DESKTOP-8967908\.m2\repository\org\ow2\asm\asm\5.0.4\asm-5.0.4.jar;C:\Users\Admin stagiaire.DESKTOP-8967908\.m2\repository\jakarta\xml\bind\jakarta.xml.bind-api\2.3.3\jakarta.xml.bind-api-2.3.3.jar;C:\Users\Admin stagiaire.DESKTOP-8967908\.m2\repository\jakarta\activation\jakarta.activation-api\1.2.2\jakarta.activation-api-1.2.2.jar;C:\Users\Admin stagiaire.DESKTOP-8967908\.m2\repository\org\assertj\assertj-core\3.16.1\assertj-core-3.16.1.jar;C:\Users\Admin stagiaire.DESKTOP-8967908\.m2\repository\org\hamcrest\hamcrest\2.2\hamcrest-2.2.jar;C:\Users\Admin stagiaire.DESKTOP-8967908\.m2\repository\org\junit\jupiter\junit-jupiter\5.6.2\junit-jupiter-5.6.2.jar;C:\Users\Admin stagiaire.DESKTOP-8967908\.m2\repository\org\junit\jupiter\junit-jupiter-api\5.6.2\junit-jupiter-api-5.6.2.jar;C:\Users\Admin stagiaire.DESKTOP-8967908\.m2\repository\org\opentest4j\opentest4j\1.2.0\opentest4j-1.2.0.jar;C:\Users\Admin stagiaire.DESKTOP-8967908\.m2\repository\org\junit\platform\junit-platform-commons\1.6.2\junit-platform-commons-1.6.2.jar;C:\Users\Admin stagiaire.DESKTOP-8967908\.m2\repository\org\junit\jupiter\junit-jupiter-params\5.6.2\junit-jupiter-params-5.6.2.jar;C:\Users\Admin stagiaire.DESKTOP-8967908\.m2\repository\org\junit\jupiter\junit-jupiter-engine\5.6.2\junit-jupiter-engine-5.6.2.jar;C:\Users\Admin stagiaire.DESKTOP-8967908\.m2\repository\org\junit\vintage\junit-vintage-engine\5.6.2\junit-vintage-engine-5.6.2.jar;C:\Users\Admin stagiaire.DESKTOP-8967908\.m2\repository\org\apiguardian\apiguardian-api\1.1.0\apiguardian-api-1.1.0.jar;C:\Users\Admin stagiaire.DESKTOP-8967908\.m2\repository\org\junit\platform\junit-platform-engine\1.6.2\junit-platform-engine-1.6.2.jar;C:\Users\Admin stagiaire.DESKTOP-8967908\.m2\repository\junit\junit\4.13\junit-4.13.jar;C:\Users\Admin stagiaire.DESKTOP-8967908\.m2\repository\org\mockito\mockito-core\3.3.3\mockito-core-3.3.3.jar;C:\Users\Admin stagiaire.DESKTOP-8967908\.m2\repository\net\bytebuddy\byte-buddy-agent\1.10.11\byte-buddy-agent-1.10.11.jar;C:\Users\Admin stagiaire.DESKTOP-8967908\.m2\repository\org\objenesis\objenesis\2.6\objenesis-2.6.jar;C:\Users\Admin stagiaire.DESKTOP-8967908\.m2\repository\org\mockito\mockito-junit-jupiter\3.3.3\mockito-junit-jupiter-3.3.3.jar;C:\Users\Admin stagiaire.DESKTOP-8967908\.m2\repository\org\skyscreamer\jsonassert\1.5.0\jsonassert-1.5.0.jar;C:\Users\Admin stagiaire.DESKTOP-8967908\.m2\repository\com\vaadin\external\google\android-json\0.0.20131108.vaadin1\android-json-0.0.20131108.vaadin1.jar;C:\Users\Admin stagiaire.DESKTOP-8967908\.m2\repository\org\springframework\spring-core\5.2.7.RELEASE\spring-core-5.2.7.RELEASE.jar;C:\Users\Admin stagiaire.DESKTOP-8967908\.m2\repository\org\springframework\spring-jcl\5.2.7.RELEASE\spring-jcl-5.2.7.RELEASE.jar;C:\Users\Admin stagiaire.DESKTOP-8967908\.m2\repository\org\springframework\spring-test\5.2.7.RELEASE\spring-test-5.2.7.RELEASE.jar;C:\Users\Admin stagiaire.DESKTOP-8967908\.m2\repository\org\xmlunit\xmlunit-core\2.7.0\xmlunit-core-2.7.0.jar;C:\Users\Admin stagiaire.DESKTOP-8967908\.m2\repository\org\modelmapper\extensions\modelmapper-spring\3.1.0\modelmapper-spring-3.1.0.jar;C:\Users\Admin stagiaire.DESKTOP-8967908\.m2\repository\org\modelmapper\modelmapper\3.1.0\modelmapper-3.1.0.jar;C:\Users\Admin stagiaire.DESKTOP-8967908\.m2\repository\org\springdoc\springdoc-openapi-ui\1.5.2\springdoc-openapi-ui-1.5.2.jar;C:\Users\Admin stagiaire.DESKTOP-8967908\.m2\repository\org\springdoc\springdoc-openapi-webmvc-core\1.5.2\springdoc-openapi-webmvc-core-1.5.2.jar;C:\Users\Admin stagiaire.DESKTOP-8967908\.m2\repository\org\springdoc\springdoc-openapi-common\1.5.2\springdoc-openapi-common-1.5.2.jar;C:\Users\Admin stagiaire.DESKTOP-8967908\.m2\repository\io\swagger\core\v3\swagger-models\2.1.6\swagger-models-2.1.6.jar;C:\Users\Admin stagiaire.DESKTOP-8967908\.m2\repository\io\swagger\core\v3\swagger-annotations\2.1.6\swagger-annotations-2.1.6.jar;C:\Users\Admin stagiaire.DESKTOP-8967908\.m2\repository\io\swagger\core\v3\swagger-integration\2.1.6\swagger-integration-2.1.6.jar;C:\Users\Admin stagiaire.DESKTOP-8967908\.m2\repository\io\swagger\core\v3\swagger-core\2.1.6\swagger-core-2.1.6.jar;C:\Users\Admin stagiaire.DESKTOP-8967908\.m2\repository\com\fasterxml\jackson\dataformat\jackson-dataformat-yaml\2.11.0\jackson-dataformat-yaml-2.11.0.jar;C:\Users\Admin stagiaire.DESKTOP-8967908\.m2\repository\jakarta\validation\jakarta.validation-api\2.0.2\jakarta.validation-api-2.0.2.jar;C:\Users\Admin stagiaire.DESKTOP-8967908\.m2\repository\io\github\classgraph\classgraph\4.8.69\classgraph-4.8.69.jar;C:\Users\Admin stagiaire.DESKTOP-8967908\.m2\repository\org\apache\commons\commons-lang3\3.10\commons-lang3-3.10.jar;C:\Users\Admin stagiaire.DESKTOP-8967908\.m2\repository\org\webjars\swagger-ui\3.38.0\swagger-ui-3.38.0.jar;C:\Users\Admin stagiaire.DESKTOP-8967908\.m2\repository\org\webjars\webjars-locator-core\0.45\webjars-locator-core-0.45.jar;C:\Users\Admin stagiaire.DESKTOP-8967908\.m2\repository\com\fasterxml\jackson\core\jackson-core\2.11.0\jackson-core-2.11.0.jar;C:\Users\Admin stagiaire.DESKTOP-8967908\.m2\repository\io\jsonwebtoken\jjwt\0.9.1\jjwt-0.9.1.jar;C:\Users\Admin stagiaire.DESKTOP-8967908\.m2\repository\com\fasterxml\jackson\core\jackson-databind\2.11.0\jackson-databind-2.11.0.jar;C:\Users\Admin stagiaire.DESKTOP-8967908\.m2\repository\com\fasterxml\jackson\core\jackson-annotations\2.11.0\jackson-annotations-2.11.0.jar;C:\Users\Admin stagiaire.DESKTOP-8967908\.m2\repository\org\springframework\boot\spring-boot-starter-mail\2.3.1.RELEASE\spring-boot-starter-mail-2.3.1.RELEASE.jar;C:\Users\Admin stagiaire.DESKTOP-8967908\.m2\repository\org\springframework\spring-context-support\5.2.7.RELEASE\spring-context-support-5.2.7.RELEASE.jar;C:\Users\Admin stagiaire.DESKTOP-8967908\.m2\repository\com\sun\mail\jakarta.mail\1.6.5\jakarta.mail-1.6.5.jar;C:\Users\Admin stagiaire.DESKTOP-8967908\.m2\repository\com\sun\activation\jakarta.activation\1.2.2\jakarta.activation-1.2.2.jar;C:\Users\Admin stagiaire.DESKTOP-8967908\.m2\repository\com\univocity\univocity-parsers\2.9.1\univocity-parsers-2.9.1.jar;"/>
    <property name="sun.cpu.endian" value="little"/>
    <property name="user.home" value="C:\Users\Admin stagiaire.DESKTOP-8967908"/>
    <property name="user.language" value="fr"/>
    <property name="java.specification.vendor" value="Oracle Corporation"/>
    <property name="java.version.date" value="2021-10-19"/>
    <property name="java.home" value="C:\Users\Admin stagiaire.DESKTOP-8967908\Downloads\sts-4.13.0.RELEASE\plugins\org.eclipse.justj.openjdk.hotspot.jre.full.win32.x86_64_17.0.1.v20211116-1657\jre"/>
    <property name="file.separator" value="\"/>
    <property name="style.color" value="always"/>
    <property name="basedir" value="C:\Users\Admin stagiaire.DESKTOP-8967908\Desktop\cfa-portal-api"/>
    <property name="java.vm.compressedOopsMode" value="Zero based"/>
    <property name="line.separator" value="&#10;"/>
    <property name="java.vm.specification.vendor" value="Oracle Corporation"/>
    <property name="java.specification.name" value="Java Platform API Specification"/>
    <property name="surefire.real.class.path" value="C:\Users\Admin stagiaire.DESKTOP-8967908\AppData\Local\Temp\surefire12862192799609898211\surefirebooter14491113846131624768.jar"/>
    <property name="user.script" value=""/>
    <property name="sun.management.compiler" value="HotSpot 64-Bit Tiered Compilers"/>
    <property name="java.runtime.version" value="17.0.1+12"/>
    <property name="user.name" value="Admin stagiaire"/>
    <property name="path.separator" value=";"/>
    <property name="os.version" value="10.0"/>
    <property name="java.runtime.name" value="OpenJDK Runtime Environment"/>
    <property name="file.encoding" value="Cp1252"/>
    <property name="java.vm.name" value="OpenJDK 64-Bit Server VM"/>
    <property name="java.vendor.version" value="Temurin-17.0.1+12"/>
    <property name="localRepository" value="C:\Users\Admin stagiaire.DESKTOP-8967908\.m2\repository"/>
    <property name="java.vendor.url.bug" value="https://github.com/adoptium/adoptium-support/issues"/>
    <property name="java.io.tmpdir" value="C:\Users\Admin stagiaire.DESKTOP-8967908\AppData\Local\Temp\"/>
    <property name="java.version" value="17.0.1"/>
    <property name="user.dir" value="C:\Users\Admin stagiaire.DESKTOP-8967908\Desktop\cfa-portal-api"/>
    <property name="os.arch" value="amd64"/>
    <property name="java.vm.specification.name" value="Java Virtual Machine Specification"/>
    <property name="sun.os.patch.level" value=""/>
    <property name="native.encoding" value="Cp1252"/>
    <property name="java.library.path" value="C:\Users\Admin stagiaire.DESKTOP-8967908\Downloads\sts-4.13.0.RELEASE\plugins\org.eclipse.justj.openjdk.hotspot.jre.full.win32.x86_64_17.0.1.v20211116-1657\jre\bin;C:\WINDOWS\Sun\Java\bin;C:\WINDOWS\system32;C:\WINDOWS;C:/Users/Admin stagiaire.DESKTOP-8967908/Downloads/sts-4.13.0.RELEASE//plugins/org.eclipse.justj.openjdk.hotspot.jre.full.win32.x86_64_17.0.1.v20211116-1657/jre/bin/server;C:/Users/Admin stagiaire.DESKTOP-8967908/Downloads/sts-4.13.0.RELEASE//plugins/org.eclipse.justj.openjdk.hotspot.jre.full.win32.x86_64_17.0.1.v20211116-1657/jre/bin;C:\Program Files\Java\jdk-11.0.1\bin;C:\Maven\apache-maven-3.8.4-bin\apache-maven-3.8.4\bin;C:\Program Files (x86)\Common Files\Oracle\Java\javapath;C:\Windows\system32;C:\Windows;C:\Windows\System32\Wbem;C:\Windows\System32\WindowsPowerShell\v1.0\;C:\Windows\System32\OpenSSH\;C:\ProgramData\chocolatey\bin;C:\Users\Admin\AppData\Local\Microsoft\WindowsApps;C:\Program Files\Git\bin;C:\Program Files\Oracle\VirtualBox;C:\Program Files\Intel\WiFi\bin\;C:\Program Files\Common Files\Intel\WirelessCommon\;C:\Program Files (x86)\NVIDIA Corporation\PhysX\Common;C:\Program Files (x86)\Intel\Intel(R) Management Engine Components\DAL;C:\Program Files\Intel\Intel(R) Management Engine Components\DAL;C:\WINDOWS\system32;C:\WINDOWS;C:\WINDOWS\System32\Wbem;C:\WINDOWS\System32\WindowsPowerShell\v1.0\;C:\WINDOWS\System32\OpenSSH\;C:\Program Files\Microsoft SQL Server\130\Tools\Binn\;C:\Program Files\Microsoft SQL Server\Client SDK\ODBC\170\Tools\Binn\;C:\Program Files (x86)\Microsoft SQL Server\150\DTS\Binn\;C:\Program Files\Azure Data Studio\bin;C:\Program Files (x86)\Microsoft SQL Server\150\Tools\Binn\;C:\Program Files\Microsoft SQL Server\150\Tools\Binn\;C:\Program Files\Microsoft SQL Server\150\DTS\Binn\;C:\Program Files\dotnet\;C:\HashiCorp\Vagrant\bin;C:\Users\Admin stagiaire.DESKTOP-8967908\AppData\Roaming\nvm;C:\Program Files\nodejs;C:\Program Files (x86)\dotnet\;C:\Users\Admin stagiaire.DESKTOP-8967908\AppData\Local\Microsoft\WindowsApps;C:\Users\Admin stagiaire.DESKTOP-8967908\AppData\Local\Programs\Microsoft VS Code\bin;C:\Program Files\Azure Data Studio\bin;C:\Users\Admin stagiaire.DESKTOP-8967908\.dotnet\tools;C:\Users\Admin stagiaire.DESKTOP-8967908\AppData\Roaming\npm;C:\Users\Admin stagiaire.DESKTOP-8967908\AppData\Roaming\nvm;C:\Program Files\nodejs;C:\Users\Admin stagiaire.DESKTOP-8967908\Downloads\sts-4.13.0.RELEASE;;."/>
    <property name="java.vm.info" value="mixed mode"/>
    <property name="java.vendor" value="Eclipse Adoptium"/>
    <property name="java.vm.version" value="17.0.1+12"/>
    <property name="sun.io.unicode.encoding" value="UnicodeLittle"/>
    <property name="java.class.version" value="61.0"/>
  </properties>
  <testcase name="testSave" classname="fr.dawan.AppliCFABack.Controller.AbsenceControllerTest" time="0.01">
    <error message="Index 0 out of bounds for length 0" type="java.lang.IndexOutOfBoundsException">java.lang.IndexOutOfBoundsException: Index 0 out of bounds for length 0
	at fr.dawan.AppliCFABack.Controller.AbsenceControllerTest.testSave(AbsenceControllerTest.java:93)
</error>
    <system-out><![CDATA[2022-06-06 09:11:21.140  INFO 3248 --- [           main] .b.t.c.SpringBootTestContextBootstrapper : Neither @ContextConfiguration nor @ContextHierarchy found for test class [fr.dawan.AppliCFABack.Controller.AbsenceControllerTest], using SpringBootContextLoader
2022-06-06 09:11:21.141  INFO 3248 --- [           main] o.s.t.c.support.AbstractContextLoader    : Could not detect default resource locations for test class [fr.dawan.AppliCFABack.Controller.AbsenceControllerTest]: no resource found for suffixes {-context.xml, Context.groovy}.
2022-06-06 09:11:21.142  INFO 3248 --- [           main] t.c.s.AnnotationConfigContextLoaderUtils : Could not detect default configuration classes for test class [fr.dawan.AppliCFABack.Controller.AbsenceControllerTest]: AbsenceControllerTest does not declare any static, non-private, non-final, nested classes annotated with @Configuration.
2022-06-06 09:11:21.170  INFO 3248 --- [           main] .b.t.c.SpringBootTestContextBootstrapper : Found @SpringBootConfiguration fr.dawan.AppliCFABack.AppliCfaBackApplication for test class fr.dawan.AppliCFABack.Controller.AbsenceControllerTest
2022-06-06 09:11:21.172  INFO 3248 --- [           main] .b.t.c.SpringBootTestContextBootstrapper : Loaded default TestExecutionListener class names from location [META-INF/spring.factories]: [org.springframework.boot.test.mock.mockito.MockitoTestExecutionListener, org.springframework.boot.test.mock.mockito.ResetMocksTestExecutionListener, org.springframework.boot.test.autoconfigure.restdocs.RestDocsTestExecutionListener, org.springframework.boot.test.autoconfigure.web.client.MockRestServiceServerResetTestExecutionListener, org.springframework.boot.test.autoconfigure.web.servlet.MockMvcPrintOnlyOnFailureTestExecutionListener, org.springframework.boot.test.autoconfigure.web.servlet.WebDriverTestExecutionListener, org.springframework.boot.test.autoconfigure.webservices.client.MockWebServiceServerTestExecutionListener, org.springframework.test.context.web.ServletTestExecutionListener, org.springframework.test.context.support.DirtiesContextBeforeModesTestExecutionListener, org.springframework.test.context.support.DependencyInjectionTestExecutionListener, org.springframework.test.context.support.DirtiesContextTestExecutionListener, org.springframework.test.context.transaction.TransactionalTestExecutionListener, org.springframework.test.context.jdbc.SqlScriptsTestExecutionListener, org.springframework.test.context.event.EventPublishingTestExecutionListener]
2022-06-06 09:11:21.173  INFO 3248 --- [           main] .b.t.c.SpringBootTestContextBootstrapper : Using TestExecutionListeners: [org.springframework.test.context.web.ServletTestExecutionListener@5b3a8bea, org.springframework.test.context.support.DirtiesContextBeforeModesTestExecutionListener@6ba0dcba, org.springframework.boot.test.mock.mockito.MockitoTestExecutionListener@6d7772d3, org.springframework.boot.test.autoconfigure.SpringBootDependencyInjectionTestExecutionListener@38394e76, org.springframework.test.context.support.DirtiesContextTestExecutionListener@37d3e740, org.springframework.test.context.transaction.TransactionalTestExecutionListener@5afba80c, org.springframework.test.context.jdbc.SqlScriptsTestExecutionListener@c4ca86a, org.springframework.test.context.event.EventPublishingTestExecutionListener@7e741d6b, org.springframework.boot.test.mock.mockito.ResetMocksTestExecutionListener@56351c02, org.springframework.boot.test.autoconfigure.restdocs.RestDocsTestExecutionListener@51097500, org.springframework.boot.test.autoconfigure.web.client.MockRestServiceServerResetTestExecutionListener@386f88b3, org.springframework.boot.test.autoconfigure.web.servlet.MockMvcPrintOnlyOnFailureTestExecutionListener@662e5590, org.springframework.boot.test.autoconfigure.web.servlet.WebDriverTestExecutionListener@1885905b, org.springframework.boot.test.autoconfigure.webservices.client.MockWebServiceServerTestExecutionListener@23e573e]

  .   ____          _            __ _ _
 /\\ / ___'_ __ _ _(_)_ __  __ _ \ \ \ \
( ( )\___ | '_ | '_| | '_ \/ _` | \ \ \ \
 \\/  ___)| |_)| | | | | || (_| |  ) ) ) )
  '  |____| .__|_| |_|_| |_\__, | / / / /
 =========|_|==============|___/=/_/_/_/
 :: Spring Boot ::        (v2.3.1.RELEASE)

2022-06-06 09:11:21.197  INFO 3248 --- [           main] f.d.A.Controller.AbsenceControllerTest   : Starting AbsenceControllerTest on PG77700-BJLMHX2 with PID 3248 (started by Admin stagiaire in C:\Users\Admin stagiaire.DESKTOP-8967908\Desktop\cfa-portal-api)
2022-06-06 09:11:21.197  INFO 3248 --- [           main] f.d.A.Controller.AbsenceControllerTest   : No active profile set, falling back to default profiles: default
2022-06-06 09:11:21.783  INFO 3248 --- [           main] .s.d.r.c.RepositoryConfigurationDelegate : Bootstrapping Spring Data JPA repositories in DEFERRED mode.
2022-06-06 09:11:21.884  INFO 3248 --- [           main] .s.d.r.c.RepositoryConfigurationDelegate : Finished Spring Data repository scanning in 100ms. Found 34 JPA repository interfaces.
2022-06-06 09:11:22.126  INFO 3248 --- [           main] o.s.s.concurrent.ThreadPoolTaskExecutor  : Initializing ExecutorService 'applicationTaskExecutor'
2022-06-06 09:11:22.166  INFO 3248 --- [         task-1] o.hibernate.jpa.internal.util.LogHelper  : HHH000204: Processing PersistenceUnitInfo [name: default]
2022-06-06 09:11:22.174  INFO 3248 --- [         task-1] com.zaxxer.hikari.HikariDataSource       : HikariPool-2 - Starting...
2022-06-06 09:11:22.176  INFO 3248 --- [         task-1] com.zaxxer.hikari.HikariDataSource       : HikariPool-2 - Start completed.
2022-06-06 09:11:22.177  INFO 3248 --- [         task-1] org.hibernate.dialect.Dialect            : HHH000400: Using dialect: org.hibernate.dialect.MariaDBDialect
2022-06-06 09:11:22.640  WARN 3248 --- [           main] JpaBaseConfiguration$JpaWebConfiguration : spring.jpa.open-in-view is enabled by default. Therefore, database queries may be performed during view rendering. Explicitly configure spring.jpa.open-in-view to disable this warning
2022-06-06 09:11:23.075  INFO 3248 --- [         task-1] o.h.e.t.j.p.i.JtaPlatformInitiator       : HHH000490: Using JtaPlatform implementation: [org.hibernate.engine.transaction.jta.platform.internal.NoJtaPlatform]
2022-06-06 09:11:23.075  INFO 3248 --- [         task-1] j.LocalContainerEntityManagerFactoryBean : Initialized JPA EntityManagerFactory for persistence unit 'default'
2022-06-06 09:11:23.408  INFO 3248 --- [           main] o.s.b.t.m.w.SpringBootMockServletContext : Initializing Spring TestDispatcherServlet ''
2022-06-06 09:11:23.409  INFO 3248 --- [           main] o.s.t.web.servlet.TestDispatcherServlet  : Initializing Servlet ''
2022-06-06 09:11:23.422  INFO 3248 --- [           main] o.s.t.web.servlet.TestDispatcherServlet  : Completed initialization in 13 ms
2022-06-06 09:11:23.434  INFO 3248 --- [           main] DeferredRepositoryInitializationListener : Triggering deferred initialization of Spring Data repositories…
2022-06-06 09:11:23.899  INFO 3248 --- [           main] DeferredRepositoryInitializationListener : Spring Data repositories initialized!
2022-06-06 09:11:23.907  INFO 3248 --- [           main] f.d.A.Controller.AbsenceControllerTest   : Started AbsenceControllerTest in 2.733 seconds (JVM running for 11.544)
]]></system-out>
  </testcase>
  <testcase name="testFindById" classname="fr.dawan.AppliCFABack.Controller.AbsenceControllerTest" time="0.003">
    <error message="Index 0 out of bounds for length 0" type="java.lang.IndexOutOfBoundsException">java.lang.IndexOutOfBoundsException: Index 0 out of bounds for length 0
	at fr.dawan.AppliCFABack.Controller.AbsenceControllerTest.testFindById(AbsenceControllerTest.java:74)
</error>
  </testcase>
  <testcase name="contextLoads" classname="fr.dawan.AppliCFABack.Controller.AbsenceControllerTest" time="0.061"/>
  <testcase name="testDelete" classname="fr.dawan.AppliCFABack.Controller.AbsenceControllerTest" time="0.004">
    <error message="Index 0 out of bounds for length 0" type="java.lang.IndexOutOfBoundsException">java.lang.IndexOutOfBoundsException: Index 0 out of bounds for length 0
	at fr.dawan.AppliCFABack.Controller.AbsenceControllerTest.testDelete(AbsenceControllerTest.java:108)
</error>
  </testcase>
</testsuite>