<?xml version="1.0" encoding="UTF-8"?>
<testsuite xmlns:xsi="http://www.w3.org/2001/XMLSchema-instance" xsi:noNamespaceSchemaLocation="https://maven.apache.org/surefire/maven-surefire-plugin/xsd/surefire-test-report.xsd" name="fr.dawan.AppliCFABack.Controller.EtudiantControllerTests" time="0.256" tests="13" errors="0" skipped="0" failures="11">
  <properties>
    <property name="sun.desktop" value="windows"/>
    <property name="awt.toolkit" value="sun.awt.windows.WToolkit"/>
    <property name="java.specification.version" value="11"/>
    <property name="sun.cpu.isalist" value="amd64"/>
    <property name="sun.jnu.encoding" value="Cp1252"/>
    <property name="java.class.path" value="C:\Users\Admin stagiaire.DESKTOP-8967908\Desktop\cfa-portal-api\target\test-classes;C:\Users\Admin stagiaire.DESKTOP-8967908\Desktop\cfa-portal-api\target\classes;C:\Users\Admin stagiaire.DESKTOP-8967908\.m2\repository\org\mapstruct\mapstruct\1.4.2.Final\mapstruct-1.4.2.Final.jar;C:\Users\Admin stagiaire.DESKTOP-8967908\.m2\repository\org\springframework\boot\spring-boot-starter-data-jpa\2.3.1.RELEASE\spring-boot-starter-data-jpa-2.3.1.RELEASE.jar;C:\Users\Admin stagiaire.DESKTOP-8967908\.m2\repository\org\springframework\boot\spring-boot-starter-aop\2.3.1.RELEASE\spring-boot-starter-aop-2.3.1.RELEASE.jar;C:\Users\Admin stagiaire.DESKTOP-8967908\.m2\repository\org\springframework\spring-aop\5.2.7.RELEASE\spring-aop-5.2.7.RELEASE.jar;C:\Users\Admin stagiaire.DESKTOP-8967908\.m2\repository\org\aspectj\aspectjweaver\1.9.5\aspectjweaver-1.9.5.jar;C:\Users\Admin stagiaire.DESKTOP-8967908\.m2\repository\org\springframework\boot\spring-boot-starter-jdbc\2.3.1.RELEASE\spring-boot-starter-jdbc-2.3.1.RELEASE.jar;C:\Users\Admin stagiaire.DESKTOP-8967908\.m2\repository\com\zaxxer\HikariCP\3.4.5\HikariCP-3.4.5.jar;C:\Users\Admin stagiaire.DESKTOP-8967908\.m2\repository\org\springframework\spring-jdbc\5.2.7.RELEASE\spring-jdbc-5.2.7.RELEASE.jar;C:\Users\Admin stagiaire.DESKTOP-8967908\.m2\repository\jakarta\transaction\jakarta.transaction-api\1.3.3\jakarta.transaction-api-1.3.3.jar;C:\Users\Admin stagiaire.DESKTOP-8967908\.m2\repository\jakarta\persistence\jakarta.persistence-api\2.2.3\jakarta.persistence-api-2.2.3.jar;C:\Users\Admin stagiaire.DESKTOP-8967908\.m2\repository\org\hibernate\hibernate-core\5.4.17.Final\hibernate-core-5.4.17.Final.jar;C:\Users\Admin stagiaire.DESKTOP-8967908\.m2\repository\org\jboss\logging\jboss-logging\3.4.1.Final\jboss-logging-3.4.1.Final.jar;C:\Users\Admin stagiaire.DESKTOP-8967908\.m2\repository\org\javassist\javassist\3.24.0-GA\javassist-3.24.0-GA.jar;C:\Users\Admin stagiaire.DESKTOP-8967908\.m2\repository\net\bytebuddy\byte-buddy\1.10.11\byte-buddy-1.10.11.jar;C:\Users\Admin stagiaire.DESKTOP-8967908\.m2\repository\antlr\antlr\2.7.7\antlr-2.7.7.jar;C:\Users\Admin stagiaire.DESKTOP-8967908\.m2\repository\org\jboss\jandex\2.1.3.Final\jandex-2.1.3.Final.jar;C:\Users\Admin stagiaire.DESKTOP-8967908\.m2\repository\com\fasterxml\classmate\1.5.1\classmate-1.5.1.jar;C:\Users\Admin stagiaire.DESKTOP-8967908\.m2\repository\org\dom4j\dom4j\2.1.3\dom4j-2.1.3.jar;C:\Users\Admin stagiaire.DESKTOP-8967908\.m2\repository\org\hibernate\common\hibernate-commons-annotations\5.1.0.Final\hibernate-commons-annotations-5.1.0.Final.jar;C:\Users\Admin stagiaire.DESKTOP-8967908\.m2\repository\org\glassfish\jaxb\jaxb-runtime\2.3.3\jaxb-runtime-2.3.3.jar;C:\Users\Admin stagiaire.DESKTOP-8967908\.m2\repository\org\glassfish\jaxb\txw2\2.3.3\txw2-2.3.3.jar;C:\Users\Admin stagiaire.DESKTOP-8967908\.m2\repository\com\sun\istack\istack-commons-runtime\3.0.11\istack-commons-runtime-3.0.11.jar;C:\Users\Admin stagiaire.DESKTOP-8967908\.m2\repository\org\springframework\data\spring-data-jpa\2.3.1.RELEASE\spring-data-jpa-2.3.1.RELEASE.jar;C:\Users\Admin stagiaire.DESKTOP-8967908\.m2\repository\org\springframework\data\spring-data-commons\2.3.1.RELEASE\spring-data-commons-2.3.1.RELEASE.jar;C:\Users\Admin stagiaire.DESKTOP-8967908\.m2\repository\org\springframework\spring-orm\5.2.7.RELEASE\spring-orm-5.2.7.RELEASE.jar;C:\Users\Admin stagiaire.DESKTOP-8967908\.m2\repository\org\springframework\spring-context\5.2.7.RELEASE\spring-context-5.2.7.RELEASE.jar;C:\Users\Admin stagiaire.DESKTOP-8967908\.m2\repository\org\springframework\spring-tx\5.2.7.RELEASE\spring-tx-5.2.7.RELEASE.jar;C:\Users\Admin stagiaire.DESKTOP-8967908\.m2\repository\org\springframework\spring-beans\5.2.7.RELEASE\spring-beans-5.2.7.RELEASE.jar;C:\Users\Admin stagiaire.DESKTOP-8967908\.m2\repository\org\slf4j\slf4j-api\1.7.30\slf4j-api-1.7.30.jar;C:\Users\Admin stagiaire.DESKTOP-8967908\.m2\repository\org\springframework\spring-aspects\5.2.7.RELEASE\spring-aspects-5.2.7.RELEASE.jar;C:\Users\Admin stagiaire.DESKTOP-8967908\.m2\repository\org\springframework\boot\spring-boot-starter-web\2.3.1.RELEASE\spring-boot-starter-web-2.3.1.RELEASE.jar;C:\Users\Admin stagiaire.DESKTOP-8967908\.m2\repository\org\springframework\boot\spring-boot-starter\2.3.1.RELEASE\spring-boot-starter-2.3.1.RELEASE.jar;C:\Users\Admin stagiaire.DESKTOP-8967908\.m2\repository\org\springframework\boot\spring-boot\2.3.1.RELEASE\spring-boot-2.3.1.RELEASE.jar;C:\Users\Admin stagiaire.DESKTOP-8967908\.m2\repository\org\springframework\boot\spring-boot-autoconfigure\2.3.1.RELEASE\spring-boot-autoconfigure-2.3.1.RELEASE.jar;C:\Users\Admin stagiaire.DESKTOP-8967908\.m2\repository\org\springframework\boot\spring-boot-starter-logging\2.3.1.RELEASE\spring-boot-starter-logging-2.3.1.RELEASE.jar;C:\Users\Admin stagiaire.DESKTOP-8967908\.m2\repository\ch\qos\logback\logback-classic\1.2.3\logback-classic-1.2.3.jar;C:\Users\Admin stagiaire.DESKTOP-8967908\.m2\repository\ch\qos\logback\logback-core\1.2.3\logback-core-1.2.3.jar;C:\Users\Admin stagiaire.DESKTOP-8967908\.m2\repository\org\apache\logging\log4j\log4j-to-slf4j\2.13.3\log4j-to-slf4j-2.13.3.jar;C:\Users\Admin stagiaire.DESKTOP-8967908\.m2\repository\org\apache\logging\log4j\log4j-api\2.13.3\log4j-api-2.13.3.jar;C:\Users\Admin stagiaire.DESKTOP-8967908\.m2\repository\org\slf4j\jul-to-slf4j\1.7.30\jul-to-slf4j-1.7.30.jar;C:\Users\Admin stagiaire.DESKTOP-8967908\.m2\repository\jakarta\annotation\jakarta.annotation-api\1.3.5\jakarta.annotation-api-1.3.5.jar;C:\Users\Admin stagiaire.DESKTOP-8967908\.m2\repository\org\yaml\snakeyaml\1.26\snakeyaml-1.26.jar;C:\Users\Admin stagiaire.DESKTOP-8967908\.m2\repository\org\springframework\boot\spring-boot-starter-json\2.3.1.RELEASE\spring-boot-starter-json-2.3.1.RELEASE.jar;C:\Users\Admin stagiaire.DESKTOP-8967908\.m2\repository\com\fasterxml\jackson\datatype\jackson-datatype-jdk8\2.11.0\jackson-datatype-jdk8-2.11.0.jar;C:\Users\Admin stagiaire.DESKTOP-8967908\.m2\repository\com\fasterxml\jackson\datatype\jackson-datatype-jsr310\2.11.0\jackson-datatype-jsr310-2.11.0.jar;C:\Users\Admin stagiaire.DESKTOP-8967908\.m2\repository\com\fasterxml\jackson\module\jackson-module-parameter-names\2.11.0\jackson-module-parameter-names-2.11.0.jar;C:\Users\Admin stagiaire.DESKTOP-8967908\.m2\repository\org\springframework\boot\spring-boot-starter-tomcat\2.3.1.RELEASE\spring-boot-starter-tomcat-2.3.1.RELEASE.jar;C:\Users\Admin stagiaire.DESKTOP-8967908\.m2\repository\org\apache\tomcat\embed\tomcat-embed-core\9.0.36\tomcat-embed-core-9.0.36.jar;C:\Users\Admin stagiaire.DESKTOP-8967908\.m2\repository\org\glassfish\jakarta.el\3.0.3\jakarta.el-3.0.3.jar;C:\Users\Admin stagiaire.DESKTOP-8967908\.m2\repository\org\apache\tomcat\embed\tomcat-embed-websocket\9.0.36\tomcat-embed-websocket-9.0.36.jar;C:\Users\Admin stagiaire.DESKTOP-8967908\.m2\repository\org\springframework\spring-web\5.2.7.RELEASE\spring-web-5.2.7.RELEASE.jar;C:\Users\Admin stagiaire.DESKTOP-8967908\.m2\repository\org\springframework\spring-webmvc\5.2.7.RELEASE\spring-webmvc-5.2.7.RELEASE.jar;C:\Users\Admin stagiaire.DESKTOP-8967908\.m2\repository\org\springframework\spring-expression\5.2.7.RELEASE\spring-expression-5.2.7.RELEASE.jar;C:\Users\Admin stagiaire.DESKTOP-8967908\.m2\repository\org\springframework\boot\spring-boot-starter-actuator\2.3.1.RELEASE\spring-boot-starter-actuator-2.3.1.RELEASE.jar;C:\Users\Admin stagiaire.DESKTOP-8967908\.m2\repository\org\springframework\boot\spring-boot-actuator-autoconfigure\2.3.1.RELEASE\spring-boot-actuator-autoconfigure-2.3.1.RELEASE.jar;C:\Users\Admin stagiaire.DESKTOP-8967908\.m2\repository\org\springframework\boot\spring-boot-actuator\2.3.1.RELEASE\spring-boot-actuator-2.3.1.RELEASE.jar;C:\Users\Admin stagiaire.DESKTOP-8967908\.m2\repository\io\micrometer\micrometer-core\1.5.1\micrometer-core-1.5.1.jar;C:\Users\Admin stagiaire.DESKTOP-8967908\.m2\repository\org\hdrhistogram\HdrHistogram\2.1.12\HdrHistogram-2.1.12.jar;C:\Users\Admin stagiaire.DESKTOP-8967908\.m2\repository\org\latencyutils\LatencyUtils\2.0.3\LatencyUtils-2.0.3.jar;C:\Users\Admin stagiaire.DESKTOP-8967908\.m2\repository\org\postgresql\postgresql\42.2.14\postgresql-42.2.14.jar;C:\Users\Admin stagiaire.DESKTOP-8967908\.m2\repository\mysql\mysql-connector-java\8.0.20\mysql-connector-java-8.0.20.jar;C:\Users\Admin stagiaire.DESKTOP-8967908\.m2\repository\org\mariadb\jdbc\mariadb-java-client\2.6.1\mariadb-java-client-2.6.1.jar;C:\Users\Admin stagiaire.DESKTOP-8967908\.m2\repository\org\springframework\boot\spring-boot-starter-test\2.3.1.RELEASE\spring-boot-starter-test-2.3.1.RELEASE.jar;C:\Users\Admin stagiaire.DESKTOP-8967908\.m2\repository\org\springframework\boot\spring-boot-test\2.3.1.RELEASE\spring-boot-test-2.3.1.RELEASE.jar;C:\Users\Admin stagiaire.DESKTOP-8967908\.m2\repository\org\springframework\boot\spring-boot-test-autoconfigure\2.3.1.RELEASE\spring-boot-test-autoconfigure-2.3.1.RELEASE.jar;C:\Users\Admin stagiaire.DESKTOP-8967908\.m2\repository\com\jayway\jsonpath\json-path\2.4.0\json-path-2.4.0.jar;C:\Users\Admin stagiaire.DESKTOP-8967908\.m2\repository\net\minidev\json-smart\2.3\json-smart-2.3.jar;C:\Users\Admin stagiaire.DESKTOP-8967908\.m2\repository\net\minidev\accessors-smart\1.2\accessors-smart-1.2.jar;C:\Users\Admin stagiaire.DESKTOP-8967908\.m2\repository\org\ow2\asm\asm\5.0.4\asm-5.0.4.jar;C:\Users\Admin stagiaire.DESKTOP-8967908\.m2\repository\jakarta\xml\bind\jakarta.xml.bind-api\2.3.3\jakarta.xml.bind-api-2.3.3.jar;C:\Users\Admin stagiaire.DESKTOP-8967908\.m2\repository\jakarta\activation\jakarta.activation-api\1.2.2\jakarta.activation-api-1.2.2.jar;C:\Users\Admin stagiaire.DESKTOP-8967908\.m2\repository\org\assertj\assertj-core\3.16.1\assertj-core-3.16.1.jar;C:\Users\Admin stagiaire.DESKTOP-8967908\.m2\repository\org\hamcrest\hamcrest\2.2\hamcrest-2.2.jar;C:\Users\Admin stagiaire.DESKTOP-8967908\.m2\repository\org\junit\jupiter\junit-jupiter\5.6.2\junit-jupiter-5.6.2.jar;C:\Users\Admin stagiaire.DESKTOP-8967908\.m2\repository\org\junit\jupiter\junit-jupiter-api\5.6.2\junit-jupiter-api-5.6.2.jar;C:\Users\Admin stagiaire.DESKTOP-8967908\.m2\repository\org\opentest4j\opentest4j\1.2.0\opentest4j-1.2.0.jar;C:\Users\Admin stagiaire.DESKTOP-8967908\.m2\repository\org\junit\platform\junit-platform-commons\1.6.2\junit-platform-commons-1.6.2.jar;C:\Users\Admin stagiaire.DESKTOP-8967908\.m2\repository\org\junit\jupiter\junit-jupiter-params\5.6.2\junit-jupiter-params-5.6.2.jar;C:\Users\Admin stagiaire.DESKTOP-8967908\.m2\repository\org\junit\jupiter\junit-jupiter-engine\5.6.2\junit-jupiter-engine-5.6.2.jar;C:\Users\Admin stagiaire.DESKTOP-8967908\.m2\repository\org\junit\vintage\junit-vintage-engine\5.6.2\junit-vintage-engine-5.6.2.jar;C:\Users\Admin stagiaire.DESKTOP-8967908\.m2\repository\org\apiguardian\apiguardian-api\1.1.0\apiguardian-api-1.1.0.jar;C:\Users\Admin stagiaire.DESKTOP-8967908\.m2\repository\org\junit\platform\junit-platform-engine\1.6.2\junit-platform-engine-1.6.2.jar;C:\Users\Admin stagiaire.DESKTOP-8967908\.m2\repository\junit\junit\4.13\junit-4.13.jar;C:\Users\Admin stagiaire.DESKTOP-8967908\.m2\repository\org\mockito\mockito-core\3.3.3\mockito-core-3.3.3.jar;C:\Users\Admin stagiaire.DESKTOP-8967908\.m2\repository\net\bytebuddy\byte-buddy-agent\1.10.11\byte-buddy-agent-1.10.11.jar;C:\Users\Admin stagiaire.DESKTOP-8967908\.m2\repository\org\objenesis\objenesis\2.6\objenesis-2.6.jar;C:\Users\Admin stagiaire.DESKTOP-8967908\.m2\repository\org\mockito\mockito-junit-jupiter\3.3.3\mockito-junit-jupiter-3.3.3.jar;C:\Users\Admin stagiaire.DESKTOP-8967908\.m2\repository\org\skyscreamer\jsonassert\1.5.0\jsonassert-1.5.0.jar;C:\Users\Admin stagiaire.DESKTOP-8967908\.m2\repository\com\vaadin\external\google\android-json\0.0.20131108.vaadin1\android-json-0.0.20131108.vaadin1.jar;C:\Users\Admin stagiaire.DESKTOP-8967908\.m2\repository\org\springframework\spring-core\5.2.7.RELEASE\spring-core-5.2.7.RELEASE.jar;C:\Users\Admin stagiaire.DESKTOP-8967908\.m2\repository\org\springframework\spring-jcl\5.2.7.RELEASE\spring-jcl-5.2.7.RELEASE.jar;C:\Users\Admin stagiaire.DESKTOP-8967908\.m2\repository\org\springframework\spring-test\5.2.7.RELEASE\spring-test-5.2.7.RELEASE.jar;C:\Users\Admin stagiaire.DESKTOP-8967908\.m2\repository\org\xmlunit\xmlunit-core\2.7.0\xmlunit-core-2.7.0.jar;C:\Users\Admin stagiaire.DESKTOP-8967908\.m2\repository\org\modelmapper\modelmapper\2.3.0\modelmapper-2.3.0.jar;C:\Users\Admin stagiaire.DESKTOP-8967908\.m2\repository\org\springdoc\springdoc-openapi-ui\1.5.2\springdoc-openapi-ui-1.5.2.jar;C:\Users\Admin stagiaire.DESKTOP-8967908\.m2\repository\org\springdoc\springdoc-openapi-webmvc-core\1.5.2\springdoc-openapi-webmvc-core-1.5.2.jar;C:\Users\Admin stagiaire.DESKTOP-8967908\.m2\repository\org\springdoc\springdoc-openapi-common\1.5.2\springdoc-openapi-common-1.5.2.jar;C:\Users\Admin stagiaire.DESKTOP-8967908\.m2\repository\io\swagger\core\v3\swagger-models\2.1.6\swagger-models-2.1.6.jar;C:\Users\Admin stagiaire.DESKTOP-8967908\.m2\repository\io\swagger\core\v3\swagger-annotations\2.1.6\swagger-annotations-2.1.6.jar;C:\Users\Admin stagiaire.DESKTOP-8967908\.m2\repository\io\swagger\core\v3\swagger-integration\2.1.6\swagger-integration-2.1.6.jar;C:\Users\Admin stagiaire.DESKTOP-8967908\.m2\repository\io\swagger\core\v3\swagger-core\2.1.6\swagger-core-2.1.6.jar;C:\Users\Admin stagiaire.DESKTOP-8967908\.m2\repository\com\fasterxml\jackson\dataformat\jackson-dataformat-yaml\2.11.0\jackson-dataformat-yaml-2.11.0.jar;C:\Users\Admin stagiaire.DESKTOP-8967908\.m2\repository\jakarta\validation\jakarta.validation-api\2.0.2\jakarta.validation-api-2.0.2.jar;C:\Users\Admin stagiaire.DESKTOP-8967908\.m2\repository\io\github\classgraph\classgraph\4.8.69\classgraph-4.8.69.jar;C:\Users\Admin stagiaire.DESKTOP-8967908\.m2\repository\org\apache\commons\commons-lang3\3.10\commons-lang3-3.10.jar;C:\Users\Admin stagiaire.DESKTOP-8967908\.m2\repository\org\webjars\swagger-ui\3.38.0\swagger-ui-3.38.0.jar;C:\Users\Admin stagiaire.DESKTOP-8967908\.m2\repository\org\webjars\webjars-locator-core\0.45\webjars-locator-core-0.45.jar;C:\Users\Admin stagiaire.DESKTOP-8967908\.m2\repository\com\fasterxml\jackson\core\jackson-core\2.11.0\jackson-core-2.11.0.jar;C:\Users\Admin stagiaire.DESKTOP-8967908\.m2\repository\io\jsonwebtoken\jjwt\0.9.1\jjwt-0.9.1.jar;C:\Users\Admin stagiaire.DESKTOP-8967908\.m2\repository\com\fasterxml\jackson\core\jackson-databind\2.11.0\jackson-databind-2.11.0.jar;C:\Users\Admin stagiaire.DESKTOP-8967908\.m2\repository\com\fasterxml\jackson\core\jackson-annotations\2.11.0\jackson-annotations-2.11.0.jar;C:\Users\Admin stagiaire.DESKTOP-8967908\.m2\repository\org\springframework\boot\spring-boot-starter-mail\2.3.1.RELEASE\spring-boot-starter-mail-2.3.1.RELEASE.jar;C:\Users\Admin stagiaire.DESKTOP-8967908\.m2\repository\org\springframework\spring-context-support\5.2.7.RELEASE\spring-context-support-5.2.7.RELEASE.jar;C:\Users\Admin stagiaire.DESKTOP-8967908\.m2\repository\com\sun\mail\jakarta.mail\1.6.5\jakarta.mail-1.6.5.jar;C:\Users\Admin stagiaire.DESKTOP-8967908\.m2\repository\com\sun\activation\jakarta.activation\1.2.2\jakarta.activation-1.2.2.jar;C:\Users\Admin stagiaire.DESKTOP-8967908\.m2\repository\com\univocity\univocity-parsers\2.9.1\univocity-parsers-2.9.1.jar;"/>
    <property name="java.vm.vendor" value="Oracle Corporation"/>
    <property name="sun.arch.data.model" value="64"/>
    <property name="user.variant" value=""/>
    <property name="java.vendor.url" value="https://openjdk.java.net/"/>
    <property name="user.timezone" value="Europe/Paris"/>
    <property name="java.vm.specification.version" value="11"/>
    <property name="os.name" value="Windows 10"/>
    <property name="sun.java.launcher" value="SUN_STANDARD"/>
    <property name="user.country" value="FR"/>
    <property name="sun.boot.library.path" value="C:\Program Files\Java\jdk-11.0.15\bin"/>
    <property name="sun.java.command" value="C:\Users\Admin stagiaire.DESKTOP-8967908\AppData\Local\Temp\surefire7645745064949186870\surefirebooter12012806008210041848.jar C:\Users\Admin stagiaire.DESKTOP-8967908\AppData\Local\Temp\surefire7645745064949186870 2022-05-03T11-20-32_604-jvmRun1 surefire8090211315709083036tmp surefire_06450961065494379786tmp"/>
    <property name="jdk.debug" value="release"/>
    <property name="surefire.test.class.path" value="C:\Users\Admin stagiaire.DESKTOP-8967908\Desktop\cfa-portal-api\target\test-classes;C:\Users\Admin stagiaire.DESKTOP-8967908\Desktop\cfa-portal-api\target\classes;C:\Users\Admin stagiaire.DESKTOP-8967908\.m2\repository\org\mapstruct\mapstruct\1.4.2.Final\mapstruct-1.4.2.Final.jar;C:\Users\Admin stagiaire.DESKTOP-8967908\.m2\repository\org\springframework\boot\spring-boot-starter-data-jpa\2.3.1.RELEASE\spring-boot-starter-data-jpa-2.3.1.RELEASE.jar;C:\Users\Admin stagiaire.DESKTOP-8967908\.m2\repository\org\springframework\boot\spring-boot-starter-aop\2.3.1.RELEASE\spring-boot-starter-aop-2.3.1.RELEASE.jar;C:\Users\Admin stagiaire.DESKTOP-8967908\.m2\repository\org\springframework\spring-aop\5.2.7.RELEASE\spring-aop-5.2.7.RELEASE.jar;C:\Users\Admin stagiaire.DESKTOP-8967908\.m2\repository\org\aspectj\aspectjweaver\1.9.5\aspectjweaver-1.9.5.jar;C:\Users\Admin stagiaire.DESKTOP-8967908\.m2\repository\org\springframework\boot\spring-boot-starter-jdbc\2.3.1.RELEASE\spring-boot-starter-jdbc-2.3.1.RELEASE.jar;C:\Users\Admin stagiaire.DESKTOP-8967908\.m2\repository\com\zaxxer\HikariCP\3.4.5\HikariCP-3.4.5.jar;C:\Users\Admin stagiaire.DESKTOP-8967908\.m2\repository\org\springframework\spring-jdbc\5.2.7.RELEASE\spring-jdbc-5.2.7.RELEASE.jar;C:\Users\Admin stagiaire.DESKTOP-8967908\.m2\repository\jakarta\transaction\jakarta.transaction-api\1.3.3\jakarta.transaction-api-1.3.3.jar;C:\Users\Admin stagiaire.DESKTOP-8967908\.m2\repository\jakarta\persistence\jakarta.persistence-api\2.2.3\jakarta.persistence-api-2.2.3.jar;C:\Users\Admin stagiaire.DESKTOP-8967908\.m2\repository\org\hibernate\hibernate-core\5.4.17.Final\hibernate-core-5.4.17.Final.jar;C:\Users\Admin stagiaire.DESKTOP-8967908\.m2\repository\org\jboss\logging\jboss-logging\3.4.1.Final\jboss-logging-3.4.1.Final.jar;C:\Users\Admin stagiaire.DESKTOP-8967908\.m2\repository\org\javassist\javassist\3.24.0-GA\javassist-3.24.0-GA.jar;C:\Users\Admin stagiaire.DESKTOP-8967908\.m2\repository\net\bytebuddy\byte-buddy\1.10.11\byte-buddy-1.10.11.jar;C:\Users\Admin stagiaire.DESKTOP-8967908\.m2\repository\antlr\antlr\2.7.7\antlr-2.7.7.jar;C:\Users\Admin stagiaire.DESKTOP-8967908\.m2\repository\org\jboss\jandex\2.1.3.Final\jandex-2.1.3.Final.jar;C:\Users\Admin stagiaire.DESKTOP-8967908\.m2\repository\com\fasterxml\classmate\1.5.1\classmate-1.5.1.jar;C:\Users\Admin stagiaire.DESKTOP-8967908\.m2\repository\org\dom4j\dom4j\2.1.3\dom4j-2.1.3.jar;C:\Users\Admin stagiaire.DESKTOP-8967908\.m2\repository\org\hibernate\common\hibernate-commons-annotations\5.1.0.Final\hibernate-commons-annotations-5.1.0.Final.jar;C:\Users\Admin stagiaire.DESKTOP-8967908\.m2\repository\org\glassfish\jaxb\jaxb-runtime\2.3.3\jaxb-runtime-2.3.3.jar;C:\Users\Admin stagiaire.DESKTOP-8967908\.m2\repository\org\glassfish\jaxb\txw2\2.3.3\txw2-2.3.3.jar;C:\Users\Admin stagiaire.DESKTOP-8967908\.m2\repository\com\sun\istack\istack-commons-runtime\3.0.11\istack-commons-runtime-3.0.11.jar;C:\Users\Admin stagiaire.DESKTOP-8967908\.m2\repository\org\springframework\data\spring-data-jpa\2.3.1.RELEASE\spring-data-jpa-2.3.1.RELEASE.jar;C:\Users\Admin stagiaire.DESKTOP-8967908\.m2\repository\org\springframework\data\spring-data-commons\2.3.1.RELEASE\spring-data-commons-2.3.1.RELEASE.jar;C:\Users\Admin stagiaire.DESKTOP-8967908\.m2\repository\org\springframework\spring-orm\5.2.7.RELEASE\spring-orm-5.2.7.RELEASE.jar;C:\Users\Admin stagiaire.DESKTOP-8967908\.m2\repository\org\springframework\spring-context\5.2.7.RELEASE\spring-context-5.2.7.RELEASE.jar;C:\Users\Admin stagiaire.DESKTOP-8967908\.m2\repository\org\springframework\spring-tx\5.2.7.RELEASE\spring-tx-5.2.7.RELEASE.jar;C:\Users\Admin stagiaire.DESKTOP-8967908\.m2\repository\org\springframework\spring-beans\5.2.7.RELEASE\spring-beans-5.2.7.RELEASE.jar;C:\Users\Admin stagiaire.DESKTOP-8967908\.m2\repository\org\slf4j\slf4j-api\1.7.30\slf4j-api-1.7.30.jar;C:\Users\Admin stagiaire.DESKTOP-8967908\.m2\repository\org\springframework\spring-aspects\5.2.7.RELEASE\spring-aspects-5.2.7.RELEASE.jar;C:\Users\Admin stagiaire.DESKTOP-8967908\.m2\repository\org\springframework\boot\spring-boot-starter-web\2.3.1.RELEASE\spring-boot-starter-web-2.3.1.RELEASE.jar;C:\Users\Admin stagiaire.DESKTOP-8967908\.m2\repository\org\springframework\boot\spring-boot-starter\2.3.1.RELEASE\spring-boot-starter-2.3.1.RELEASE.jar;C:\Users\Admin stagiaire.DESKTOP-8967908\.m2\repository\org\springframework\boot\spring-boot\2.3.1.RELEASE\spring-boot-2.3.1.RELEASE.jar;C:\Users\Admin stagiaire.DESKTOP-8967908\.m2\repository\org\springframework\boot\spring-boot-autoconfigure\2.3.1.RELEASE\spring-boot-autoconfigure-2.3.1.RELEASE.jar;C:\Users\Admin stagiaire.DESKTOP-8967908\.m2\repository\org\springframework\boot\spring-boot-starter-logging\2.3.1.RELEASE\spring-boot-starter-logging-2.3.1.RELEASE.jar;C:\Users\Admin stagiaire.DESKTOP-8967908\.m2\repository\ch\qos\logback\logback-classic\1.2.3\logback-classic-1.2.3.jar;C:\Users\Admin stagiaire.DESKTOP-8967908\.m2\repository\ch\qos\logback\logback-core\1.2.3\logback-core-1.2.3.jar;C:\Users\Admin stagiaire.DESKTOP-8967908\.m2\repository\org\apache\logging\log4j\log4j-to-slf4j\2.13.3\log4j-to-slf4j-2.13.3.jar;C:\Users\Admin stagiaire.DESKTOP-8967908\.m2\repository\org\apache\logging\log4j\log4j-api\2.13.3\log4j-api-2.13.3.jar;C:\Users\Admin stagiaire.DESKTOP-8967908\.m2\repository\org\slf4j\jul-to-slf4j\1.7.30\jul-to-slf4j-1.7.30.jar;C:\Users\Admin stagiaire.DESKTOP-8967908\.m2\repository\jakarta\annotation\jakarta.annotation-api\1.3.5\jakarta.annotation-api-1.3.5.jar;C:\Users\Admin stagiaire.DESKTOP-8967908\.m2\repository\org\yaml\snakeyaml\1.26\snakeyaml-1.26.jar;C:\Users\Admin stagiaire.DESKTOP-8967908\.m2\repository\org\springframework\boot\spring-boot-starter-json\2.3.1.RELEASE\spring-boot-starter-json-2.3.1.RELEASE.jar;C:\Users\Admin stagiaire.DESKTOP-8967908\.m2\repository\com\fasterxml\jackson\datatype\jackson-datatype-jdk8\2.11.0\jackson-datatype-jdk8-2.11.0.jar;C:\Users\Admin stagiaire.DESKTOP-8967908\.m2\repository\com\fasterxml\jackson\datatype\jackson-datatype-jsr310\2.11.0\jackson-datatype-jsr310-2.11.0.jar;C:\Users\Admin stagiaire.DESKTOP-8967908\.m2\repository\com\fasterxml\jackson\module\jackson-module-parameter-names\2.11.0\jackson-module-parameter-names-2.11.0.jar;C:\Users\Admin stagiaire.DESKTOP-8967908\.m2\repository\org\springframework\boot\spring-boot-starter-tomcat\2.3.1.RELEASE\spring-boot-starter-tomcat-2.3.1.RELEASE.jar;C:\Users\Admin stagiaire.DESKTOP-8967908\.m2\repository\org\apache\tomcat\embed\tomcat-embed-core\9.0.36\tomcat-embed-core-9.0.36.jar;C:\Users\Admin stagiaire.DESKTOP-8967908\.m2\repository\org\glassfish\jakarta.el\3.0.3\jakarta.el-3.0.3.jar;C:\Users\Admin stagiaire.DESKTOP-8967908\.m2\repository\org\apache\tomcat\embed\tomcat-embed-websocket\9.0.36\tomcat-embed-websocket-9.0.36.jar;C:\Users\Admin stagiaire.DESKTOP-8967908\.m2\repository\org\springframework\spring-web\5.2.7.RELEASE\spring-web-5.2.7.RELEASE.jar;C:\Users\Admin stagiaire.DESKTOP-8967908\.m2\repository\org\springframework\spring-webmvc\5.2.7.RELEASE\spring-webmvc-5.2.7.RELEASE.jar;C:\Users\Admin stagiaire.DESKTOP-8967908\.m2\repository\org\springframework\spring-expression\5.2.7.RELEASE\spring-expression-5.2.7.RELEASE.jar;C:\Users\Admin stagiaire.DESKTOP-8967908\.m2\repository\org\springframework\boot\spring-boot-starter-actuator\2.3.1.RELEASE\spring-boot-starter-actuator-2.3.1.RELEASE.jar;C:\Users\Admin stagiaire.DESKTOP-8967908\.m2\repository\org\springframework\boot\spring-boot-actuator-autoconfigure\2.3.1.RELEASE\spring-boot-actuator-autoconfigure-2.3.1.RELEASE.jar;C:\Users\Admin stagiaire.DESKTOP-8967908\.m2\repository\org\springframework\boot\spring-boot-actuator\2.3.1.RELEASE\spring-boot-actuator-2.3.1.RELEASE.jar;C:\Users\Admin stagiaire.DESKTOP-8967908\.m2\repository\io\micrometer\micrometer-core\1.5.1\micrometer-core-1.5.1.jar;C:\Users\Admin stagiaire.DESKTOP-8967908\.m2\repository\org\hdrhistogram\HdrHistogram\2.1.12\HdrHistogram-2.1.12.jar;C:\Users\Admin stagiaire.DESKTOP-8967908\.m2\repository\org\latencyutils\LatencyUtils\2.0.3\LatencyUtils-2.0.3.jar;C:\Users\Admin stagiaire.DESKTOP-8967908\.m2\repository\org\postgresql\postgresql\42.2.14\postgresql-42.2.14.jar;C:\Users\Admin stagiaire.DESKTOP-8967908\.m2\repository\mysql\mysql-connector-java\8.0.20\mysql-connector-java-8.0.20.jar;C:\Users\Admin stagiaire.DESKTOP-8967908\.m2\repository\org\mariadb\jdbc\mariadb-java-client\2.6.1\mariadb-java-client-2.6.1.jar;C:\Users\Admin stagiaire.DESKTOP-8967908\.m2\repository\org\springframework\boot\spring-boot-starter-test\2.3.1.RELEASE\spring-boot-starter-test-2.3.1.RELEASE.jar;C:\Users\Admin stagiaire.DESKTOP-8967908\.m2\repository\org\springframework\boot\spring-boot-test\2.3.1.RELEASE\spring-boot-test-2.3.1.RELEASE.jar;C:\Users\Admin stagiaire.DESKTOP-8967908\.m2\repository\org\springframework\boot\spring-boot-test-autoconfigure\2.3.1.RELEASE\spring-boot-test-autoconfigure-2.3.1.RELEASE.jar;C:\Users\Admin stagiaire.DESKTOP-8967908\.m2\repository\com\jayway\jsonpath\json-path\2.4.0\json-path-2.4.0.jar;C:\Users\Admin stagiaire.DESKTOP-8967908\.m2\repository\net\minidev\json-smart\2.3\json-smart-2.3.jar;C:\Users\Admin stagiaire.DESKTOP-8967908\.m2\repository\net\minidev\accessors-smart\1.2\accessors-smart-1.2.jar;C:\Users\Admin stagiaire.DESKTOP-8967908\.m2\repository\org\ow2\asm\asm\5.0.4\asm-5.0.4.jar;C:\Users\Admin stagiaire.DESKTOP-8967908\.m2\repository\jakarta\xml\bind\jakarta.xml.bind-api\2.3.3\jakarta.xml.bind-api-2.3.3.jar;C:\Users\Admin stagiaire.DESKTOP-8967908\.m2\repository\jakarta\activation\jakarta.activation-api\1.2.2\jakarta.activation-api-1.2.2.jar;C:\Users\Admin stagiaire.DESKTOP-8967908\.m2\repository\org\assertj\assertj-core\3.16.1\assertj-core-3.16.1.jar;C:\Users\Admin stagiaire.DESKTOP-8967908\.m2\repository\org\hamcrest\hamcrest\2.2\hamcrest-2.2.jar;C:\Users\Admin stagiaire.DESKTOP-8967908\.m2\repository\org\junit\jupiter\junit-jupiter\5.6.2\junit-jupiter-5.6.2.jar;C:\Users\Admin stagiaire.DESKTOP-8967908\.m2\repository\org\junit\jupiter\junit-jupiter-api\5.6.2\junit-jupiter-api-5.6.2.jar;C:\Users\Admin stagiaire.DESKTOP-8967908\.m2\repository\org\opentest4j\opentest4j\1.2.0\opentest4j-1.2.0.jar;C:\Users\Admin stagiaire.DESKTOP-8967908\.m2\repository\org\junit\platform\junit-platform-commons\1.6.2\junit-platform-commons-1.6.2.jar;C:\Users\Admin stagiaire.DESKTOP-8967908\.m2\repository\org\junit\jupiter\junit-jupiter-params\5.6.2\junit-jupiter-params-5.6.2.jar;C:\Users\Admin stagiaire.DESKTOP-8967908\.m2\repository\org\junit\jupiter\junit-jupiter-engine\5.6.2\junit-jupiter-engine-5.6.2.jar;C:\Users\Admin stagiaire.DESKTOP-8967908\.m2\repository\org\junit\vintage\junit-vintage-engine\5.6.2\junit-vintage-engine-5.6.2.jar;C:\Users\Admin stagiaire.DESKTOP-8967908\.m2\repository\org\apiguardian\apiguardian-api\1.1.0\apiguardian-api-1.1.0.jar;C:\Users\Admin stagiaire.DESKTOP-8967908\.m2\repository\org\junit\platform\junit-platform-engine\1.6.2\junit-platform-engine-1.6.2.jar;C:\Users\Admin stagiaire.DESKTOP-8967908\.m2\repository\junit\junit\4.13\junit-4.13.jar;C:\Users\Admin stagiaire.DESKTOP-8967908\.m2\repository\org\mockito\mockito-core\3.3.3\mockito-core-3.3.3.jar;C:\Users\Admin stagiaire.DESKTOP-8967908\.m2\repository\net\bytebuddy\byte-buddy-agent\1.10.11\byte-buddy-agent-1.10.11.jar;C:\Users\Admin stagiaire.DESKTOP-8967908\.m2\repository\org\objenesis\objenesis\2.6\objenesis-2.6.jar;C:\Users\Admin stagiaire.DESKTOP-8967908\.m2\repository\org\mockito\mockito-junit-jupiter\3.3.3\mockito-junit-jupiter-3.3.3.jar;C:\Users\Admin stagiaire.DESKTOP-8967908\.m2\repository\org\skyscreamer\jsonassert\1.5.0\jsonassert-1.5.0.jar;C:\Users\Admin stagiaire.DESKTOP-8967908\.m2\repository\com\vaadin\external\google\android-json\0.0.20131108.vaadin1\android-json-0.0.20131108.vaadin1.jar;C:\Users\Admin stagiaire.DESKTOP-8967908\.m2\repository\org\springframework\spring-core\5.2.7.RELEASE\spring-core-5.2.7.RELEASE.jar;C:\Users\Admin stagiaire.DESKTOP-8967908\.m2\repository\org\springframework\spring-jcl\5.2.7.RELEASE\spring-jcl-5.2.7.RELEASE.jar;C:\Users\Admin stagiaire.DESKTOP-8967908\.m2\repository\org\springframework\spring-test\5.2.7.RELEASE\spring-test-5.2.7.RELEASE.jar;C:\Users\Admin stagiaire.DESKTOP-8967908\.m2\repository\org\xmlunit\xmlunit-core\2.7.0\xmlunit-core-2.7.0.jar;C:\Users\Admin stagiaire.DESKTOP-8967908\.m2\repository\org\modelmapper\modelmapper\2.3.0\modelmapper-2.3.0.jar;C:\Users\Admin stagiaire.DESKTOP-8967908\.m2\repository\org\springdoc\springdoc-openapi-ui\1.5.2\springdoc-openapi-ui-1.5.2.jar;C:\Users\Admin stagiaire.DESKTOP-8967908\.m2\repository\org\springdoc\springdoc-openapi-webmvc-core\1.5.2\springdoc-openapi-webmvc-core-1.5.2.jar;C:\Users\Admin stagiaire.DESKTOP-8967908\.m2\repository\org\springdoc\springdoc-openapi-common\1.5.2\springdoc-openapi-common-1.5.2.jar;C:\Users\Admin stagiaire.DESKTOP-8967908\.m2\repository\io\swagger\core\v3\swagger-models\2.1.6\swagger-models-2.1.6.jar;C:\Users\Admin stagiaire.DESKTOP-8967908\.m2\repository\io\swagger\core\v3\swagger-annotations\2.1.6\swagger-annotations-2.1.6.jar;C:\Users\Admin stagiaire.DESKTOP-8967908\.m2\repository\io\swagger\core\v3\swagger-integration\2.1.6\swagger-integration-2.1.6.jar;C:\Users\Admin stagiaire.DESKTOP-8967908\.m2\repository\io\swagger\core\v3\swagger-core\2.1.6\swagger-core-2.1.6.jar;C:\Users\Admin stagiaire.DESKTOP-8967908\.m2\repository\com\fasterxml\jackson\dataformat\jackson-dataformat-yaml\2.11.0\jackson-dataformat-yaml-2.11.0.jar;C:\Users\Admin stagiaire.DESKTOP-8967908\.m2\repository\jakarta\validation\jakarta.validation-api\2.0.2\jakarta.validation-api-2.0.2.jar;C:\Users\Admin stagiaire.DESKTOP-8967908\.m2\repository\io\github\classgraph\classgraph\4.8.69\classgraph-4.8.69.jar;C:\Users\Admin stagiaire.DESKTOP-8967908\.m2\repository\org\apache\commons\commons-lang3\3.10\commons-lang3-3.10.jar;C:\Users\Admin stagiaire.DESKTOP-8967908\.m2\repository\org\webjars\swagger-ui\3.38.0\swagger-ui-3.38.0.jar;C:\Users\Admin stagiaire.DESKTOP-8967908\.m2\repository\org\webjars\webjars-locator-core\0.45\webjars-locator-core-0.45.jar;C:\Users\Admin stagiaire.DESKTOP-8967908\.m2\repository\com\fasterxml\jackson\core\jackson-core\2.11.0\jackson-core-2.11.0.jar;C:\Users\Admin stagiaire.DESKTOP-8967908\.m2\repository\io\jsonwebtoken\jjwt\0.9.1\jjwt-0.9.1.jar;C:\Users\Admin stagiaire.DESKTOP-8967908\.m2\repository\com\fasterxml\jackson\core\jackson-databind\2.11.0\jackson-databind-2.11.0.jar;C:\Users\Admin stagiaire.DESKTOP-8967908\.m2\repository\com\fasterxml\jackson\core\jackson-annotations\2.11.0\jackson-annotations-2.11.0.jar;C:\Users\Admin stagiaire.DESKTOP-8967908\.m2\repository\org\springframework\boot\spring-boot-starter-mail\2.3.1.RELEASE\spring-boot-starter-mail-2.3.1.RELEASE.jar;C:\Users\Admin stagiaire.DESKTOP-8967908\.m2\repository\org\springframework\spring-context-support\5.2.7.RELEASE\spring-context-support-5.2.7.RELEASE.jar;C:\Users\Admin stagiaire.DESKTOP-8967908\.m2\repository\com\sun\mail\jakarta.mail\1.6.5\jakarta.mail-1.6.5.jar;C:\Users\Admin stagiaire.DESKTOP-8967908\.m2\repository\com\sun\activation\jakarta.activation\1.2.2\jakarta.activation-1.2.2.jar;C:\Users\Admin stagiaire.DESKTOP-8967908\.m2\repository\com\univocity\univocity-parsers\2.9.1\univocity-parsers-2.9.1.jar;"/>
    <property name="sun.cpu.endian" value="little"/>
    <property name="user.home" value="C:\Users\Admin stagiaire.DESKTOP-8967908"/>
    <property name="user.language" value="fr"/>
    <property name="java.specification.vendor" value="Oracle Corporation"/>
    <property name="java.version.date" value="2022-04-19"/>
    <property name="java.home" value="C:\Program Files\Java\jdk-11.0.15"/>
    <property name="file.separator" value="\"/>
    <property name="basedir" value="C:\Users\Admin stagiaire.DESKTOP-8967908\Desktop\cfa-portal-api"/>
    <property name="java.vm.compressedOopsMode" value="Zero based"/>
    <property name="line.separator" value="&#10;"/>
    <property name="java.specification.name" value="Java Platform API Specification"/>
    <property name="java.vm.specification.vendor" value="Oracle Corporation"/>
    <property name="java.awt.graphicsenv" value="sun.awt.Win32GraphicsEnvironment"/>
    <property name="surefire.real.class.path" value="C:\Users\Admin stagiaire.DESKTOP-8967908\AppData\Local\Temp\surefire7645745064949186870\surefirebooter12012806008210041848.jar"/>
    <property name="user.script" value=""/>
    <property name="sun.management.compiler" value="HotSpot 64-Bit Tiered Compilers"/>
    <property name="java.runtime.version" value="11.0.15+8-LTS-149"/>
    <property name="user.name" value="Admin stagiaire"/>
    <property name="path.separator" value=";"/>
    <property name="os.version" value="10.0"/>
    <property name="java.runtime.name" value="Java(TM) SE Runtime Environment"/>
    <property name="file.encoding" value="Cp1252"/>
    <property name="java.vm.name" value="Java HotSpot(TM) 64-Bit Server VM"/>
    <property name="java.vendor.version" value="18.9"/>
    <property name="localRepository" value="C:\Users\Admin stagiaire.DESKTOP-8967908\.m2\repository"/>
    <property name="java.vendor.url.bug" value="https://bugreport.java.com/bugreport/"/>
    <property name="java.io.tmpdir" value="C:\Users\Admin stagiaire.DESKTOP-8967908\AppData\Local\Temp\"/>
    <property name="java.version" value="11.0.15"/>
    <property name="user.dir" value="C:\Users\Admin stagiaire.DESKTOP-8967908\Desktop\cfa-portal-api"/>
    <property name="os.arch" value="amd64"/>
    <property name="java.vm.specification.name" value="Java Virtual Machine Specification"/>
    <property name="java.awt.printerjob" value="sun.awt.windows.WPrinterJob"/>
    <property name="sun.os.patch.level" value=""/>
    <property name="java.library.path" value="C:\Program Files\Java\jdk-11.0.15\bin;C:\WINDOWS\Sun\Java\bin;C:\WINDOWS\system32;C:\WINDOWS;C:\Program Files\Common Files\Oracle\Java\javapath;C:\Program Files (x86)\Common Files\Oracle\Java\javapath;C:\apache-maven-3.8.5\bin;C:\Windows\system32;C:\Windows;C:\Windows\System32\Wbem;C:\Windows\System32\WindowsPowerShell\v1.0\;C:\Windows\System32\OpenSSH\;C:\ProgramData\chocolatey\bin;C:\Users\Admin\AppData\Local\Microsoft\WindowsApps;C:\Program Files\Git\bin;C:\Program Files\Java\jdk1.8.0_201\bin;C:\Program Files\Oracle\VirtualBox;C:\Program Files\Intel\WiFi\bin\;C:\Program Files\Common Files\Intel\WirelessCommon\;C:\Program Files (x86)\NVIDIA Corporation\PhysX\Common;C:\WINDOWS\system32;C:\WINDOWS;C:\WINDOWS\System32\Wbem;C:\WINDOWS\System32\WindowsPowerShell\v1.0\;C:\WINDOWS\System32\OpenSSH\;C:\Program Files\Microsoft SQL Server\130\Tools\Binn\;C:\Program Files\Microsoft SQL Server\Client SDK\ODBC\170\Tools\Binn\;C:\Program Files (x86)\Microsoft SQL Server\150\DTS\Binn\;C:\Program Files\Azure Data Studio\bin;C:\Program Files (x86)\Microsoft SQL Server\150\Tools\Binn\;C:\Program Files\Microsoft SQL Server\150\Tools\Binn\;C:\Program Files\Microsoft SQL Server\150\DTS\Binn\;C:\Program Files\dotnet\;C:\HashiCorp\Vagrant\bin;C:\Program Files\nodejs\;C:\Program Files (x86)\dotnet\;C:\Users\Admin stagiaire.DESKTOP-8967908\AppData\Local\Microsoft\WindowsApps;C:\Users\Admin stagiaire.DESKTOP-8967908\AppData\Local\Programs\Microsoft VS Code\bin;C:\Users\Admin stagiaire.DESKTOP-8967908\.dotnet\tools;C:\Program Files\Azure Data Studio\bin;C:\Users\Admin stagiaire.DESKTOP-8967908\AppData\Local\atom\bin;C:\Users\Admin stagiaire.DESKTOP-8967908\.dotnet\tools;C:\Users\Admin stagiaire.DESKTOP-8967908\AppData\Roaming\npm;."/>
    <property name="java.vendor" value="Oracle Corporation"/>
    <property name="java.vm.info" value="mixed mode"/>
    <property name="java.vm.version" value="11.0.15+8-LTS-149"/>
    <property name="sun.io.unicode.encoding" value="UnicodeLittle"/>
    <property name="java.class.version" value="55.0"/>
  </properties>
  <testcase name="testGetIntervenionByIdEtudiant" classname="fr.dawan.AppliCFABack.Controller.EtudiantControllerTests" time="0.014">
    <failure message="Status expected:&lt;200&gt; but was:&lt;400&gt;" type="java.lang.AssertionError"><![CDATA[java.lang.AssertionError: Status expected:<200> but was:<400>
	at fr.dawan.AppliCFABack.Controller.EtudiantControllerTests.testGetIntervenionByIdEtudiant(EtudiantControllerTests.java:222)
]]></failure>
    <system-out><![CDATA[2022-05-03 11:20:51.461  INFO 19084 --- [           main] .b.t.c.SpringBootTestContextBootstrapper : Neither @ContextConfiguration nor @ContextHierarchy found for test class [fr.dawan.AppliCFABack.Controller.EtudiantControllerTests], using SpringBootContextLoader
2022-05-03 11:20:51.462  INFO 19084 --- [           main] o.s.t.c.support.AbstractContextLoader    : Could not detect default resource locations for test class [fr.dawan.AppliCFABack.Controller.EtudiantControllerTests]: no resource found for suffixes {-context.xml, Context.groovy}.
2022-05-03 11:20:51.462  INFO 19084 --- [           main] t.c.s.AnnotationConfigContextLoaderUtils : Could not detect default configuration classes for test class [fr.dawan.AppliCFABack.Controller.EtudiantControllerTests]: EtudiantControllerTests does not declare any static, non-private, non-final, nested classes annotated with @Configuration.
2022-05-03 11:20:51.465  INFO 19084 --- [           main] .b.t.c.SpringBootTestContextBootstrapper : Found @SpringBootConfiguration fr.dawan.AppliCFABack.AppliCfaBackApplication for test class fr.dawan.AppliCFABack.Controller.EtudiantControllerTests
2022-05-03 11:20:51.469  INFO 19084 --- [           main] .b.t.c.SpringBootTestContextBootstrapper : Loaded default TestExecutionListener class names from location [META-INF/spring.factories]: [org.springframework.boot.test.mock.mockito.MockitoTestExecutionListener, org.springframework.boot.test.mock.mockito.ResetMocksTestExecutionListener, org.springframework.boot.test.autoconfigure.restdocs.RestDocsTestExecutionListener, org.springframework.boot.test.autoconfigure.web.client.MockRestServiceServerResetTestExecutionListener, org.springframework.boot.test.autoconfigure.web.servlet.MockMvcPrintOnlyOnFailureTestExecutionListener, org.springframework.boot.test.autoconfigure.web.servlet.WebDriverTestExecutionListener, org.springframework.boot.test.autoconfigure.webservices.client.MockWebServiceServerTestExecutionListener, org.springframework.test.context.web.ServletTestExecutionListener, org.springframework.test.context.support.DirtiesContextBeforeModesTestExecutionListener, org.springframework.test.context.support.DependencyInjectionTestExecutionListener, org.springframework.test.context.support.DirtiesContextTestExecutionListener, org.springframework.test.context.transaction.TransactionalTestExecutionListener, org.springframework.test.context.jdbc.SqlScriptsTestExecutionListener, org.springframework.test.context.event.EventPublishingTestExecutionListener]
2022-05-03 11:20:51.470  INFO 19084 --- [           main] .b.t.c.SpringBootTestContextBootstrapper : Using TestExecutionListeners: [org.springframework.test.context.web.ServletTestExecutionListener@2680474c, org.springframework.test.context.support.DirtiesContextBeforeModesTestExecutionListener@4de3a1ca, org.springframework.boot.test.mock.mockito.MockitoTestExecutionListener@329cdafa, org.springframework.boot.test.autoconfigure.SpringBootDependencyInjectionTestExecutionListener@6b36ab82, org.springframework.test.context.support.DirtiesContextTestExecutionListener@4f283b8f, org.springframework.test.context.transaction.TransactionalTestExecutionListener@1f953e51, org.springframework.test.context.jdbc.SqlScriptsTestExecutionListener@4b0a6c53, org.springframework.test.context.event.EventPublishingTestExecutionListener@15beb40b, org.springframework.boot.test.mock.mockito.ResetMocksTestExecutionListener@1bc41170, org.springframework.boot.test.autoconfigure.restdocs.RestDocsTestExecutionListener@2d95c3ef, org.springframework.boot.test.autoconfigure.web.client.MockRestServiceServerResetTestExecutionListener@35e55afa, org.springframework.boot.test.autoconfigure.web.servlet.MockMvcPrintOnlyOnFailureTestExecutionListener@559baea1, org.springframework.boot.test.autoconfigure.web.servlet.WebDriverTestExecutionListener@6eef7af3, org.springframework.boot.test.autoconfigure.webservices.client.MockWebServiceServerTestExecutionListener@6de6467a]

MockHttpServletRequest:
      HTTP Method = GET
      Request URI = /etudiants/0/intervention
       Parameters = {}
          Headers = [Accept:"application/json"]
             Body = null
    Session Attrs = {}

Handler:
             Type = fr.dawan.AppliCFABack.controllers.EtudiantController
           Method = fr.dawan.AppliCFABack.controllers.EtudiantController#getAllByPage(int, int)

Async:
    Async started = false
     Async result = null

Resolved Exception:
             Type = org.springframework.web.method.annotation.MethodArgumentTypeMismatchException

ModelAndView:
        View name = null
             View = null
            Model = null

FlashMap:
       Attributes = null

MockHttpServletResponse:
           Status = 400
    Error message = null
          Headers = [Vary:"Origin", "Access-Control-Request-Method", "Access-Control-Request-Headers"]
     Content type = null
             Body = 
    Forwarded URL = null
   Redirected URL = null
          Cookies = []
]]></system-out>
  </testcase>
  <testcase name="testGetAdresseByIdEtudiant" classname="fr.dawan.AppliCFABack.Controller.EtudiantControllerTests" time="0.023">
    <failure message="Status expected:&lt;200&gt; but was:&lt;500&gt;" type="java.lang.AssertionError"><![CDATA[java.lang.AssertionError: Status expected:<200> but was:<500>
	at fr.dawan.AppliCFABack.Controller.EtudiantControllerTests.testGetAdresseByIdEtudiant(EtudiantControllerTests.java:182)
]]></failure>
    <system-out><![CDATA[Hibernate: select etudiant0_.id as id1_16_0_, etudiant0_.utilisateur_id as utilisat2_16_0_, utilisateu1_.id as id1_42_1_, utilisateu1_.adresse_id as adresse_9_42_1_, utilisateu1_.cef_id as cef_id10_42_1_, utilisateu1_.civilite as civilite2_42_1_, utilisateu1_.date_de_naissance as date_de_3_42_1_, utilisateu1_.etudiant_id as etudian11_42_1_, utilisateu1_.formateur_id as formate12_42_1_, utilisateu1_.login as login4_42_1_, utilisateu1_.maitre_apprentissage_id as maitre_13_42_1_, utilisateu1_.nom as nom5_42_1_, utilisateu1_.password as password6_42_1_, utilisateu1_.prenom as prenom7_42_1_, utilisateu1_.telephone as telephon8_42_1_, adresse2_.id as id1_2_2_, adresse2_.code_postal as code_pos2_2_2_, adresse2_.numero as numero3_2_2_, adresse2_.rue as rue4_2_2_, adresse2_.ville as ville5_2_2_, cef3_.id as id1_3_3_, cef3_.centre_formation_id as centre_f2_3_3_, cef3_.entreprise_id as entrepri3_3_3_, cef3_.utilisateur_id as utilisat4_3_3_, etudiant4_.id as id1_16_4_, etudiant4_.utilisateur_id as utilisat2_16_4_, formateur5_.id as id1_24_5_, formateur5_.entreprise_id as entrepri2_24_5_, formateur5_.utilisateur_id as utilisat3_24_5_, maitreappr6_.id as id1_31_6_, maitreappr6_.entreprise_id as entrepri2_31_6_, maitreappr6_.utilisateur_id as utilisat3_31_6_ from etudiant etudiant0_ left outer join utilisateur utilisateu1_ on etudiant0_.utilisateur_id=utilisateu1_.id left outer join adresse adresse2_ on utilisateu1_.adresse_id=adresse2_.id left outer join cef cef3_ on utilisateu1_.cef_id=cef3_.id left outer join etudiant etudiant4_ on utilisateu1_.etudiant_id=etudiant4_.id left outer join formateur formateur5_ on utilisateu1_.formateur_id=formateur5_.id left outer join maitre_apprentissage maitreappr6_ on utilisateu1_.maitre_apprentissage_id=maitreappr6_.id where etudiant0_.id=?
2022-05-03 11:20:51.495 ERROR 19084 --- [           main] unknown.jul.logger                       : java.lang.NullPointerException
	at fr.dawan.AppliCFABack.services.EtudiantServiceImpl.getAdresseByIdEtudiant(EtudiantServiceImpl.java:432)
	at fr.dawan.AppliCFABack.services.EtudiantServiceImpl$$FastClassBySpringCGLIB$$c5526007.invoke(<generated>)
	at org.springframework.cglib.proxy.MethodProxy.invoke(MethodProxy.java:218)
	at org.springframework.aop.framework.CglibAopProxy$CglibMethodInvocation.invokeJoinpoint(CglibAopProxy.java:771)
	at org.springframework.aop.framework.ReflectiveMethodInvocation.proceed(ReflectiveMethodInvocation.java:163)
	at org.springframework.aop.framework.CglibAopProxy$CglibMethodInvocation.proceed(CglibAopProxy.java:749)
	at org.springframework.transaction.interceptor.TransactionAspectSupport.invokeWithinTransaction(TransactionAspectSupport.java:367)
	at org.springframework.transaction.interceptor.TransactionInterceptor.invoke(TransactionInterceptor.java:118)
	at org.springframework.aop.framework.ReflectiveMethodInvocation.proceed(ReflectiveMethodInvocation.java:186)
	at org.springframework.aop.framework.CglibAopProxy$CglibMethodInvocation.proceed(CglibAopProxy.java:749)
	at org.springframework.aop.framework.CglibAopProxy$DynamicAdvisedInterceptor.intercept(CglibAopProxy.java:691)
	at fr.dawan.AppliCFABack.services.EtudiantServiceImpl$$EnhancerBySpringCGLIB$$2bc90710.getAdresseByIdEtudiant(<generated>)
	at fr.dawan.AppliCFABack.controllers.EtudiantController.getAdresseByIdEtudiant(EtudiantController.java:153)
	at java.base/jdk.internal.reflect.NativeMethodAccessorImpl.invoke0(Native Method)
	at java.base/jdk.internal.reflect.NativeMethodAccessorImpl.invoke(NativeMethodAccessorImpl.java:62)
	at java.base/jdk.internal.reflect.DelegatingMethodAccessorImpl.invoke(DelegatingMethodAccessorImpl.java:43)
	at java.base/java.lang.reflect.Method.invoke(Method.java:566)
	at org.springframework.web.method.support.InvocableHandlerMethod.doInvoke(InvocableHandlerMethod.java:190)
	at org.springframework.web.method.support.InvocableHandlerMethod.invokeForRequest(InvocableHandlerMethod.java:138)
	at org.springframework.web.servlet.mvc.method.annotation.ServletInvocableHandlerMethod.invokeAndHandle(ServletInvocableHandlerMethod.java:105)
	at org.springframework.web.servlet.mvc.method.annotation.RequestMappingHandlerAdapter.invokeHandlerMethod(RequestMappingHandlerAdapter.java:879)
	at org.springframework.web.servlet.mvc.method.annotation.RequestMappingHandlerAdapter.handleInternal(RequestMappingHandlerAdapter.java:793)
	at org.springframework.web.servlet.mvc.method.AbstractHandlerMethodAdapter.handle(AbstractHandlerMethodAdapter.java:87)
	at org.springframework.web.servlet.DispatcherServlet.doDispatch(DispatcherServlet.java:1040)
	at org.springframework.web.servlet.DispatcherServlet.doService(DispatcherServlet.java:943)
	at org.springframework.web.servlet.FrameworkServlet.processRequest(FrameworkServlet.java:1006)
	at org.springframework.web.servlet.FrameworkServlet.doGet(FrameworkServlet.java:898)
	at javax.servlet.http.HttpServlet.service(HttpServlet.java:634)
	at org.springframework.web.servlet.FrameworkServlet.service(FrameworkServlet.java:883)
	at org.springframework.test.web.servlet.TestDispatcherServlet.service(TestDispatcherServlet.java:72)
	at javax.servlet.http.HttpServlet.service(HttpServlet.java:741)
	at org.springframework.mock.web.MockFilterChain$ServletFilterProxy.doFilter(MockFilterChain.java:167)
	at org.springframework.mock.web.MockFilterChain.doFilter(MockFilterChain.java:134)
	at org.springframework.web.filter.RequestContextFilter.doFilterInternal(RequestContextFilter.java:100)
	at org.springframework.web.filter.OncePerRequestFilter.doFilter(OncePerRequestFilter.java:119)
	at org.springframework.mock.web.MockFilterChain.doFilter(MockFilterChain.java:134)
	at org.springframework.web.filter.FormContentFilter.doFilterInternal(FormContentFilter.java:93)
	at org.springframework.web.filter.OncePerRequestFilter.doFilter(OncePerRequestFilter.java:119)
	at org.springframework.mock.web.MockFilterChain.doFilter(MockFilterChain.java:134)
	at org.springframework.boot.actuate.metrics.web.servlet.WebMvcMetricsFilter.doFilterInternal(WebMvcMetricsFilter.java:93)
	at org.springframework.web.filter.OncePerRequestFilter.doFilter(OncePerRequestFilter.java:119)
	at org.springframework.mock.web.MockFilterChain.doFilter(MockFilterChain.java:134)
	at org.springframework.web.filter.CharacterEncodingFilter.doFilterInternal(CharacterEncodingFilter.java:201)
	at org.springframework.web.filter.OncePerRequestFilter.doFilter(OncePerRequestFilter.java:119)
	at org.springframework.mock.web.MockFilterChain.doFilter(MockFilterChain.java:134)
	at org.springframework.test.web.servlet.MockMvc.perform(MockMvc.java:183)
	at fr.dawan.AppliCFABack.Controller.EtudiantControllerTests.testGetAdresseByIdEtudiant(EtudiantControllerTests.java:181)
	at java.base/jdk.internal.reflect.NativeMethodAccessorImpl.invoke0(Native Method)
	at java.base/jdk.internal.reflect.NativeMethodAccessorImpl.invoke(NativeMethodAccessorImpl.java:62)
	at java.base/jdk.internal.reflect.DelegatingMethodAccessorImpl.invoke(DelegatingMethodAccessorImpl.java:43)
	at java.base/java.lang.reflect.Method.invoke(Method.java:566)
	at org.junit.platform.commons.util.ReflectionUtils.invokeMethod(ReflectionUtils.java:686)
	at org.junit.jupiter.engine.execution.MethodInvocation.proceed(MethodInvocation.java:60)
	at org.junit.jupiter.engine.execution.InvocationInterceptorChain$ValidatingInvocation.proceed(InvocationInterceptorChain.java:131)
	at org.junit.jupiter.engine.extension.TimeoutExtension.intercept(TimeoutExtension.java:149)
	at org.junit.jupiter.engine.extension.TimeoutExtension.interceptTestableMethod(TimeoutExtension.java:140)
	at org.junit.jupiter.engine.extension.TimeoutExtension.interceptTestMethod(TimeoutExtension.java:84)
	at org.junit.jupiter.engine.execution.ExecutableInvoker$ReflectiveInterceptorCall.lambda$ofVoidMethod$0(ExecutableInvoker.java:115)
	at org.junit.jupiter.engine.execution.ExecutableInvoker.lambda$invoke$0(ExecutableInvoker.java:105)
	at org.junit.jupiter.engine.execution.InvocationInterceptorChain$InterceptedInvocation.proceed(InvocationInterceptorChain.java:106)
	at org.junit.jupiter.engine.execution.InvocationInterceptorChain.proceed(InvocationInterceptorChain.java:64)
	at org.junit.jupiter.engine.execution.InvocationInterceptorChain.chainAndInvoke(InvocationInterceptorChain.java:45)
	at org.junit.jupiter.engine.execution.InvocationInterceptorChain.invoke(InvocationInterceptorChain.java:37)
	at org.junit.jupiter.engine.execution.ExecutableInvoker.invoke(ExecutableInvoker.java:104)
	at org.junit.jupiter.engine.execution.ExecutableInvoker.invoke(ExecutableInvoker.java:98)
	at org.junit.jupiter.engine.descriptor.TestMethodTestDescriptor.lambda$invokeTestMethod$6(TestMethodTestDescriptor.java:212)
	at org.junit.platform.engine.support.hierarchical.ThrowableCollector.execute(ThrowableCollector.java:73)
	at org.junit.jupiter.engine.descriptor.TestMethodTestDescriptor.invokeTestMethod(TestMethodTestDescriptor.java:208)
	at org.junit.jupiter.engine.descriptor.TestMethodTestDescriptor.execute(TestMethodTestDescriptor.java:137)
	at org.junit.jupiter.engine.descriptor.TestMethodTestDescriptor.execute(TestMethodTestDescriptor.java:71)
	at org.junit.platform.engine.support.hierarchical.NodeTestTask.lambda$executeRecursively$5(NodeTestTask.java:135)
	at org.junit.platform.engine.support.hierarchical.ThrowableCollector.execute(ThrowableCollector.java:73)
	at org.junit.platform.engine.support.hierarchical.NodeTestTask.lambda$executeRecursively$7(NodeTestTask.java:125)
	at org.junit.platform.engine.support.hierarchical.Node.around(Node.java:135)
	at org.junit.platform.engine.support.hierarchical.NodeTestTask.lambda$executeRecursively$8(NodeTestTask.java:123)
	at org.junit.platform.engine.support.hierarchical.ThrowableCollector.execute(ThrowableCollector.java:73)
	at org.junit.platform.engine.support.hierarchical.NodeTestTask.executeRecursively(NodeTestTask.java:122)
	at org.junit.platform.engine.support.hierarchical.NodeTestTask.execute(NodeTestTask.java:80)
	at java.base/java.util.ArrayList.forEach(ArrayList.java:1541)
	at org.junit.platform.engine.support.hierarchical.SameThreadHierarchicalTestExecutorService.invokeAll(SameThreadHierarchicalTestExecutorService.java:38)
	at org.junit.platform.engine.support.hierarchical.NodeTestTask.lambda$executeRecursively$5(NodeTestTask.java:139)
	at org.junit.platform.engine.support.hierarchical.ThrowableCollector.execute(ThrowableCollector.java:73)
	at org.junit.platform.engine.support.hierarchical.NodeTestTask.lambda$executeRecursively$7(NodeTestTask.java:125)
	at org.junit.platform.engine.support.hierarchical.Node.around(Node.java:135)
	at org.junit.platform.engine.support.hierarchical.NodeTestTask.lambda$executeRecursively$8(NodeTestTask.java:123)
	at org.junit.platform.engine.support.hierarchical.ThrowableCollector.execute(ThrowableCollector.java:73)
	at org.junit.platform.engine.support.hierarchical.NodeTestTask.executeRecursively(NodeTestTask.java:122)
	at org.junit.platform.engine.support.hierarchical.NodeTestTask.execute(NodeTestTask.java:80)
	at java.base/java.util.ArrayList.forEach(ArrayList.java:1541)
	at org.junit.platform.engine.support.hierarchical.SameThreadHierarchicalTestExecutorService.invokeAll(SameThreadHierarchicalTestExecutorService.java:38)
	at org.junit.platform.engine.support.hierarchical.NodeTestTask.lambda$executeRecursively$5(NodeTestTask.java:139)
	at org.junit.platform.engine.support.hierarchical.ThrowableCollector.execute(ThrowableCollector.java:73)
	at org.junit.platform.engine.support.hierarchical.NodeTestTask.lambda$executeRecursively$7(NodeTestTask.java:125)
	at org.junit.platform.engine.support.hierarchical.Node.around(Node.java:135)
	at org.junit.platform.engine.support.hierarchical.NodeTestTask.lambda$executeRecursively$8(NodeTestTask.java:123)
	at org.junit.platform.engine.support.hierarchical.ThrowableCollector.execute(ThrowableCollector.java:73)
	at org.junit.platform.engine.support.hierarchical.NodeTestTask.executeRecursively(NodeTestTask.java:122)
	at org.junit.platform.engine.support.hierarchical.NodeTestTask.execute(NodeTestTask.java:80)
	at org.junit.platform.engine.support.hierarchical.SameThreadHierarchicalTestExecutorService.submit(SameThreadHierarchicalTestExecutorService.java:32)
	at org.junit.platform.engine.support.hierarchical.HierarchicalTestExecutor.execute(HierarchicalTestExecutor.java:57)
	at org.junit.platform.engine.support.hierarchical.HierarchicalTestEngine.execute(HierarchicalTestEngine.java:51)
	at org.junit.platform.launcher.core.DefaultLauncher.execute(DefaultLauncher.java:220)
	at org.junit.platform.launcher.core.DefaultLauncher.lambda$execute$6(DefaultLauncher.java:188)
	at org.junit.platform.launcher.core.DefaultLauncher.withInterceptedStreams(DefaultLauncher.java:202)
	at org.junit.platform.launcher.core.DefaultLauncher.execute(DefaultLauncher.java:181)
	at org.junit.platform.launcher.core.DefaultLauncher.execute(DefaultLauncher.java:128)
	at org.apache.maven.surefire.junitplatform.JUnitPlatformProvider.invokeAllTests(JUnitPlatformProvider.java:150)
	at org.apache.maven.surefire.junitplatform.JUnitPlatformProvider.invoke(JUnitPlatformProvider.java:124)
	at org.apache.maven.surefire.booter.ForkedBooter.invokeProviderInSameClassLoader(ForkedBooter.java:384)
	at org.apache.maven.surefire.booter.ForkedBooter.runSuitesInProcess(ForkedBooter.java:345)
	at org.apache.maven.surefire.booter.ForkedBooter.execute(ForkedBooter.java:126)
	at org.apache.maven.surefire.booter.ForkedBooter.main(ForkedBooter.java:418)


MockHttpServletRequest:
      HTTP Method = GET
      Request URI = /etudiants/0/adresse
       Parameters = {}
          Headers = [Accept:"application/json"]
             Body = null
    Session Attrs = {}

Handler:
             Type = fr.dawan.AppliCFABack.controllers.EtudiantController
           Method = fr.dawan.AppliCFABack.controllers.EtudiantController#getAdresseByIdEtudiant(long)

Async:
    Async started = false
     Async result = null

Resolved Exception:
             Type = java.lang.NullPointerException

ModelAndView:
        View name = null
             View = null
            Model = null

FlashMap:
       Attributes = null

MockHttpServletResponse:
           Status = 500
    Error message = null
          Headers = [Vary:"Origin", "Access-Control-Request-Method", "Access-Control-Request-Headers", Content-Type:"application/json"]
     Content type = application/json
             Body = {"status":"INTERNAL_SERVER_ERROR","message":null}
    Forwarded URL = null
   Redirected URL = null
          Cookies = []
]]></system-out>
  </testcase>
  <testcase name="testGetEntrepriseByIdEtudiant" classname="fr.dawan.AppliCFABack.Controller.EtudiantControllerTests" time="0.021">
    <failure message="Status expected:&lt;200&gt; but was:&lt;500&gt;" type="java.lang.AssertionError"><![CDATA[java.lang.AssertionError: Status expected:<200> but was:<500>
	at fr.dawan.AppliCFABack.Controller.EtudiantControllerTests.testGetEntrepriseByIdEtudiant(EtudiantControllerTests.java:146)
]]></failure>
    <system-out><![CDATA[Hibernate: select contrat0_.id as id1_8_, contrat0_.date_debut as date_deb2_8_, contrat0_.date_fin as date_fin3_8_, contrat0_.etudiant_id as etudiant4_8_, contrat0_.maitre_apprentissage_id as maitre_a5_8_ from contrat contrat0_ left outer join etudiant etudiant1_ on contrat0_.etudiant_id=etudiant1_.id where etudiant1_.id=?
2022-05-03 11:20:51.524 ERROR 19084 --- [           main] unknown.jul.logger                       : java.lang.NullPointerException
	at fr.dawan.AppliCFABack.services.EtudiantServiceImpl.getEntrepriseByIdEtudiant(EtudiantServiceImpl.java:426)
	at fr.dawan.AppliCFABack.services.EtudiantServiceImpl$$FastClassBySpringCGLIB$$c5526007.invoke(<generated>)
	at org.springframework.cglib.proxy.MethodProxy.invoke(MethodProxy.java:218)
	at org.springframework.aop.framework.CglibAopProxy$CglibMethodInvocation.invokeJoinpoint(CglibAopProxy.java:771)
	at org.springframework.aop.framework.ReflectiveMethodInvocation.proceed(ReflectiveMethodInvocation.java:163)
	at org.springframework.aop.framework.CglibAopProxy$CglibMethodInvocation.proceed(CglibAopProxy.java:749)
	at org.springframework.transaction.interceptor.TransactionAspectSupport.invokeWithinTransaction(TransactionAspectSupport.java:367)
	at org.springframework.transaction.interceptor.TransactionInterceptor.invoke(TransactionInterceptor.java:118)
	at org.springframework.aop.framework.ReflectiveMethodInvocation.proceed(ReflectiveMethodInvocation.java:186)
	at org.springframework.aop.framework.CglibAopProxy$CglibMethodInvocation.proceed(CglibAopProxy.java:749)
	at org.springframework.aop.framework.CglibAopProxy$DynamicAdvisedInterceptor.intercept(CglibAopProxy.java:691)
	at fr.dawan.AppliCFABack.services.EtudiantServiceImpl$$EnhancerBySpringCGLIB$$2bc90710.getEntrepriseByIdEtudiant(<generated>)
	at fr.dawan.AppliCFABack.controllers.EtudiantController.getEntrepriseByIdEtudiant(EtudiantController.java:127)
	at java.base/jdk.internal.reflect.NativeMethodAccessorImpl.invoke0(Native Method)
	at java.base/jdk.internal.reflect.NativeMethodAccessorImpl.invoke(NativeMethodAccessorImpl.java:62)
	at java.base/jdk.internal.reflect.DelegatingMethodAccessorImpl.invoke(DelegatingMethodAccessorImpl.java:43)
	at java.base/java.lang.reflect.Method.invoke(Method.java:566)
	at org.springframework.web.method.support.InvocableHandlerMethod.doInvoke(InvocableHandlerMethod.java:190)
	at org.springframework.web.method.support.InvocableHandlerMethod.invokeForRequest(InvocableHandlerMethod.java:138)
	at org.springframework.web.servlet.mvc.method.annotation.ServletInvocableHandlerMethod.invokeAndHandle(ServletInvocableHandlerMethod.java:105)
	at org.springframework.web.servlet.mvc.method.annotation.RequestMappingHandlerAdapter.invokeHandlerMethod(RequestMappingHandlerAdapter.java:879)
	at org.springframework.web.servlet.mvc.method.annotation.RequestMappingHandlerAdapter.handleInternal(RequestMappingHandlerAdapter.java:793)
	at org.springframework.web.servlet.mvc.method.AbstractHandlerMethodAdapter.handle(AbstractHandlerMethodAdapter.java:87)
	at org.springframework.web.servlet.DispatcherServlet.doDispatch(DispatcherServlet.java:1040)
	at org.springframework.web.servlet.DispatcherServlet.doService(DispatcherServlet.java:943)
	at org.springframework.web.servlet.FrameworkServlet.processRequest(FrameworkServlet.java:1006)
	at org.springframework.web.servlet.FrameworkServlet.doGet(FrameworkServlet.java:898)
	at javax.servlet.http.HttpServlet.service(HttpServlet.java:634)
	at org.springframework.web.servlet.FrameworkServlet.service(FrameworkServlet.java:883)
	at org.springframework.test.web.servlet.TestDispatcherServlet.service(TestDispatcherServlet.java:72)
	at javax.servlet.http.HttpServlet.service(HttpServlet.java:741)
	at org.springframework.mock.web.MockFilterChain$ServletFilterProxy.doFilter(MockFilterChain.java:167)
	at org.springframework.mock.web.MockFilterChain.doFilter(MockFilterChain.java:134)
	at org.springframework.web.filter.RequestContextFilter.doFilterInternal(RequestContextFilter.java:100)
	at org.springframework.web.filter.OncePerRequestFilter.doFilter(OncePerRequestFilter.java:119)
	at org.springframework.mock.web.MockFilterChain.doFilter(MockFilterChain.java:134)
	at org.springframework.web.filter.FormContentFilter.doFilterInternal(FormContentFilter.java:93)
	at org.springframework.web.filter.OncePerRequestFilter.doFilter(OncePerRequestFilter.java:119)
	at org.springframework.mock.web.MockFilterChain.doFilter(MockFilterChain.java:134)
	at org.springframework.boot.actuate.metrics.web.servlet.WebMvcMetricsFilter.doFilterInternal(WebMvcMetricsFilter.java:93)
	at org.springframework.web.filter.OncePerRequestFilter.doFilter(OncePerRequestFilter.java:119)
	at org.springframework.mock.web.MockFilterChain.doFilter(MockFilterChain.java:134)
	at org.springframework.web.filter.CharacterEncodingFilter.doFilterInternal(CharacterEncodingFilter.java:201)
	at org.springframework.web.filter.OncePerRequestFilter.doFilter(OncePerRequestFilter.java:119)
	at org.springframework.mock.web.MockFilterChain.doFilter(MockFilterChain.java:134)
	at org.springframework.test.web.servlet.MockMvc.perform(MockMvc.java:183)
	at fr.dawan.AppliCFABack.Controller.EtudiantControllerTests.testGetEntrepriseByIdEtudiant(EtudiantControllerTests.java:145)
	at java.base/jdk.internal.reflect.NativeMethodAccessorImpl.invoke0(Native Method)
	at java.base/jdk.internal.reflect.NativeMethodAccessorImpl.invoke(NativeMethodAccessorImpl.java:62)
	at java.base/jdk.internal.reflect.DelegatingMethodAccessorImpl.invoke(DelegatingMethodAccessorImpl.java:43)
	at java.base/java.lang.reflect.Method.invoke(Method.java:566)
	at org.junit.platform.commons.util.ReflectionUtils.invokeMethod(ReflectionUtils.java:686)
	at org.junit.jupiter.engine.execution.MethodInvocation.proceed(MethodInvocation.java:60)
	at org.junit.jupiter.engine.execution.InvocationInterceptorChain$ValidatingInvocation.proceed(InvocationInterceptorChain.java:131)
	at org.junit.jupiter.engine.extension.TimeoutExtension.intercept(TimeoutExtension.java:149)
	at org.junit.jupiter.engine.extension.TimeoutExtension.interceptTestableMethod(TimeoutExtension.java:140)
	at org.junit.jupiter.engine.extension.TimeoutExtension.interceptTestMethod(TimeoutExtension.java:84)
	at org.junit.jupiter.engine.execution.ExecutableInvoker$ReflectiveInterceptorCall.lambda$ofVoidMethod$0(ExecutableInvoker.java:115)
	at org.junit.jupiter.engine.execution.ExecutableInvoker.lambda$invoke$0(ExecutableInvoker.java:105)
	at org.junit.jupiter.engine.execution.InvocationInterceptorChain$InterceptedInvocation.proceed(InvocationInterceptorChain.java:106)
	at org.junit.jupiter.engine.execution.InvocationInterceptorChain.proceed(InvocationInterceptorChain.java:64)
	at org.junit.jupiter.engine.execution.InvocationInterceptorChain.chainAndInvoke(InvocationInterceptorChain.java:45)
	at org.junit.jupiter.engine.execution.InvocationInterceptorChain.invoke(InvocationInterceptorChain.java:37)
	at org.junit.jupiter.engine.execution.ExecutableInvoker.invoke(ExecutableInvoker.java:104)
	at org.junit.jupiter.engine.execution.ExecutableInvoker.invoke(ExecutableInvoker.java:98)
	at org.junit.jupiter.engine.descriptor.TestMethodTestDescriptor.lambda$invokeTestMethod$6(TestMethodTestDescriptor.java:212)
	at org.junit.platform.engine.support.hierarchical.ThrowableCollector.execute(ThrowableCollector.java:73)
	at org.junit.jupiter.engine.descriptor.TestMethodTestDescriptor.invokeTestMethod(TestMethodTestDescriptor.java:208)
	at org.junit.jupiter.engine.descriptor.TestMethodTestDescriptor.execute(TestMethodTestDescriptor.java:137)
	at org.junit.jupiter.engine.descriptor.TestMethodTestDescriptor.execute(TestMethodTestDescriptor.java:71)
	at org.junit.platform.engine.support.hierarchical.NodeTestTask.lambda$executeRecursively$5(NodeTestTask.java:135)
	at org.junit.platform.engine.support.hierarchical.ThrowableCollector.execute(ThrowableCollector.java:73)
	at org.junit.platform.engine.support.hierarchical.NodeTestTask.lambda$executeRecursively$7(NodeTestTask.java:125)
	at org.junit.platform.engine.support.hierarchical.Node.around(Node.java:135)
	at org.junit.platform.engine.support.hierarchical.NodeTestTask.lambda$executeRecursively$8(NodeTestTask.java:123)
	at org.junit.platform.engine.support.hierarchical.ThrowableCollector.execute(ThrowableCollector.java:73)
	at org.junit.platform.engine.support.hierarchical.NodeTestTask.executeRecursively(NodeTestTask.java:122)
	at org.junit.platform.engine.support.hierarchical.NodeTestTask.execute(NodeTestTask.java:80)
	at java.base/java.util.ArrayList.forEach(ArrayList.java:1541)
	at org.junit.platform.engine.support.hierarchical.SameThreadHierarchicalTestExecutorService.invokeAll(SameThreadHierarchicalTestExecutorService.java:38)
	at org.junit.platform.engine.support.hierarchical.NodeTestTask.lambda$executeRecursively$5(NodeTestTask.java:139)
	at org.junit.platform.engine.support.hierarchical.ThrowableCollector.execute(ThrowableCollector.java:73)
	at org.junit.platform.engine.support.hierarchical.NodeTestTask.lambda$executeRecursively$7(NodeTestTask.java:125)
	at org.junit.platform.engine.support.hierarchical.Node.around(Node.java:135)
	at org.junit.platform.engine.support.hierarchical.NodeTestTask.lambda$executeRecursively$8(NodeTestTask.java:123)
	at org.junit.platform.engine.support.hierarchical.ThrowableCollector.execute(ThrowableCollector.java:73)
	at org.junit.platform.engine.support.hierarchical.NodeTestTask.executeRecursively(NodeTestTask.java:122)
	at org.junit.platform.engine.support.hierarchical.NodeTestTask.execute(NodeTestTask.java:80)
	at java.base/java.util.ArrayList.forEach(ArrayList.java:1541)
	at org.junit.platform.engine.support.hierarchical.SameThreadHierarchicalTestExecutorService.invokeAll(SameThreadHierarchicalTestExecutorService.java:38)
	at org.junit.platform.engine.support.hierarchical.NodeTestTask.lambda$executeRecursively$5(NodeTestTask.java:139)
	at org.junit.platform.engine.support.hierarchical.ThrowableCollector.execute(ThrowableCollector.java:73)
	at org.junit.platform.engine.support.hierarchical.NodeTestTask.lambda$executeRecursively$7(NodeTestTask.java:125)
	at org.junit.platform.engine.support.hierarchical.Node.around(Node.java:135)
	at org.junit.platform.engine.support.hierarchical.NodeTestTask.lambda$executeRecursively$8(NodeTestTask.java:123)
	at org.junit.platform.engine.support.hierarchical.ThrowableCollector.execute(ThrowableCollector.java:73)
	at org.junit.platform.engine.support.hierarchical.NodeTestTask.executeRecursively(NodeTestTask.java:122)
	at org.junit.platform.engine.support.hierarchical.NodeTestTask.execute(NodeTestTask.java:80)
	at org.junit.platform.engine.support.hierarchical.SameThreadHierarchicalTestExecutorService.submit(SameThreadHierarchicalTestExecutorService.java:32)
	at org.junit.platform.engine.support.hierarchical.HierarchicalTestExecutor.execute(HierarchicalTestExecutor.java:57)
	at org.junit.platform.engine.support.hierarchical.HierarchicalTestEngine.execute(HierarchicalTestEngine.java:51)
	at org.junit.platform.launcher.core.DefaultLauncher.execute(DefaultLauncher.java:220)
	at org.junit.platform.launcher.core.DefaultLauncher.lambda$execute$6(DefaultLauncher.java:188)
	at org.junit.platform.launcher.core.DefaultLauncher.withInterceptedStreams(DefaultLauncher.java:202)
	at org.junit.platform.launcher.core.DefaultLauncher.execute(DefaultLauncher.java:181)
	at org.junit.platform.launcher.core.DefaultLauncher.execute(DefaultLauncher.java:128)
	at org.apache.maven.surefire.junitplatform.JUnitPlatformProvider.invokeAllTests(JUnitPlatformProvider.java:150)
	at org.apache.maven.surefire.junitplatform.JUnitPlatformProvider.invoke(JUnitPlatformProvider.java:124)
	at org.apache.maven.surefire.booter.ForkedBooter.invokeProviderInSameClassLoader(ForkedBooter.java:384)
	at org.apache.maven.surefire.booter.ForkedBooter.runSuitesInProcess(ForkedBooter.java:345)
	at org.apache.maven.surefire.booter.ForkedBooter.execute(ForkedBooter.java:126)
	at org.apache.maven.surefire.booter.ForkedBooter.main(ForkedBooter.java:418)


MockHttpServletRequest:
      HTTP Method = GET
      Request URI = /etudiants/0/entreprise
       Parameters = {}
          Headers = [Accept:"application/json"]
             Body = null
    Session Attrs = {}

Handler:
             Type = fr.dawan.AppliCFABack.controllers.EtudiantController
           Method = fr.dawan.AppliCFABack.controllers.EtudiantController#getEntrepriseByIdEtudiant(long)

Async:
    Async started = false
     Async result = null

Resolved Exception:
             Type = java.lang.NullPointerException

ModelAndView:
        View name = null
             View = null
            Model = null

FlashMap:
       Attributes = null

MockHttpServletResponse:
           Status = 500
    Error message = null
          Headers = [Vary:"Origin", "Access-Control-Request-Method", "Access-Control-Request-Headers", Content-Type:"application/json"]
     Content type = application/json
             Body = {"status":"INTERNAL_SERVER_ERROR","message":null}
    Forwarded URL = null
   Redirected URL = null
          Cookies = []
]]></system-out>
  </testcase>
  <testcase name="testFindAll" classname="fr.dawan.AppliCFABack.Controller.EtudiantControllerTests" time="0.031">
    <failure message="Status expected:&lt;200&gt; but was:&lt;500&gt;" type="java.lang.AssertionError"><![CDATA[java.lang.AssertionError: Status expected:<200> but was:<500>
	at fr.dawan.AppliCFABack.Controller.EtudiantControllerTests.testFindAll(EtudiantControllerTests.java:64)
]]></failure>
    <system-out><![CDATA[Hibernate: select etudiant0_.id as id1_16_, etudiant0_.utilisateur_id as utilisat2_16_ from etudiant etudiant0_
Hibernate: select utilisateu0_.id as id1_42_0_, utilisateu0_.adresse_id as adresse_9_42_0_, utilisateu0_.cef_id as cef_id10_42_0_, utilisateu0_.civilite as civilite2_42_0_, utilisateu0_.date_de_naissance as date_de_3_42_0_, utilisateu0_.etudiant_id as etudian11_42_0_, utilisateu0_.formateur_id as formate12_42_0_, utilisateu0_.login as login4_42_0_, utilisateu0_.maitre_apprentissage_id as maitre_13_42_0_, utilisateu0_.nom as nom5_42_0_, utilisateu0_.password as password6_42_0_, utilisateu0_.prenom as prenom7_42_0_, utilisateu0_.telephone as telephon8_42_0_, adresse1_.id as id1_2_1_, adresse1_.code_postal as code_pos2_2_1_, adresse1_.numero as numero3_2_1_, adresse1_.rue as rue4_2_1_, adresse1_.ville as ville5_2_1_, cef2_.id as id1_3_2_, cef2_.centre_formation_id as centre_f2_3_2_, cef2_.entreprise_id as entrepri3_3_2_, cef2_.utilisateur_id as utilisat4_3_2_, centreform3_.id as id1_4_3_, centreform3_.adresse_id as adresse_5_4_3_, centreform3_.country_code as country_2_4_3_, centreform3_.entreprise_id as entrepri6_4_3_, centreform3_.id_dg2 as id_dg3_4_3_, centreform3_.nom as nom4_4_3_, entreprise4_.id as id1_15_4_, entreprise4_.adresse_siege_id as adresse_7_15_4_, entreprise4_.effectif_total as effectif2_15_4_, entreprise4_.employeur_type as employeu3_15_4_, entreprise4_.naf as naf4_15_4_, entreprise4_.raison_sociale as raison_s5_15_4_, entreprise4_.siret as siret6_15_4_, utilisateu5_.id as id1_42_5_, utilisateu5_.adresse_id as adresse_9_42_5_, utilisateu5_.cef_id as cef_id10_42_5_, utilisateu5_.civilite as civilite2_42_5_, utilisateu5_.date_de_naissance as date_de_3_42_5_, utilisateu5_.etudiant_id as etudian11_42_5_, utilisateu5_.formateur_id as formate12_42_5_, utilisateu5_.login as login4_42_5_, utilisateu5_.maitre_apprentissage_id as maitre_13_42_5_, utilisateu5_.nom as nom5_42_5_, utilisateu5_.password as password6_42_5_, utilisateu5_.prenom as prenom7_42_5_, utilisateu5_.telephone as telephon8_42_5_, etudiant6_.id as id1_16_6_, etudiant6_.utilisateur_id as utilisat2_16_6_, utilisateu7_.id as id1_42_7_, utilisateu7_.adresse_id as adresse_9_42_7_, utilisateu7_.cef_id as cef_id10_42_7_, utilisateu7_.civilite as civilite2_42_7_, utilisateu7_.date_de_naissance as date_de_3_42_7_, utilisateu7_.etudiant_id as etudian11_42_7_, utilisateu7_.formateur_id as formate12_42_7_, utilisateu7_.login as login4_42_7_, utilisateu7_.maitre_apprentissage_id as maitre_13_42_7_, utilisateu7_.nom as nom5_42_7_, utilisateu7_.password as password6_42_7_, utilisateu7_.prenom as prenom7_42_7_, utilisateu7_.telephone as telephon8_42_7_, formateur8_.id as id1_24_8_, formateur8_.entreprise_id as entrepri2_24_8_, formateur8_.utilisateur_id as utilisat3_24_8_, entreprise9_.id as id1_15_9_, entreprise9_.adresse_siege_id as adresse_7_15_9_, entreprise9_.effectif_total as effectif2_15_9_, entreprise9_.employeur_type as employeu3_15_9_, entreprise9_.naf as naf4_15_9_, entreprise9_.raison_sociale as raison_s5_15_9_, entreprise9_.siret as siret6_15_9_, utilisateu10_.id as id1_42_10_, utilisateu10_.adresse_id as adresse_9_42_10_, utilisateu10_.cef_id as cef_id10_42_10_, utilisateu10_.civilite as civilite2_42_10_, utilisateu10_.date_de_naissance as date_de_3_42_10_, utilisateu10_.etudiant_id as etudian11_42_10_, utilisateu10_.formateur_id as formate12_42_10_, utilisateu10_.login as login4_42_10_, utilisateu10_.maitre_apprentissage_id as maitre_13_42_10_, utilisateu10_.nom as nom5_42_10_, utilisateu10_.password as password6_42_10_, utilisateu10_.prenom as prenom7_42_10_, utilisateu10_.telephone as telephon8_42_10_, maitreappr11_.id as id1_31_11_, maitreappr11_.entreprise_id as entrepri2_31_11_, maitreappr11_.utilisateur_id as utilisat3_31_11_, entreprise12_.id as id1_15_12_, entreprise12_.adresse_siege_id as adresse_7_15_12_, entreprise12_.effectif_total as effectif2_15_12_, entreprise12_.employeur_type as employeu3_15_12_, entreprise12_.naf as naf4_15_12_, entreprise12_.raison_sociale as raison_s5_15_12_, entreprise12_.siret as siret6_15_12_, utilisateu13_.id as id1_42_13_, utilisateu13_.adresse_id as adresse_9_42_13_, utilisateu13_.cef_id as cef_id10_42_13_, utilisateu13_.civilite as civilite2_42_13_, utilisateu13_.date_de_naissance as date_de_3_42_13_, utilisateu13_.etudiant_id as etudian11_42_13_, utilisateu13_.formateur_id as formate12_42_13_, utilisateu13_.login as login4_42_13_, utilisateu13_.maitre_apprentissage_id as maitre_13_42_13_, utilisateu13_.nom as nom5_42_13_, utilisateu13_.password as password6_42_13_, utilisateu13_.prenom as prenom7_42_13_, utilisateu13_.telephone as telephon8_42_13_ from utilisateur utilisateu0_ left outer join adresse adresse1_ on utilisateu0_.adresse_id=adresse1_.id left outer join cef cef2_ on utilisateu0_.cef_id=cef2_.id left outer join centre_formation centreform3_ on cef2_.centre_formation_id=centreform3_.id left outer join entreprise entreprise4_ on cef2_.entreprise_id=entreprise4_.id left outer join utilisateur utilisateu5_ on cef2_.utilisateur_id=utilisateu5_.id left outer join etudiant etudiant6_ on utilisateu0_.etudiant_id=etudiant6_.id left outer join utilisateur utilisateu7_ on etudiant6_.utilisateur_id=utilisateu7_.id left outer join formateur formateur8_ on utilisateu0_.formateur_id=formateur8_.id left outer join entreprise entreprise9_ on formateur8_.entreprise_id=entreprise9_.id left outer join utilisateur utilisateu10_ on formateur8_.utilisateur_id=utilisateu10_.id left outer join maitre_apprentissage maitreappr11_ on utilisateu0_.maitre_apprentissage_id=maitreappr11_.id left outer join entreprise entreprise12_ on maitreappr11_.entreprise_id=entreprise12_.id left outer join utilisateur utilisateu13_ on maitreappr11_.utilisateur_id=utilisateu13_.id where utilisateu0_.id=?
Hibernate: select utilisateu0_.id as id1_42_0_, utilisateu0_.adresse_id as adresse_9_42_0_, utilisateu0_.cef_id as cef_id10_42_0_, utilisateu0_.civilite as civilite2_42_0_, utilisateu0_.date_de_naissance as date_de_3_42_0_, utilisateu0_.etudiant_id as etudian11_42_0_, utilisateu0_.formateur_id as formate12_42_0_, utilisateu0_.login as login4_42_0_, utilisateu0_.maitre_apprentissage_id as maitre_13_42_0_, utilisateu0_.nom as nom5_42_0_, utilisateu0_.password as password6_42_0_, utilisateu0_.prenom as prenom7_42_0_, utilisateu0_.telephone as telephon8_42_0_, adresse1_.id as id1_2_1_, adresse1_.code_postal as code_pos2_2_1_, adresse1_.numero as numero3_2_1_, adresse1_.rue as rue4_2_1_, adresse1_.ville as ville5_2_1_, cef2_.id as id1_3_2_, cef2_.centre_formation_id as centre_f2_3_2_, cef2_.entreprise_id as entrepri3_3_2_, cef2_.utilisateur_id as utilisat4_3_2_, centreform3_.id as id1_4_3_, centreform3_.adresse_id as adresse_5_4_3_, centreform3_.country_code as country_2_4_3_, centreform3_.entreprise_id as entrepri6_4_3_, centreform3_.id_dg2 as id_dg3_4_3_, centreform3_.nom as nom4_4_3_, entreprise4_.id as id1_15_4_, entreprise4_.adresse_siege_id as adresse_7_15_4_, entreprise4_.effectif_total as effectif2_15_4_, entreprise4_.employeur_type as employeu3_15_4_, entreprise4_.naf as naf4_15_4_, entreprise4_.raison_sociale as raison_s5_15_4_, entreprise4_.siret as siret6_15_4_, utilisateu5_.id as id1_42_5_, utilisateu5_.adresse_id as adresse_9_42_5_, utilisateu5_.cef_id as cef_id10_42_5_, utilisateu5_.civilite as civilite2_42_5_, utilisateu5_.date_de_naissance as date_de_3_42_5_, utilisateu5_.etudiant_id as etudian11_42_5_, utilisateu5_.formateur_id as formate12_42_5_, utilisateu5_.login as login4_42_5_, utilisateu5_.maitre_apprentissage_id as maitre_13_42_5_, utilisateu5_.nom as nom5_42_5_, utilisateu5_.password as password6_42_5_, utilisateu5_.prenom as prenom7_42_5_, utilisateu5_.telephone as telephon8_42_5_, etudiant6_.id as id1_16_6_, etudiant6_.utilisateur_id as utilisat2_16_6_, utilisateu7_.id as id1_42_7_, utilisateu7_.adresse_id as adresse_9_42_7_, utilisateu7_.cef_id as cef_id10_42_7_, utilisateu7_.civilite as civilite2_42_7_, utilisateu7_.date_de_naissance as date_de_3_42_7_, utilisateu7_.etudiant_id as etudian11_42_7_, utilisateu7_.formateur_id as formate12_42_7_, utilisateu7_.login as login4_42_7_, utilisateu7_.maitre_apprentissage_id as maitre_13_42_7_, utilisateu7_.nom as nom5_42_7_, utilisateu7_.password as password6_42_7_, utilisateu7_.prenom as prenom7_42_7_, utilisateu7_.telephone as telephon8_42_7_, formateur8_.id as id1_24_8_, formateur8_.entreprise_id as entrepri2_24_8_, formateur8_.utilisateur_id as utilisat3_24_8_, entreprise9_.id as id1_15_9_, entreprise9_.adresse_siege_id as adresse_7_15_9_, entreprise9_.effectif_total as effectif2_15_9_, entreprise9_.employeur_type as employeu3_15_9_, entreprise9_.naf as naf4_15_9_, entreprise9_.raison_sociale as raison_s5_15_9_, entreprise9_.siret as siret6_15_9_, utilisateu10_.id as id1_42_10_, utilisateu10_.adresse_id as adresse_9_42_10_, utilisateu10_.cef_id as cef_id10_42_10_, utilisateu10_.civilite as civilite2_42_10_, utilisateu10_.date_de_naissance as date_de_3_42_10_, utilisateu10_.etudiant_id as etudian11_42_10_, utilisateu10_.formateur_id as formate12_42_10_, utilisateu10_.login as login4_42_10_, utilisateu10_.maitre_apprentissage_id as maitre_13_42_10_, utilisateu10_.nom as nom5_42_10_, utilisateu10_.password as password6_42_10_, utilisateu10_.prenom as prenom7_42_10_, utilisateu10_.telephone as telephon8_42_10_, maitreappr11_.id as id1_31_11_, maitreappr11_.entreprise_id as entrepri2_31_11_, maitreappr11_.utilisateur_id as utilisat3_31_11_, entreprise12_.id as id1_15_12_, entreprise12_.adresse_siege_id as adresse_7_15_12_, entreprise12_.effectif_total as effectif2_15_12_, entreprise12_.employeur_type as employeu3_15_12_, entreprise12_.naf as naf4_15_12_, entreprise12_.raison_sociale as raison_s5_15_12_, entreprise12_.siret as siret6_15_12_, utilisateu13_.id as id1_42_13_, utilisateu13_.adresse_id as adresse_9_42_13_, utilisateu13_.cef_id as cef_id10_42_13_, utilisateu13_.civilite as civilite2_42_13_, utilisateu13_.date_de_naissance as date_de_3_42_13_, utilisateu13_.etudiant_id as etudian11_42_13_, utilisateu13_.formateur_id as formate12_42_13_, utilisateu13_.login as login4_42_13_, utilisateu13_.maitre_apprentissage_id as maitre_13_42_13_, utilisateu13_.nom as nom5_42_13_, utilisateu13_.password as password6_42_13_, utilisateu13_.prenom as prenom7_42_13_, utilisateu13_.telephone as telephon8_42_13_ from utilisateur utilisateu0_ left outer join adresse adresse1_ on utilisateu0_.adresse_id=adresse1_.id left outer join cef cef2_ on utilisateu0_.cef_id=cef2_.id left outer join centre_formation centreform3_ on cef2_.centre_formation_id=centreform3_.id left outer join entreprise entreprise4_ on cef2_.entreprise_id=entreprise4_.id left outer join utilisateur utilisateu5_ on cef2_.utilisateur_id=utilisateu5_.id left outer join etudiant etudiant6_ on utilisateu0_.etudiant_id=etudiant6_.id left outer join utilisateur utilisateu7_ on etudiant6_.utilisateur_id=utilisateu7_.id left outer join formateur formateur8_ on utilisateu0_.formateur_id=formateur8_.id left outer join entreprise entreprise9_ on formateur8_.entreprise_id=entreprise9_.id left outer join utilisateur utilisateu10_ on formateur8_.utilisateur_id=utilisateu10_.id left outer join maitre_apprentissage maitreappr11_ on utilisateu0_.maitre_apprentissage_id=maitreappr11_.id left outer join entreprise entreprise12_ on maitreappr11_.entreprise_id=entreprise12_.id left outer join utilisateur utilisateu13_ on maitreappr11_.utilisateur_id=utilisateu13_.id where utilisateu0_.id=?
Hibernate: select utilisateu0_.id as id1_42_0_, utilisateu0_.adresse_id as adresse_9_42_0_, utilisateu0_.cef_id as cef_id10_42_0_, utilisateu0_.civilite as civilite2_42_0_, utilisateu0_.date_de_naissance as date_de_3_42_0_, utilisateu0_.etudiant_id as etudian11_42_0_, utilisateu0_.formateur_id as formate12_42_0_, utilisateu0_.login as login4_42_0_, utilisateu0_.maitre_apprentissage_id as maitre_13_42_0_, utilisateu0_.nom as nom5_42_0_, utilisateu0_.password as password6_42_0_, utilisateu0_.prenom as prenom7_42_0_, utilisateu0_.telephone as telephon8_42_0_, adresse1_.id as id1_2_1_, adresse1_.code_postal as code_pos2_2_1_, adresse1_.numero as numero3_2_1_, adresse1_.rue as rue4_2_1_, adresse1_.ville as ville5_2_1_, cef2_.id as id1_3_2_, cef2_.centre_formation_id as centre_f2_3_2_, cef2_.entreprise_id as entrepri3_3_2_, cef2_.utilisateur_id as utilisat4_3_2_, centreform3_.id as id1_4_3_, centreform3_.adresse_id as adresse_5_4_3_, centreform3_.country_code as country_2_4_3_, centreform3_.entreprise_id as entrepri6_4_3_, centreform3_.id_dg2 as id_dg3_4_3_, centreform3_.nom as nom4_4_3_, entreprise4_.id as id1_15_4_, entreprise4_.adresse_siege_id as adresse_7_15_4_, entreprise4_.effectif_total as effectif2_15_4_, entreprise4_.employeur_type as employeu3_15_4_, entreprise4_.naf as naf4_15_4_, entreprise4_.raison_sociale as raison_s5_15_4_, entreprise4_.siret as siret6_15_4_, utilisateu5_.id as id1_42_5_, utilisateu5_.adresse_id as adresse_9_42_5_, utilisateu5_.cef_id as cef_id10_42_5_, utilisateu5_.civilite as civilite2_42_5_, utilisateu5_.date_de_naissance as date_de_3_42_5_, utilisateu5_.etudiant_id as etudian11_42_5_, utilisateu5_.formateur_id as formate12_42_5_, utilisateu5_.login as login4_42_5_, utilisateu5_.maitre_apprentissage_id as maitre_13_42_5_, utilisateu5_.nom as nom5_42_5_, utilisateu5_.password as password6_42_5_, utilisateu5_.prenom as prenom7_42_5_, utilisateu5_.telephone as telephon8_42_5_, etudiant6_.id as id1_16_6_, etudiant6_.utilisateur_id as utilisat2_16_6_, utilisateu7_.id as id1_42_7_, utilisateu7_.adresse_id as adresse_9_42_7_, utilisateu7_.cef_id as cef_id10_42_7_, utilisateu7_.civilite as civilite2_42_7_, utilisateu7_.date_de_naissance as date_de_3_42_7_, utilisateu7_.etudiant_id as etudian11_42_7_, utilisateu7_.formateur_id as formate12_42_7_, utilisateu7_.login as login4_42_7_, utilisateu7_.maitre_apprentissage_id as maitre_13_42_7_, utilisateu7_.nom as nom5_42_7_, utilisateu7_.password as password6_42_7_, utilisateu7_.prenom as prenom7_42_7_, utilisateu7_.telephone as telephon8_42_7_, formateur8_.id as id1_24_8_, formateur8_.entreprise_id as entrepri2_24_8_, formateur8_.utilisateur_id as utilisat3_24_8_, entreprise9_.id as id1_15_9_, entreprise9_.adresse_siege_id as adresse_7_15_9_, entreprise9_.effectif_total as effectif2_15_9_, entreprise9_.employeur_type as employeu3_15_9_, entreprise9_.naf as naf4_15_9_, entreprise9_.raison_sociale as raison_s5_15_9_, entreprise9_.siret as siret6_15_9_, utilisateu10_.id as id1_42_10_, utilisateu10_.adresse_id as adresse_9_42_10_, utilisateu10_.cef_id as cef_id10_42_10_, utilisateu10_.civilite as civilite2_42_10_, utilisateu10_.date_de_naissance as date_de_3_42_10_, utilisateu10_.etudiant_id as etudian11_42_10_, utilisateu10_.formateur_id as formate12_42_10_, utilisateu10_.login as login4_42_10_, utilisateu10_.maitre_apprentissage_id as maitre_13_42_10_, utilisateu10_.nom as nom5_42_10_, utilisateu10_.password as password6_42_10_, utilisateu10_.prenom as prenom7_42_10_, utilisateu10_.telephone as telephon8_42_10_, maitreappr11_.id as id1_31_11_, maitreappr11_.entreprise_id as entrepri2_31_11_, maitreappr11_.utilisateur_id as utilisat3_31_11_, entreprise12_.id as id1_15_12_, entreprise12_.adresse_siege_id as adresse_7_15_12_, entreprise12_.effectif_total as effectif2_15_12_, entreprise12_.employeur_type as employeu3_15_12_, entreprise12_.naf as naf4_15_12_, entreprise12_.raison_sociale as raison_s5_15_12_, entreprise12_.siret as siret6_15_12_, utilisateu13_.id as id1_42_13_, utilisateu13_.adresse_id as adresse_9_42_13_, utilisateu13_.cef_id as cef_id10_42_13_, utilisateu13_.civilite as civilite2_42_13_, utilisateu13_.date_de_naissance as date_de_3_42_13_, utilisateu13_.etudiant_id as etudian11_42_13_, utilisateu13_.formateur_id as formate12_42_13_, utilisateu13_.login as login4_42_13_, utilisateu13_.maitre_apprentissage_id as maitre_13_42_13_, utilisateu13_.nom as nom5_42_13_, utilisateu13_.password as password6_42_13_, utilisateu13_.prenom as prenom7_42_13_, utilisateu13_.telephone as telephon8_42_13_ from utilisateur utilisateu0_ left outer join adresse adresse1_ on utilisateu0_.adresse_id=adresse1_.id left outer join cef cef2_ on utilisateu0_.cef_id=cef2_.id left outer join centre_formation centreform3_ on cef2_.centre_formation_id=centreform3_.id left outer join entreprise entreprise4_ on cef2_.entreprise_id=entreprise4_.id left outer join utilisateur utilisateu5_ on cef2_.utilisateur_id=utilisateu5_.id left outer join etudiant etudiant6_ on utilisateu0_.etudiant_id=etudiant6_.id left outer join utilisateur utilisateu7_ on etudiant6_.utilisateur_id=utilisateu7_.id left outer join formateur formateur8_ on utilisateu0_.formateur_id=formateur8_.id left outer join entreprise entreprise9_ on formateur8_.entreprise_id=entreprise9_.id left outer join utilisateur utilisateu10_ on formateur8_.utilisateur_id=utilisateu10_.id left outer join maitre_apprentissage maitreappr11_ on utilisateu0_.maitre_apprentissage_id=maitreappr11_.id left outer join entreprise entreprise12_ on maitreappr11_.entreprise_id=entreprise12_.id left outer join utilisateur utilisateu13_ on maitreappr11_.utilisateur_id=utilisateu13_.id where utilisateu0_.id=?
Hibernate: select utilisateu0_.id as id1_42_0_, utilisateu0_.adresse_id as adresse_9_42_0_, utilisateu0_.cef_id as cef_id10_42_0_, utilisateu0_.civilite as civilite2_42_0_, utilisateu0_.date_de_naissance as date_de_3_42_0_, utilisateu0_.etudiant_id as etudian11_42_0_, utilisateu0_.formateur_id as formate12_42_0_, utilisateu0_.login as login4_42_0_, utilisateu0_.maitre_apprentissage_id as maitre_13_42_0_, utilisateu0_.nom as nom5_42_0_, utilisateu0_.password as password6_42_0_, utilisateu0_.prenom as prenom7_42_0_, utilisateu0_.telephone as telephon8_42_0_, adresse1_.id as id1_2_1_, adresse1_.code_postal as code_pos2_2_1_, adresse1_.numero as numero3_2_1_, adresse1_.rue as rue4_2_1_, adresse1_.ville as ville5_2_1_, cef2_.id as id1_3_2_, cef2_.centre_formation_id as centre_f2_3_2_, cef2_.entreprise_id as entrepri3_3_2_, cef2_.utilisateur_id as utilisat4_3_2_, centreform3_.id as id1_4_3_, centreform3_.adresse_id as adresse_5_4_3_, centreform3_.country_code as country_2_4_3_, centreform3_.entreprise_id as entrepri6_4_3_, centreform3_.id_dg2 as id_dg3_4_3_, centreform3_.nom as nom4_4_3_, entreprise4_.id as id1_15_4_, entreprise4_.adresse_siege_id as adresse_7_15_4_, entreprise4_.effectif_total as effectif2_15_4_, entreprise4_.employeur_type as employeu3_15_4_, entreprise4_.naf as naf4_15_4_, entreprise4_.raison_sociale as raison_s5_15_4_, entreprise4_.siret as siret6_15_4_, utilisateu5_.id as id1_42_5_, utilisateu5_.adresse_id as adresse_9_42_5_, utilisateu5_.cef_id as cef_id10_42_5_, utilisateu5_.civilite as civilite2_42_5_, utilisateu5_.date_de_naissance as date_de_3_42_5_, utilisateu5_.etudiant_id as etudian11_42_5_, utilisateu5_.formateur_id as formate12_42_5_, utilisateu5_.login as login4_42_5_, utilisateu5_.maitre_apprentissage_id as maitre_13_42_5_, utilisateu5_.nom as nom5_42_5_, utilisateu5_.password as password6_42_5_, utilisateu5_.prenom as prenom7_42_5_, utilisateu5_.telephone as telephon8_42_5_, etudiant6_.id as id1_16_6_, etudiant6_.utilisateur_id as utilisat2_16_6_, utilisateu7_.id as id1_42_7_, utilisateu7_.adresse_id as adresse_9_42_7_, utilisateu7_.cef_id as cef_id10_42_7_, utilisateu7_.civilite as civilite2_42_7_, utilisateu7_.date_de_naissance as date_de_3_42_7_, utilisateu7_.etudiant_id as etudian11_42_7_, utilisateu7_.formateur_id as formate12_42_7_, utilisateu7_.login as login4_42_7_, utilisateu7_.maitre_apprentissage_id as maitre_13_42_7_, utilisateu7_.nom as nom5_42_7_, utilisateu7_.password as password6_42_7_, utilisateu7_.prenom as prenom7_42_7_, utilisateu7_.telephone as telephon8_42_7_, formateur8_.id as id1_24_8_, formateur8_.entreprise_id as entrepri2_24_8_, formateur8_.utilisateur_id as utilisat3_24_8_, entreprise9_.id as id1_15_9_, entreprise9_.adresse_siege_id as adresse_7_15_9_, entreprise9_.effectif_total as effectif2_15_9_, entreprise9_.employeur_type as employeu3_15_9_, entreprise9_.naf as naf4_15_9_, entreprise9_.raison_sociale as raison_s5_15_9_, entreprise9_.siret as siret6_15_9_, utilisateu10_.id as id1_42_10_, utilisateu10_.adresse_id as adresse_9_42_10_, utilisateu10_.cef_id as cef_id10_42_10_, utilisateu10_.civilite as civilite2_42_10_, utilisateu10_.date_de_naissance as date_de_3_42_10_, utilisateu10_.etudiant_id as etudian11_42_10_, utilisateu10_.formateur_id as formate12_42_10_, utilisateu10_.login as login4_42_10_, utilisateu10_.maitre_apprentissage_id as maitre_13_42_10_, utilisateu10_.nom as nom5_42_10_, utilisateu10_.password as password6_42_10_, utilisateu10_.prenom as prenom7_42_10_, utilisateu10_.telephone as telephon8_42_10_, maitreappr11_.id as id1_31_11_, maitreappr11_.entreprise_id as entrepri2_31_11_, maitreappr11_.utilisateur_id as utilisat3_31_11_, entreprise12_.id as id1_15_12_, entreprise12_.adresse_siege_id as adresse_7_15_12_, entreprise12_.effectif_total as effectif2_15_12_, entreprise12_.employeur_type as employeu3_15_12_, entreprise12_.naf as naf4_15_12_, entreprise12_.raison_sociale as raison_s5_15_12_, entreprise12_.siret as siret6_15_12_, utilisateu13_.id as id1_42_13_, utilisateu13_.adresse_id as adresse_9_42_13_, utilisateu13_.cef_id as cef_id10_42_13_, utilisateu13_.civilite as civilite2_42_13_, utilisateu13_.date_de_naissance as date_de_3_42_13_, utilisateu13_.etudiant_id as etudian11_42_13_, utilisateu13_.formateur_id as formate12_42_13_, utilisateu13_.login as login4_42_13_, utilisateu13_.maitre_apprentissage_id as maitre_13_42_13_, utilisateu13_.nom as nom5_42_13_, utilisateu13_.password as password6_42_13_, utilisateu13_.prenom as prenom7_42_13_, utilisateu13_.telephone as telephon8_42_13_ from utilisateur utilisateu0_ left outer join adresse adresse1_ on utilisateu0_.adresse_id=adresse1_.id left outer join cef cef2_ on utilisateu0_.cef_id=cef2_.id left outer join centre_formation centreform3_ on cef2_.centre_formation_id=centreform3_.id left outer join entreprise entreprise4_ on cef2_.entreprise_id=entreprise4_.id left outer join utilisateur utilisateu5_ on cef2_.utilisateur_id=utilisateu5_.id left outer join etudiant etudiant6_ on utilisateu0_.etudiant_id=etudiant6_.id left outer join utilisateur utilisateu7_ on etudiant6_.utilisateur_id=utilisateu7_.id left outer join formateur formateur8_ on utilisateu0_.formateur_id=formateur8_.id left outer join entreprise entreprise9_ on formateur8_.entreprise_id=entreprise9_.id left outer join utilisateur utilisateu10_ on formateur8_.utilisateur_id=utilisateu10_.id left outer join maitre_apprentissage maitreappr11_ on utilisateu0_.maitre_apprentissage_id=maitreappr11_.id left outer join entreprise entreprise12_ on maitreappr11_.entreprise_id=entreprise12_.id left outer join utilisateur utilisateu13_ on maitreappr11_.utilisateur_id=utilisateu13_.id where utilisateu0_.id=?
Hibernate: select dossierpro0_.etudiant_id as etudiant1_17_0_, dossierpro0_.dossier_professionnel_id as dossier_2_17_0_, dossierpro1_.id as id1_13_1_, dossierpro1_.cursus_id as cursus_i3_13_1_, dossierpro1_.nom as nom2_13_1_, cursus2_.id as id1_9_2_, cursus2_.description as descript2_9_2_, cursus2_.duree as duree3_9_2_, cursus2_.titre as titre4_9_2_ from etudiant_dossier_professionnel dossierpro0_ inner join dossier_professionnel dossierpro1_ on dossierpro0_.dossier_professionnel_id=dossierpro1_.id left outer join cursus cursus2_ on dossierpro1_.cursus_id=cursus2_.id where dossierpro0_.etudiant_id=?
Hibernate: select dossierpro0_.etudiant_id as etudiant1_18_0_, dossierpro0_.dossier_projet_id as dossier_2_18_0_, dossierpro1_.id as id1_14_1_, dossierpro1_.nom as nom2_14_1_, dossierpro1_.projet_id as projet_i3_14_1_, projet2_.id as id1_35_2_, projet2_.description as descript2_35_2_, projet2_.groupe_id as groupe_i4_35_2_, projet2_.nom as nom3_35_2_, groupeetud3_.id as id1_26_3_, groupeetud3_.nom as nom2_26_3_ from etudiant_dossier_projet dossierpro0_ inner join dossier_projet dossierpro1_ on dossierpro0_.dossier_projet_id=dossierpro1_.id left outer join projet projet2_ on dossierpro1_.projet_id=projet2_.id left outer join groupe_etudiant groupeetud3_ on projet2_.groupe_id=groupeetud3_.id where dossierpro0_.etudiant_id=?
2022-05-03 11:20:51.557 ERROR 19084 --- [           main] unknown.jul.logger                       : java.lang.NullPointerException
	at fr.dawan.AppliCFABack.services.EtudiantServiceImpl.getAll(EtudiantServiceImpl.java:114)
	at fr.dawan.AppliCFABack.services.EtudiantServiceImpl$$FastClassBySpringCGLIB$$c5526007.invoke(<generated>)
	at org.springframework.cglib.proxy.MethodProxy.invoke(MethodProxy.java:218)
	at org.springframework.aop.framework.CglibAopProxy$CglibMethodInvocation.invokeJoinpoint(CglibAopProxy.java:771)
	at org.springframework.aop.framework.ReflectiveMethodInvocation.proceed(ReflectiveMethodInvocation.java:163)
	at org.springframework.aop.framework.CglibAopProxy$CglibMethodInvocation.proceed(CglibAopProxy.java:749)
	at org.springframework.transaction.interceptor.TransactionAspectSupport.invokeWithinTransaction(TransactionAspectSupport.java:367)
	at org.springframework.transaction.interceptor.TransactionInterceptor.invoke(TransactionInterceptor.java:118)
	at org.springframework.aop.framework.ReflectiveMethodInvocation.proceed(ReflectiveMethodInvocation.java:186)
	at org.springframework.aop.framework.CglibAopProxy$CglibMethodInvocation.proceed(CglibAopProxy.java:749)
	at org.springframework.aop.framework.CglibAopProxy$DynamicAdvisedInterceptor.intercept(CglibAopProxy.java:691)
	at fr.dawan.AppliCFABack.services.EtudiantServiceImpl$$EnhancerBySpringCGLIB$$2bc90710.getAll(<generated>)
	at fr.dawan.AppliCFABack.controllers.EtudiantController.getAll(EtudiantController.java:47)
	at java.base/jdk.internal.reflect.NativeMethodAccessorImpl.invoke0(Native Method)
	at java.base/jdk.internal.reflect.NativeMethodAccessorImpl.invoke(NativeMethodAccessorImpl.java:62)
	at java.base/jdk.internal.reflect.DelegatingMethodAccessorImpl.invoke(DelegatingMethodAccessorImpl.java:43)
	at java.base/java.lang.reflect.Method.invoke(Method.java:566)
	at org.springframework.web.method.support.InvocableHandlerMethod.doInvoke(InvocableHandlerMethod.java:190)
	at org.springframework.web.method.support.InvocableHandlerMethod.invokeForRequest(InvocableHandlerMethod.java:138)
	at org.springframework.web.servlet.mvc.method.annotation.ServletInvocableHandlerMethod.invokeAndHandle(ServletInvocableHandlerMethod.java:105)
	at org.springframework.web.servlet.mvc.method.annotation.RequestMappingHandlerAdapter.invokeHandlerMethod(RequestMappingHandlerAdapter.java:879)
	at org.springframework.web.servlet.mvc.method.annotation.RequestMappingHandlerAdapter.handleInternal(RequestMappingHandlerAdapter.java:793)
	at org.springframework.web.servlet.mvc.method.AbstractHandlerMethodAdapter.handle(AbstractHandlerMethodAdapter.java:87)
	at org.springframework.web.servlet.DispatcherServlet.doDispatch(DispatcherServlet.java:1040)
	at org.springframework.web.servlet.DispatcherServlet.doService(DispatcherServlet.java:943)
	at org.springframework.web.servlet.FrameworkServlet.processRequest(FrameworkServlet.java:1006)
	at org.springframework.web.servlet.FrameworkServlet.doGet(FrameworkServlet.java:898)
	at javax.servlet.http.HttpServlet.service(HttpServlet.java:634)
	at org.springframework.web.servlet.FrameworkServlet.service(FrameworkServlet.java:883)
	at org.springframework.test.web.servlet.TestDispatcherServlet.service(TestDispatcherServlet.java:72)
	at javax.servlet.http.HttpServlet.service(HttpServlet.java:741)
	at org.springframework.mock.web.MockFilterChain$ServletFilterProxy.doFilter(MockFilterChain.java:167)
	at org.springframework.mock.web.MockFilterChain.doFilter(MockFilterChain.java:134)
	at org.springframework.web.filter.RequestContextFilter.doFilterInternal(RequestContextFilter.java:100)
	at org.springframework.web.filter.OncePerRequestFilter.doFilter(OncePerRequestFilter.java:119)
	at org.springframework.mock.web.MockFilterChain.doFilter(MockFilterChain.java:134)
	at org.springframework.web.filter.FormContentFilter.doFilterInternal(FormContentFilter.java:93)
	at org.springframework.web.filter.OncePerRequestFilter.doFilter(OncePerRequestFilter.java:119)
	at org.springframework.mock.web.MockFilterChain.doFilter(MockFilterChain.java:134)
	at org.springframework.boot.actuate.metrics.web.servlet.WebMvcMetricsFilter.doFilterInternal(WebMvcMetricsFilter.java:93)
	at org.springframework.web.filter.OncePerRequestFilter.doFilter(OncePerRequestFilter.java:119)
	at org.springframework.mock.web.MockFilterChain.doFilter(MockFilterChain.java:134)
	at org.springframework.web.filter.CharacterEncodingFilter.doFilterInternal(CharacterEncodingFilter.java:201)
	at org.springframework.web.filter.OncePerRequestFilter.doFilter(OncePerRequestFilter.java:119)
	at org.springframework.mock.web.MockFilterChain.doFilter(MockFilterChain.java:134)
	at org.springframework.test.web.servlet.MockMvc.perform(MockMvc.java:183)
	at fr.dawan.AppliCFABack.Controller.EtudiantControllerTests.testFindAll(EtudiantControllerTests.java:63)
	at java.base/jdk.internal.reflect.NativeMethodAccessorImpl.invoke0(Native Method)
	at java.base/jdk.internal.reflect.NativeMethodAccessorImpl.invoke(NativeMethodAccessorImpl.java:62)
	at java.base/jdk.internal.reflect.DelegatingMethodAccessorImpl.invoke(DelegatingMethodAccessorImpl.java:43)
	at java.base/java.lang.reflect.Method.invoke(Method.java:566)
	at org.junit.platform.commons.util.ReflectionUtils.invokeMethod(ReflectionUtils.java:686)
	at org.junit.jupiter.engine.execution.MethodInvocation.proceed(MethodInvocation.java:60)
	at org.junit.jupiter.engine.execution.InvocationInterceptorChain$ValidatingInvocation.proceed(InvocationInterceptorChain.java:131)
	at org.junit.jupiter.engine.extension.TimeoutExtension.intercept(TimeoutExtension.java:149)
	at org.junit.jupiter.engine.extension.TimeoutExtension.interceptTestableMethod(TimeoutExtension.java:140)
	at org.junit.jupiter.engine.extension.TimeoutExtension.interceptTestMethod(TimeoutExtension.java:84)
	at org.junit.jupiter.engine.execution.ExecutableInvoker$ReflectiveInterceptorCall.lambda$ofVoidMethod$0(ExecutableInvoker.java:115)
	at org.junit.jupiter.engine.execution.ExecutableInvoker.lambda$invoke$0(ExecutableInvoker.java:105)
	at org.junit.jupiter.engine.execution.InvocationInterceptorChain$InterceptedInvocation.proceed(InvocationInterceptorChain.java:106)
	at org.junit.jupiter.engine.execution.InvocationInterceptorChain.proceed(InvocationInterceptorChain.java:64)
	at org.junit.jupiter.engine.execution.InvocationInterceptorChain.chainAndInvoke(InvocationInterceptorChain.java:45)
	at org.junit.jupiter.engine.execution.InvocationInterceptorChain.invoke(InvocationInterceptorChain.java:37)
	at org.junit.jupiter.engine.execution.ExecutableInvoker.invoke(ExecutableInvoker.java:104)
	at org.junit.jupiter.engine.execution.ExecutableInvoker.invoke(ExecutableInvoker.java:98)
	at org.junit.jupiter.engine.descriptor.TestMethodTestDescriptor.lambda$invokeTestMethod$6(TestMethodTestDescriptor.java:212)
	at org.junit.platform.engine.support.hierarchical.ThrowableCollector.execute(ThrowableCollector.java:73)
	at org.junit.jupiter.engine.descriptor.TestMethodTestDescriptor.invokeTestMethod(TestMethodTestDescriptor.java:208)
	at org.junit.jupiter.engine.descriptor.TestMethodTestDescriptor.execute(TestMethodTestDescriptor.java:137)
	at org.junit.jupiter.engine.descriptor.TestMethodTestDescriptor.execute(TestMethodTestDescriptor.java:71)
	at org.junit.platform.engine.support.hierarchical.NodeTestTask.lambda$executeRecursively$5(NodeTestTask.java:135)
	at org.junit.platform.engine.support.hierarchical.ThrowableCollector.execute(ThrowableCollector.java:73)
	at org.junit.platform.engine.support.hierarchical.NodeTestTask.lambda$executeRecursively$7(NodeTestTask.java:125)
	at org.junit.platform.engine.support.hierarchical.Node.around(Node.java:135)
	at org.junit.platform.engine.support.hierarchical.NodeTestTask.lambda$executeRecursively$8(NodeTestTask.java:123)
	at org.junit.platform.engine.support.hierarchical.ThrowableCollector.execute(ThrowableCollector.java:73)
	at org.junit.platform.engine.support.hierarchical.NodeTestTask.executeRecursively(NodeTestTask.java:122)
	at org.junit.platform.engine.support.hierarchical.NodeTestTask.execute(NodeTestTask.java:80)
	at java.base/java.util.ArrayList.forEach(ArrayList.java:1541)
	at org.junit.platform.engine.support.hierarchical.SameThreadHierarchicalTestExecutorService.invokeAll(SameThreadHierarchicalTestExecutorService.java:38)
	at org.junit.platform.engine.support.hierarchical.NodeTestTask.lambda$executeRecursively$5(NodeTestTask.java:139)
	at org.junit.platform.engine.support.hierarchical.ThrowableCollector.execute(ThrowableCollector.java:73)
	at org.junit.platform.engine.support.hierarchical.NodeTestTask.lambda$executeRecursively$7(NodeTestTask.java:125)
	at org.junit.platform.engine.support.hierarchical.Node.around(Node.java:135)
	at org.junit.platform.engine.support.hierarchical.NodeTestTask.lambda$executeRecursively$8(NodeTestTask.java:123)
	at org.junit.platform.engine.support.hierarchical.ThrowableCollector.execute(ThrowableCollector.java:73)
	at org.junit.platform.engine.support.hierarchical.NodeTestTask.executeRecursively(NodeTestTask.java:122)
	at org.junit.platform.engine.support.hierarchical.NodeTestTask.execute(NodeTestTask.java:80)
	at java.base/java.util.ArrayList.forEach(ArrayList.java:1541)
	at org.junit.platform.engine.support.hierarchical.SameThreadHierarchicalTestExecutorService.invokeAll(SameThreadHierarchicalTestExecutorService.java:38)
	at org.junit.platform.engine.support.hierarchical.NodeTestTask.lambda$executeRecursively$5(NodeTestTask.java:139)
	at org.junit.platform.engine.support.hierarchical.ThrowableCollector.execute(ThrowableCollector.java:73)
	at org.junit.platform.engine.support.hierarchical.NodeTestTask.lambda$executeRecursively$7(NodeTestTask.java:125)
	at org.junit.platform.engine.support.hierarchical.Node.around(Node.java:135)
	at org.junit.platform.engine.support.hierarchical.NodeTestTask.lambda$executeRecursively$8(NodeTestTask.java:123)
	at org.junit.platform.engine.support.hierarchical.ThrowableCollector.execute(ThrowableCollector.java:73)
	at org.junit.platform.engine.support.hierarchical.NodeTestTask.executeRecursively(NodeTestTask.java:122)
	at org.junit.platform.engine.support.hierarchical.NodeTestTask.execute(NodeTestTask.java:80)
	at org.junit.platform.engine.support.hierarchical.SameThreadHierarchicalTestExecutorService.submit(SameThreadHierarchicalTestExecutorService.java:32)
	at org.junit.platform.engine.support.hierarchical.HierarchicalTestExecutor.execute(HierarchicalTestExecutor.java:57)
	at org.junit.platform.engine.support.hierarchical.HierarchicalTestEngine.execute(HierarchicalTestEngine.java:51)
	at org.junit.platform.launcher.core.DefaultLauncher.execute(DefaultLauncher.java:220)
	at org.junit.platform.launcher.core.DefaultLauncher.lambda$execute$6(DefaultLauncher.java:188)
	at org.junit.platform.launcher.core.DefaultLauncher.withInterceptedStreams(DefaultLauncher.java:202)
	at org.junit.platform.launcher.core.DefaultLauncher.execute(DefaultLauncher.java:181)
	at org.junit.platform.launcher.core.DefaultLauncher.execute(DefaultLauncher.java:128)
	at org.apache.maven.surefire.junitplatform.JUnitPlatformProvider.invokeAllTests(JUnitPlatformProvider.java:150)
	at org.apache.maven.surefire.junitplatform.JUnitPlatformProvider.invoke(JUnitPlatformProvider.java:124)
	at org.apache.maven.surefire.booter.ForkedBooter.invokeProviderInSameClassLoader(ForkedBooter.java:384)
	at org.apache.maven.surefire.booter.ForkedBooter.runSuitesInProcess(ForkedBooter.java:345)
	at org.apache.maven.surefire.booter.ForkedBooter.execute(ForkedBooter.java:126)
	at org.apache.maven.surefire.booter.ForkedBooter.main(ForkedBooter.java:418)


MockHttpServletRequest:
      HTTP Method = GET
      Request URI = /etudiants
       Parameters = {}
          Headers = [Accept:"application/json"]
             Body = null
    Session Attrs = {}

Handler:
             Type = fr.dawan.AppliCFABack.controllers.EtudiantController
           Method = fr.dawan.AppliCFABack.controllers.EtudiantController#getAll()

Async:
    Async started = false
     Async result = null

Resolved Exception:
             Type = java.lang.NullPointerException

ModelAndView:
        View name = null
             View = null
            Model = null

FlashMap:
       Attributes = null

MockHttpServletResponse:
           Status = 500
    Error message = null
          Headers = [Vary:"Origin", "Access-Control-Request-Method", "Access-Control-Request-Headers", Content-Type:"application/json"]
     Content type = application/json
             Body = {"status":"INTERNAL_SERVER_ERROR","message":null}
    Forwarded URL = null
   Redirected URL = null
          Cookies = []
]]></system-out>
  </testcase>
  <testcase name="testSave" classname="fr.dawan.AppliCFABack.Controller.EtudiantControllerTests" time="0.001"/>
  <testcase name="testGetPromotionsByIdEtudiant" classname="fr.dawan.AppliCFABack.Controller.EtudiantControllerTests" time="0.025">
    <failure message="Status expected:&lt;200&gt; but was:&lt;500&gt;" type="java.lang.AssertionError"><![CDATA[java.lang.AssertionError: Status expected:<200> but was:<500>
	at fr.dawan.AppliCFABack.Controller.EtudiantControllerTests.testGetPromotionsByIdEtudiant(EtudiantControllerTests.java:158)
]]></failure>
    <system-out><![CDATA[Hibernate: select etudiant0_.id as id1_16_0_, etudiant0_.utilisateur_id as utilisat2_16_0_, utilisateu1_.id as id1_42_1_, utilisateu1_.adresse_id as adresse_9_42_1_, utilisateu1_.cef_id as cef_id10_42_1_, utilisateu1_.civilite as civilite2_42_1_, utilisateu1_.date_de_naissance as date_de_3_42_1_, utilisateu1_.etudiant_id as etudian11_42_1_, utilisateu1_.formateur_id as formate12_42_1_, utilisateu1_.login as login4_42_1_, utilisateu1_.maitre_apprentissage_id as maitre_13_42_1_, utilisateu1_.nom as nom5_42_1_, utilisateu1_.password as password6_42_1_, utilisateu1_.prenom as prenom7_42_1_, utilisateu1_.telephone as telephon8_42_1_, adresse2_.id as id1_2_2_, adresse2_.code_postal as code_pos2_2_2_, adresse2_.numero as numero3_2_2_, adresse2_.rue as rue4_2_2_, adresse2_.ville as ville5_2_2_, cef3_.id as id1_3_3_, cef3_.centre_formation_id as centre_f2_3_3_, cef3_.entreprise_id as entrepri3_3_3_, cef3_.utilisateur_id as utilisat4_3_3_, etudiant4_.id as id1_16_4_, etudiant4_.utilisateur_id as utilisat2_16_4_, formateur5_.id as id1_24_5_, formateur5_.entreprise_id as entrepri2_24_5_, formateur5_.utilisateur_id as utilisat3_24_5_, maitreappr6_.id as id1_31_6_, maitreappr6_.entreprise_id as entrepri2_31_6_, maitreappr6_.utilisateur_id as utilisat3_31_6_ from etudiant etudiant0_ left outer join utilisateur utilisateu1_ on etudiant0_.utilisateur_id=utilisateu1_.id left outer join adresse adresse2_ on utilisateu1_.adresse_id=adresse2_.id left outer join cef cef3_ on utilisateu1_.cef_id=cef3_.id left outer join etudiant etudiant4_ on utilisateu1_.etudiant_id=etudiant4_.id left outer join formateur formateur5_ on utilisateu1_.formateur_id=formateur5_.id left outer join maitre_apprentissage maitreappr6_ on utilisateu1_.maitre_apprentissage_id=maitreappr6_.id where etudiant0_.id=?
2022-05-03 11:20:51.586 ERROR 19084 --- [           main] unknown.jul.logger                       : java.lang.NullPointerException
	at fr.dawan.AppliCFABack.services.EtudiantServiceImpl.getPromotionsByIdEtudiant(EtudiantServiceImpl.java:383)
	at fr.dawan.AppliCFABack.services.EtudiantServiceImpl$$FastClassBySpringCGLIB$$c5526007.invoke(<generated>)
	at org.springframework.cglib.proxy.MethodProxy.invoke(MethodProxy.java:218)
	at org.springframework.aop.framework.CglibAopProxy$CglibMethodInvocation.invokeJoinpoint(CglibAopProxy.java:771)
	at org.springframework.aop.framework.ReflectiveMethodInvocation.proceed(ReflectiveMethodInvocation.java:163)
	at org.springframework.aop.framework.CglibAopProxy$CglibMethodInvocation.proceed(CglibAopProxy.java:749)
	at org.springframework.transaction.interceptor.TransactionAspectSupport.invokeWithinTransaction(TransactionAspectSupport.java:367)
	at org.springframework.transaction.interceptor.TransactionInterceptor.invoke(TransactionInterceptor.java:118)
	at org.springframework.aop.framework.ReflectiveMethodInvocation.proceed(ReflectiveMethodInvocation.java:186)
	at org.springframework.aop.framework.CglibAopProxy$CglibMethodInvocation.proceed(CglibAopProxy.java:749)
	at org.springframework.aop.framework.CglibAopProxy$DynamicAdvisedInterceptor.intercept(CglibAopProxy.java:691)
	at fr.dawan.AppliCFABack.services.EtudiantServiceImpl$$EnhancerBySpringCGLIB$$2bc90710.getPromotionsByIdEtudiant(<generated>)
	at fr.dawan.AppliCFABack.controllers.EtudiantController.getPromotionsByIdEtudiant(EtudiantController.java:136)
	at java.base/jdk.internal.reflect.NativeMethodAccessorImpl.invoke0(Native Method)
	at java.base/jdk.internal.reflect.NativeMethodAccessorImpl.invoke(NativeMethodAccessorImpl.java:62)
	at java.base/jdk.internal.reflect.DelegatingMethodAccessorImpl.invoke(DelegatingMethodAccessorImpl.java:43)
	at java.base/java.lang.reflect.Method.invoke(Method.java:566)
	at org.springframework.web.method.support.InvocableHandlerMethod.doInvoke(InvocableHandlerMethod.java:190)
	at org.springframework.web.method.support.InvocableHandlerMethod.invokeForRequest(InvocableHandlerMethod.java:138)
	at org.springframework.web.servlet.mvc.method.annotation.ServletInvocableHandlerMethod.invokeAndHandle(ServletInvocableHandlerMethod.java:105)
	at org.springframework.web.servlet.mvc.method.annotation.RequestMappingHandlerAdapter.invokeHandlerMethod(RequestMappingHandlerAdapter.java:879)
	at org.springframework.web.servlet.mvc.method.annotation.RequestMappingHandlerAdapter.handleInternal(RequestMappingHandlerAdapter.java:793)
	at org.springframework.web.servlet.mvc.method.AbstractHandlerMethodAdapter.handle(AbstractHandlerMethodAdapter.java:87)
	at org.springframework.web.servlet.DispatcherServlet.doDispatch(DispatcherServlet.java:1040)
	at org.springframework.web.servlet.DispatcherServlet.doService(DispatcherServlet.java:943)
	at org.springframework.web.servlet.FrameworkServlet.processRequest(FrameworkServlet.java:1006)
	at org.springframework.web.servlet.FrameworkServlet.doGet(FrameworkServlet.java:898)
	at javax.servlet.http.HttpServlet.service(HttpServlet.java:634)
	at org.springframework.web.servlet.FrameworkServlet.service(FrameworkServlet.java:883)
	at org.springframework.test.web.servlet.TestDispatcherServlet.service(TestDispatcherServlet.java:72)
	at javax.servlet.http.HttpServlet.service(HttpServlet.java:741)
	at org.springframework.mock.web.MockFilterChain$ServletFilterProxy.doFilter(MockFilterChain.java:167)
	at org.springframework.mock.web.MockFilterChain.doFilter(MockFilterChain.java:134)
	at org.springframework.web.filter.RequestContextFilter.doFilterInternal(RequestContextFilter.java:100)
	at org.springframework.web.filter.OncePerRequestFilter.doFilter(OncePerRequestFilter.java:119)
	at org.springframework.mock.web.MockFilterChain.doFilter(MockFilterChain.java:134)
	at org.springframework.web.filter.FormContentFilter.doFilterInternal(FormContentFilter.java:93)
	at org.springframework.web.filter.OncePerRequestFilter.doFilter(OncePerRequestFilter.java:119)
	at org.springframework.mock.web.MockFilterChain.doFilter(MockFilterChain.java:134)
	at org.springframework.boot.actuate.metrics.web.servlet.WebMvcMetricsFilter.doFilterInternal(WebMvcMetricsFilter.java:93)
	at org.springframework.web.filter.OncePerRequestFilter.doFilter(OncePerRequestFilter.java:119)
	at org.springframework.mock.web.MockFilterChain.doFilter(MockFilterChain.java:134)
	at org.springframework.web.filter.CharacterEncodingFilter.doFilterInternal(CharacterEncodingFilter.java:201)
	at org.springframework.web.filter.OncePerRequestFilter.doFilter(OncePerRequestFilter.java:119)
	at org.springframework.mock.web.MockFilterChain.doFilter(MockFilterChain.java:134)
	at org.springframework.test.web.servlet.MockMvc.perform(MockMvc.java:183)
	at fr.dawan.AppliCFABack.Controller.EtudiantControllerTests.testGetPromotionsByIdEtudiant(EtudiantControllerTests.java:157)
	at java.base/jdk.internal.reflect.NativeMethodAccessorImpl.invoke0(Native Method)
	at java.base/jdk.internal.reflect.NativeMethodAccessorImpl.invoke(NativeMethodAccessorImpl.java:62)
	at java.base/jdk.internal.reflect.DelegatingMethodAccessorImpl.invoke(DelegatingMethodAccessorImpl.java:43)
	at java.base/java.lang.reflect.Method.invoke(Method.java:566)
	at org.junit.platform.commons.util.ReflectionUtils.invokeMethod(ReflectionUtils.java:686)
	at org.junit.jupiter.engine.execution.MethodInvocation.proceed(MethodInvocation.java:60)
	at org.junit.jupiter.engine.execution.InvocationInterceptorChain$ValidatingInvocation.proceed(InvocationInterceptorChain.java:131)
	at org.junit.jupiter.engine.extension.TimeoutExtension.intercept(TimeoutExtension.java:149)
	at org.junit.jupiter.engine.extension.TimeoutExtension.interceptTestableMethod(TimeoutExtension.java:140)
	at org.junit.jupiter.engine.extension.TimeoutExtension.interceptTestMethod(TimeoutExtension.java:84)
	at org.junit.jupiter.engine.execution.ExecutableInvoker$ReflectiveInterceptorCall.lambda$ofVoidMethod$0(ExecutableInvoker.java:115)
	at org.junit.jupiter.engine.execution.ExecutableInvoker.lambda$invoke$0(ExecutableInvoker.java:105)
	at org.junit.jupiter.engine.execution.InvocationInterceptorChain$InterceptedInvocation.proceed(InvocationInterceptorChain.java:106)
	at org.junit.jupiter.engine.execution.InvocationInterceptorChain.proceed(InvocationInterceptorChain.java:64)
	at org.junit.jupiter.engine.execution.InvocationInterceptorChain.chainAndInvoke(InvocationInterceptorChain.java:45)
	at org.junit.jupiter.engine.execution.InvocationInterceptorChain.invoke(InvocationInterceptorChain.java:37)
	at org.junit.jupiter.engine.execution.ExecutableInvoker.invoke(ExecutableInvoker.java:104)
	at org.junit.jupiter.engine.execution.ExecutableInvoker.invoke(ExecutableInvoker.java:98)
	at org.junit.jupiter.engine.descriptor.TestMethodTestDescriptor.lambda$invokeTestMethod$6(TestMethodTestDescriptor.java:212)
	at org.junit.platform.engine.support.hierarchical.ThrowableCollector.execute(ThrowableCollector.java:73)
	at org.junit.jupiter.engine.descriptor.TestMethodTestDescriptor.invokeTestMethod(TestMethodTestDescriptor.java:208)
	at org.junit.jupiter.engine.descriptor.TestMethodTestDescriptor.execute(TestMethodTestDescriptor.java:137)
	at org.junit.jupiter.engine.descriptor.TestMethodTestDescriptor.execute(TestMethodTestDescriptor.java:71)
	at org.junit.platform.engine.support.hierarchical.NodeTestTask.lambda$executeRecursively$5(NodeTestTask.java:135)
	at org.junit.platform.engine.support.hierarchical.ThrowableCollector.execute(ThrowableCollector.java:73)
	at org.junit.platform.engine.support.hierarchical.NodeTestTask.lambda$executeRecursively$7(NodeTestTask.java:125)
	at org.junit.platform.engine.support.hierarchical.Node.around(Node.java:135)
	at org.junit.platform.engine.support.hierarchical.NodeTestTask.lambda$executeRecursively$8(NodeTestTask.java:123)
	at org.junit.platform.engine.support.hierarchical.ThrowableCollector.execute(ThrowableCollector.java:73)
	at org.junit.platform.engine.support.hierarchical.NodeTestTask.executeRecursively(NodeTestTask.java:122)
	at org.junit.platform.engine.support.hierarchical.NodeTestTask.execute(NodeTestTask.java:80)
	at java.base/java.util.ArrayList.forEach(ArrayList.java:1541)
	at org.junit.platform.engine.support.hierarchical.SameThreadHierarchicalTestExecutorService.invokeAll(SameThreadHierarchicalTestExecutorService.java:38)
	at org.junit.platform.engine.support.hierarchical.NodeTestTask.lambda$executeRecursively$5(NodeTestTask.java:139)
	at org.junit.platform.engine.support.hierarchical.ThrowableCollector.execute(ThrowableCollector.java:73)
	at org.junit.platform.engine.support.hierarchical.NodeTestTask.lambda$executeRecursively$7(NodeTestTask.java:125)
	at org.junit.platform.engine.support.hierarchical.Node.around(Node.java:135)
	at org.junit.platform.engine.support.hierarchical.NodeTestTask.lambda$executeRecursively$8(NodeTestTask.java:123)
	at org.junit.platform.engine.support.hierarchical.ThrowableCollector.execute(ThrowableCollector.java:73)
	at org.junit.platform.engine.support.hierarchical.NodeTestTask.executeRecursively(NodeTestTask.java:122)
	at org.junit.platform.engine.support.hierarchical.NodeTestTask.execute(NodeTestTask.java:80)
	at java.base/java.util.ArrayList.forEach(ArrayList.java:1541)
	at org.junit.platform.engine.support.hierarchical.SameThreadHierarchicalTestExecutorService.invokeAll(SameThreadHierarchicalTestExecutorService.java:38)
	at org.junit.platform.engine.support.hierarchical.NodeTestTask.lambda$executeRecursively$5(NodeTestTask.java:139)
	at org.junit.platform.engine.support.hierarchical.ThrowableCollector.execute(ThrowableCollector.java:73)
	at org.junit.platform.engine.support.hierarchical.NodeTestTask.lambda$executeRecursively$7(NodeTestTask.java:125)
	at org.junit.platform.engine.support.hierarchical.Node.around(Node.java:135)
	at org.junit.platform.engine.support.hierarchical.NodeTestTask.lambda$executeRecursively$8(NodeTestTask.java:123)
	at org.junit.platform.engine.support.hierarchical.ThrowableCollector.execute(ThrowableCollector.java:73)
	at org.junit.platform.engine.support.hierarchical.NodeTestTask.executeRecursively(NodeTestTask.java:122)
	at org.junit.platform.engine.support.hierarchical.NodeTestTask.execute(NodeTestTask.java:80)
	at org.junit.platform.engine.support.hierarchical.SameThreadHierarchicalTestExecutorService.submit(SameThreadHierarchicalTestExecutorService.java:32)
	at org.junit.platform.engine.support.hierarchical.HierarchicalTestExecutor.execute(HierarchicalTestExecutor.java:57)
	at org.junit.platform.engine.support.hierarchical.HierarchicalTestEngine.execute(HierarchicalTestEngine.java:51)
	at org.junit.platform.launcher.core.DefaultLauncher.execute(DefaultLauncher.java:220)
	at org.junit.platform.launcher.core.DefaultLauncher.lambda$execute$6(DefaultLauncher.java:188)
	at org.junit.platform.launcher.core.DefaultLauncher.withInterceptedStreams(DefaultLauncher.java:202)
	at org.junit.platform.launcher.core.DefaultLauncher.execute(DefaultLauncher.java:181)
	at org.junit.platform.launcher.core.DefaultLauncher.execute(DefaultLauncher.java:128)
	at org.apache.maven.surefire.junitplatform.JUnitPlatformProvider.invokeAllTests(JUnitPlatformProvider.java:150)
	at org.apache.maven.surefire.junitplatform.JUnitPlatformProvider.invoke(JUnitPlatformProvider.java:124)
	at org.apache.maven.surefire.booter.ForkedBooter.invokeProviderInSameClassLoader(ForkedBooter.java:384)
	at org.apache.maven.surefire.booter.ForkedBooter.runSuitesInProcess(ForkedBooter.java:345)
	at org.apache.maven.surefire.booter.ForkedBooter.execute(ForkedBooter.java:126)
	at org.apache.maven.surefire.booter.ForkedBooter.main(ForkedBooter.java:418)


MockHttpServletRequest:
      HTTP Method = GET
      Request URI = /etudiants/0/promotions
       Parameters = {}
          Headers = [Accept:"application/json"]
             Body = null
    Session Attrs = {}

Handler:
             Type = fr.dawan.AppliCFABack.controllers.EtudiantController
           Method = fr.dawan.AppliCFABack.controllers.EtudiantController#getPromotionsByIdEtudiant(long)

Async:
    Async started = false
     Async result = null

Resolved Exception:
             Type = java.lang.NullPointerException

ModelAndView:
        View name = null
             View = null
            Model = null

FlashMap:
       Attributes = null

MockHttpServletResponse:
           Status = 500
    Error message = null
          Headers = [Vary:"Origin", "Access-Control-Request-Method", "Access-Control-Request-Headers", Content-Type:"application/json"]
     Content type = application/json
             Body = {"status":"INTERNAL_SERVER_ERROR","message":null}
    Forwarded URL = null
   Redirected URL = null
          Cookies = []
]]></system-out>
  </testcase>
  <testcase name="testGetFormateurReferentByIdEtudiant" classname="fr.dawan.AppliCFABack.Controller.EtudiantControllerTests" time="0.017">
    <failure message="Status expected:&lt;200&gt; but was:&lt;400&gt;" type="java.lang.AssertionError"><![CDATA[java.lang.AssertionError: Status expected:<200> but was:<400>
	at fr.dawan.AppliCFABack.Controller.EtudiantControllerTests.testGetFormateurReferentByIdEtudiant(EtudiantControllerTests.java:234)
]]></failure>
    <system-out><![CDATA[
MockHttpServletRequest:
      HTTP Method = GET
      Request URI = /etudiants/0/formateurReferent
       Parameters = {}
          Headers = [Accept:"application/json"]
             Body = null
    Session Attrs = {}

Handler:
             Type = fr.dawan.AppliCFABack.controllers.EtudiantController
           Method = fr.dawan.AppliCFABack.controllers.EtudiantController#getAllByPage(int, int)

Async:
    Async started = false
     Async result = null

Resolved Exception:
             Type = org.springframework.web.method.annotation.MethodArgumentTypeMismatchException

ModelAndView:
        View name = null
             View = null
            Model = null

FlashMap:
       Attributes = null

MockHttpServletResponse:
           Status = 400
    Error message = null
          Headers = [Vary:"Origin", "Access-Control-Request-Method", "Access-Control-Request-Headers"]
     Content type = null
             Body = 
    Forwarded URL = null
   Redirected URL = null
          Cookies = []
]]></system-out>
  </testcase>
  <testcase name="testGetAbsencesByIdEtudiant" classname="fr.dawan.AppliCFABack.Controller.EtudiantControllerTests" time="0.019">
    <failure message="No value at JSON path &quot;$[0].justificatif&quot;" type="java.lang.AssertionError">java.lang.AssertionError: No value at JSON path "$[0].justificatif"
	at fr.dawan.AppliCFABack.Controller.EtudiantControllerTests.testGetAbsencesByIdEtudiant(EtudiantControllerTests.java:211)
Caused by: com.jayway.jsonpath.PathNotFoundException: No results for path: $[0]['justificatif']
	at fr.dawan.AppliCFABack.Controller.EtudiantControllerTests.testGetAbsencesByIdEtudiant(EtudiantControllerTests.java:211)
</failure>
    <system-out><![CDATA[Hibernate: select absence0_.id as id1_0_, absence0_.date_debut as date_deb2_0_, absence0_.date_fin as date_fin3_0_, absence0_.etudiant_id as etudiant7_0_, absence0_.intervention_id as interven8_0_, absence0_.justificatif as justific4_0_, absence0_.type_absence as type_abs5_0_, absence0_.version as version6_0_ from absence absence0_ where absence0_.etudiant_id=?

MockHttpServletRequest:
      HTTP Method = GET
      Request URI = /etudiants/0/absences
       Parameters = {}
          Headers = [Accept:"application/json"]
             Body = null
    Session Attrs = {}

Handler:
             Type = fr.dawan.AppliCFABack.controllers.EtudiantController
           Method = fr.dawan.AppliCFABack.controllers.EtudiantController#getAbsencesByIdEtudiant(long)

Async:
    Async started = false
     Async result = null

Resolved Exception:
             Type = null

ModelAndView:
        View name = null
             View = null
            Model = null

FlashMap:
       Attributes = null

MockHttpServletResponse:
           Status = 200
    Error message = null
          Headers = [Vary:"Origin", "Access-Control-Request-Method", "Access-Control-Request-Headers", Content-Type:"application/json"]
     Content type = application/json
             Body = []
    Forwarded URL = null
   Redirected URL = null
          Cookies = []
]]></system-out>
  </testcase>
  <testcase name="testGetGroupesByIdEtudiant" classname="fr.dawan.AppliCFABack.Controller.EtudiantControllerTests" time="0.026">
    <failure message="Status expected:&lt;200&gt; but was:&lt;500&gt;" type="java.lang.AssertionError"><![CDATA[java.lang.AssertionError: Status expected:<200> but was:<500>
	at fr.dawan.AppliCFABack.Controller.EtudiantControllerTests.testGetGroupesByIdEtudiant(EtudiantControllerTests.java:170)
]]></failure>
    <system-out><![CDATA[Hibernate: select etudiant0_.id as id1_16_0_, etudiant0_.utilisateur_id as utilisat2_16_0_, utilisateu1_.id as id1_42_1_, utilisateu1_.adresse_id as adresse_9_42_1_, utilisateu1_.cef_id as cef_id10_42_1_, utilisateu1_.civilite as civilite2_42_1_, utilisateu1_.date_de_naissance as date_de_3_42_1_, utilisateu1_.etudiant_id as etudian11_42_1_, utilisateu1_.formateur_id as formate12_42_1_, utilisateu1_.login as login4_42_1_, utilisateu1_.maitre_apprentissage_id as maitre_13_42_1_, utilisateu1_.nom as nom5_42_1_, utilisateu1_.password as password6_42_1_, utilisateu1_.prenom as prenom7_42_1_, utilisateu1_.telephone as telephon8_42_1_, adresse2_.id as id1_2_2_, adresse2_.code_postal as code_pos2_2_2_, adresse2_.numero as numero3_2_2_, adresse2_.rue as rue4_2_2_, adresse2_.ville as ville5_2_2_, cef3_.id as id1_3_3_, cef3_.centre_formation_id as centre_f2_3_3_, cef3_.entreprise_id as entrepri3_3_3_, cef3_.utilisateur_id as utilisat4_3_3_, etudiant4_.id as id1_16_4_, etudiant4_.utilisateur_id as utilisat2_16_4_, formateur5_.id as id1_24_5_, formateur5_.entreprise_id as entrepri2_24_5_, formateur5_.utilisateur_id as utilisat3_24_5_, maitreappr6_.id as id1_31_6_, maitreappr6_.entreprise_id as entrepri2_31_6_, maitreappr6_.utilisateur_id as utilisat3_31_6_ from etudiant etudiant0_ left outer join utilisateur utilisateu1_ on etudiant0_.utilisateur_id=utilisateu1_.id left outer join adresse adresse2_ on utilisateu1_.adresse_id=adresse2_.id left outer join cef cef3_ on utilisateu1_.cef_id=cef3_.id left outer join etudiant etudiant4_ on utilisateu1_.etudiant_id=etudiant4_.id left outer join formateur formateur5_ on utilisateu1_.formateur_id=formateur5_.id left outer join maitre_apprentissage maitreappr6_ on utilisateu1_.maitre_apprentissage_id=maitreappr6_.id where etudiant0_.id=?
2022-05-03 11:20:51.629 ERROR 19084 --- [           main] unknown.jul.logger                       : java.lang.NullPointerException
	at fr.dawan.AppliCFABack.services.EtudiantServiceImpl.getGroupesByIdEtudiant(EtudiantServiceImpl.java:404)
	at fr.dawan.AppliCFABack.services.EtudiantServiceImpl$$FastClassBySpringCGLIB$$c5526007.invoke(<generated>)
	at org.springframework.cglib.proxy.MethodProxy.invoke(MethodProxy.java:218)
	at org.springframework.aop.framework.CglibAopProxy$CglibMethodInvocation.invokeJoinpoint(CglibAopProxy.java:771)
	at org.springframework.aop.framework.ReflectiveMethodInvocation.proceed(ReflectiveMethodInvocation.java:163)
	at org.springframework.aop.framework.CglibAopProxy$CglibMethodInvocation.proceed(CglibAopProxy.java:749)
	at org.springframework.transaction.interceptor.TransactionAspectSupport.invokeWithinTransaction(TransactionAspectSupport.java:367)
	at org.springframework.transaction.interceptor.TransactionInterceptor.invoke(TransactionInterceptor.java:118)
	at org.springframework.aop.framework.ReflectiveMethodInvocation.proceed(ReflectiveMethodInvocation.java:186)
	at org.springframework.aop.framework.CglibAopProxy$CglibMethodInvocation.proceed(CglibAopProxy.java:749)
	at org.springframework.aop.framework.CglibAopProxy$DynamicAdvisedInterceptor.intercept(CglibAopProxy.java:691)
	at fr.dawan.AppliCFABack.services.EtudiantServiceImpl$$EnhancerBySpringCGLIB$$2bc90710.getGroupesByIdEtudiant(<generated>)
	at fr.dawan.AppliCFABack.controllers.EtudiantController.getGroupesByIdEtudiant(EtudiantController.java:144)
	at java.base/jdk.internal.reflect.NativeMethodAccessorImpl.invoke0(Native Method)
	at java.base/jdk.internal.reflect.NativeMethodAccessorImpl.invoke(NativeMethodAccessorImpl.java:62)
	at java.base/jdk.internal.reflect.DelegatingMethodAccessorImpl.invoke(DelegatingMethodAccessorImpl.java:43)
	at java.base/java.lang.reflect.Method.invoke(Method.java:566)
	at org.springframework.web.method.support.InvocableHandlerMethod.doInvoke(InvocableHandlerMethod.java:190)
	at org.springframework.web.method.support.InvocableHandlerMethod.invokeForRequest(InvocableHandlerMethod.java:138)
	at org.springframework.web.servlet.mvc.method.annotation.ServletInvocableHandlerMethod.invokeAndHandle(ServletInvocableHandlerMethod.java:105)
	at org.springframework.web.servlet.mvc.method.annotation.RequestMappingHandlerAdapter.invokeHandlerMethod(RequestMappingHandlerAdapter.java:879)
	at org.springframework.web.servlet.mvc.method.annotation.RequestMappingHandlerAdapter.handleInternal(RequestMappingHandlerAdapter.java:793)
	at org.springframework.web.servlet.mvc.method.AbstractHandlerMethodAdapter.handle(AbstractHandlerMethodAdapter.java:87)
	at org.springframework.web.servlet.DispatcherServlet.doDispatch(DispatcherServlet.java:1040)
	at org.springframework.web.servlet.DispatcherServlet.doService(DispatcherServlet.java:943)
	at org.springframework.web.servlet.FrameworkServlet.processRequest(FrameworkServlet.java:1006)
	at org.springframework.web.servlet.FrameworkServlet.doGet(FrameworkServlet.java:898)
	at javax.servlet.http.HttpServlet.service(HttpServlet.java:634)
	at org.springframework.web.servlet.FrameworkServlet.service(FrameworkServlet.java:883)
	at org.springframework.test.web.servlet.TestDispatcherServlet.service(TestDispatcherServlet.java:72)
	at javax.servlet.http.HttpServlet.service(HttpServlet.java:741)
	at org.springframework.mock.web.MockFilterChain$ServletFilterProxy.doFilter(MockFilterChain.java:167)
	at org.springframework.mock.web.MockFilterChain.doFilter(MockFilterChain.java:134)
	at org.springframework.web.filter.RequestContextFilter.doFilterInternal(RequestContextFilter.java:100)
	at org.springframework.web.filter.OncePerRequestFilter.doFilter(OncePerRequestFilter.java:119)
	at org.springframework.mock.web.MockFilterChain.doFilter(MockFilterChain.java:134)
	at org.springframework.web.filter.FormContentFilter.doFilterInternal(FormContentFilter.java:93)
	at org.springframework.web.filter.OncePerRequestFilter.doFilter(OncePerRequestFilter.java:119)
	at org.springframework.mock.web.MockFilterChain.doFilter(MockFilterChain.java:134)
	at org.springframework.boot.actuate.metrics.web.servlet.WebMvcMetricsFilter.doFilterInternal(WebMvcMetricsFilter.java:93)
	at org.springframework.web.filter.OncePerRequestFilter.doFilter(OncePerRequestFilter.java:119)
	at org.springframework.mock.web.MockFilterChain.doFilter(MockFilterChain.java:134)
	at org.springframework.web.filter.CharacterEncodingFilter.doFilterInternal(CharacterEncodingFilter.java:201)
	at org.springframework.web.filter.OncePerRequestFilter.doFilter(OncePerRequestFilter.java:119)
	at org.springframework.mock.web.MockFilterChain.doFilter(MockFilterChain.java:134)
	at org.springframework.test.web.servlet.MockMvc.perform(MockMvc.java:183)
	at fr.dawan.AppliCFABack.Controller.EtudiantControllerTests.testGetGroupesByIdEtudiant(EtudiantControllerTests.java:169)
	at java.base/jdk.internal.reflect.NativeMethodAccessorImpl.invoke0(Native Method)
	at java.base/jdk.internal.reflect.NativeMethodAccessorImpl.invoke(NativeMethodAccessorImpl.java:62)
	at java.base/jdk.internal.reflect.DelegatingMethodAccessorImpl.invoke(DelegatingMethodAccessorImpl.java:43)
	at java.base/java.lang.reflect.Method.invoke(Method.java:566)
	at org.junit.platform.commons.util.ReflectionUtils.invokeMethod(ReflectionUtils.java:686)
	at org.junit.jupiter.engine.execution.MethodInvocation.proceed(MethodInvocation.java:60)
	at org.junit.jupiter.engine.execution.InvocationInterceptorChain$ValidatingInvocation.proceed(InvocationInterceptorChain.java:131)
	at org.junit.jupiter.engine.extension.TimeoutExtension.intercept(TimeoutExtension.java:149)
	at org.junit.jupiter.engine.extension.TimeoutExtension.interceptTestableMethod(TimeoutExtension.java:140)
	at org.junit.jupiter.engine.extension.TimeoutExtension.interceptTestMethod(TimeoutExtension.java:84)
	at org.junit.jupiter.engine.execution.ExecutableInvoker$ReflectiveInterceptorCall.lambda$ofVoidMethod$0(ExecutableInvoker.java:115)
	at org.junit.jupiter.engine.execution.ExecutableInvoker.lambda$invoke$0(ExecutableInvoker.java:105)
	at org.junit.jupiter.engine.execution.InvocationInterceptorChain$InterceptedInvocation.proceed(InvocationInterceptorChain.java:106)
	at org.junit.jupiter.engine.execution.InvocationInterceptorChain.proceed(InvocationInterceptorChain.java:64)
	at org.junit.jupiter.engine.execution.InvocationInterceptorChain.chainAndInvoke(InvocationInterceptorChain.java:45)
	at org.junit.jupiter.engine.execution.InvocationInterceptorChain.invoke(InvocationInterceptorChain.java:37)
	at org.junit.jupiter.engine.execution.ExecutableInvoker.invoke(ExecutableInvoker.java:104)
	at org.junit.jupiter.engine.execution.ExecutableInvoker.invoke(ExecutableInvoker.java:98)
	at org.junit.jupiter.engine.descriptor.TestMethodTestDescriptor.lambda$invokeTestMethod$6(TestMethodTestDescriptor.java:212)
	at org.junit.platform.engine.support.hierarchical.ThrowableCollector.execute(ThrowableCollector.java:73)
	at org.junit.jupiter.engine.descriptor.TestMethodTestDescriptor.invokeTestMethod(TestMethodTestDescriptor.java:208)
	at org.junit.jupiter.engine.descriptor.TestMethodTestDescriptor.execute(TestMethodTestDescriptor.java:137)
	at org.junit.jupiter.engine.descriptor.TestMethodTestDescriptor.execute(TestMethodTestDescriptor.java:71)
	at org.junit.platform.engine.support.hierarchical.NodeTestTask.lambda$executeRecursively$5(NodeTestTask.java:135)
	at org.junit.platform.engine.support.hierarchical.ThrowableCollector.execute(ThrowableCollector.java:73)
	at org.junit.platform.engine.support.hierarchical.NodeTestTask.lambda$executeRecursively$7(NodeTestTask.java:125)
	at org.junit.platform.engine.support.hierarchical.Node.around(Node.java:135)
	at org.junit.platform.engine.support.hierarchical.NodeTestTask.lambda$executeRecursively$8(NodeTestTask.java:123)
	at org.junit.platform.engine.support.hierarchical.ThrowableCollector.execute(ThrowableCollector.java:73)
	at org.junit.platform.engine.support.hierarchical.NodeTestTask.executeRecursively(NodeTestTask.java:122)
	at org.junit.platform.engine.support.hierarchical.NodeTestTask.execute(NodeTestTask.java:80)
	at java.base/java.util.ArrayList.forEach(ArrayList.java:1541)
	at org.junit.platform.engine.support.hierarchical.SameThreadHierarchicalTestExecutorService.invokeAll(SameThreadHierarchicalTestExecutorService.java:38)
	at org.junit.platform.engine.support.hierarchical.NodeTestTask.lambda$executeRecursively$5(NodeTestTask.java:139)
	at org.junit.platform.engine.support.hierarchical.ThrowableCollector.execute(ThrowableCollector.java:73)
	at org.junit.platform.engine.support.hierarchical.NodeTestTask.lambda$executeRecursively$7(NodeTestTask.java:125)
	at org.junit.platform.engine.support.hierarchical.Node.around(Node.java:135)
	at org.junit.platform.engine.support.hierarchical.NodeTestTask.lambda$executeRecursively$8(NodeTestTask.java:123)
	at org.junit.platform.engine.support.hierarchical.ThrowableCollector.execute(ThrowableCollector.java:73)
	at org.junit.platform.engine.support.hierarchical.NodeTestTask.executeRecursively(NodeTestTask.java:122)
	at org.junit.platform.engine.support.hierarchical.NodeTestTask.execute(NodeTestTask.java:80)
	at java.base/java.util.ArrayList.forEach(ArrayList.java:1541)
	at org.junit.platform.engine.support.hierarchical.SameThreadHierarchicalTestExecutorService.invokeAll(SameThreadHierarchicalTestExecutorService.java:38)
	at org.junit.platform.engine.support.hierarchical.NodeTestTask.lambda$executeRecursively$5(NodeTestTask.java:139)
	at org.junit.platform.engine.support.hierarchical.ThrowableCollector.execute(ThrowableCollector.java:73)
	at org.junit.platform.engine.support.hierarchical.NodeTestTask.lambda$executeRecursively$7(NodeTestTask.java:125)
	at org.junit.platform.engine.support.hierarchical.Node.around(Node.java:135)
	at org.junit.platform.engine.support.hierarchical.NodeTestTask.lambda$executeRecursively$8(NodeTestTask.java:123)
	at org.junit.platform.engine.support.hierarchical.ThrowableCollector.execute(ThrowableCollector.java:73)
	at org.junit.platform.engine.support.hierarchical.NodeTestTask.executeRecursively(NodeTestTask.java:122)
	at org.junit.platform.engine.support.hierarchical.NodeTestTask.execute(NodeTestTask.java:80)
	at org.junit.platform.engine.support.hierarchical.SameThreadHierarchicalTestExecutorService.submit(SameThreadHierarchicalTestExecutorService.java:32)
	at org.junit.platform.engine.support.hierarchical.HierarchicalTestExecutor.execute(HierarchicalTestExecutor.java:57)
	at org.junit.platform.engine.support.hierarchical.HierarchicalTestEngine.execute(HierarchicalTestEngine.java:51)
	at org.junit.platform.launcher.core.DefaultLauncher.execute(DefaultLauncher.java:220)
	at org.junit.platform.launcher.core.DefaultLauncher.lambda$execute$6(DefaultLauncher.java:188)
	at org.junit.platform.launcher.core.DefaultLauncher.withInterceptedStreams(DefaultLauncher.java:202)
	at org.junit.platform.launcher.core.DefaultLauncher.execute(DefaultLauncher.java:181)
	at org.junit.platform.launcher.core.DefaultLauncher.execute(DefaultLauncher.java:128)
	at org.apache.maven.surefire.junitplatform.JUnitPlatformProvider.invokeAllTests(JUnitPlatformProvider.java:150)
	at org.apache.maven.surefire.junitplatform.JUnitPlatformProvider.invoke(JUnitPlatformProvider.java:124)
	at org.apache.maven.surefire.booter.ForkedBooter.invokeProviderInSameClassLoader(ForkedBooter.java:384)
	at org.apache.maven.surefire.booter.ForkedBooter.runSuitesInProcess(ForkedBooter.java:345)
	at org.apache.maven.surefire.booter.ForkedBooter.execute(ForkedBooter.java:126)
	at org.apache.maven.surefire.booter.ForkedBooter.main(ForkedBooter.java:418)


MockHttpServletRequest:
      HTTP Method = GET
      Request URI = /etudiants/0/groupes
       Parameters = {}
          Headers = [Accept:"application/json"]
             Body = null
    Session Attrs = {}

Handler:
             Type = fr.dawan.AppliCFABack.controllers.EtudiantController
           Method = fr.dawan.AppliCFABack.controllers.EtudiantController#getGroupesByIdEtudiant(long)

Async:
    Async started = false
     Async result = null

Resolved Exception:
             Type = java.lang.NullPointerException

ModelAndView:
        View name = null
             View = null
            Model = null

FlashMap:
       Attributes = null

MockHttpServletResponse:
           Status = 500
    Error message = null
          Headers = [Vary:"Origin", "Access-Control-Request-Method", "Access-Control-Request-Headers", Content-Type:"application/json"]
     Content type = application/json
             Body = {"status":"INTERNAL_SERVER_ERROR","message":null}
    Forwarded URL = null
   Redirected URL = null
          Cookies = []
]]></system-out>
  </testcase>
  <testcase name="testFindById" classname="fr.dawan.AppliCFABack.Controller.EtudiantControllerTests" time="0.016">
    <failure message="No value at JSON path &quot;$.nom&quot;" type="java.lang.AssertionError">java.lang.AssertionError: No value at JSON path "$.nom"
	at fr.dawan.AppliCFABack.Controller.EtudiantControllerTests.testFindById(EtudiantControllerTests.java:78)
Caused by: java.lang.IllegalArgumentException: json can not be null or empty
	at fr.dawan.AppliCFABack.Controller.EtudiantControllerTests.testFindById(EtudiantControllerTests.java:78)
</failure>
    <system-out><![CDATA[Hibernate: select etudiant0_.id as id1_16_0_, etudiant0_.utilisateur_id as utilisat2_16_0_, utilisateu1_.id as id1_42_1_, utilisateu1_.adresse_id as adresse_9_42_1_, utilisateu1_.cef_id as cef_id10_42_1_, utilisateu1_.civilite as civilite2_42_1_, utilisateu1_.date_de_naissance as date_de_3_42_1_, utilisateu1_.etudiant_id as etudian11_42_1_, utilisateu1_.formateur_id as formate12_42_1_, utilisateu1_.login as login4_42_1_, utilisateu1_.maitre_apprentissage_id as maitre_13_42_1_, utilisateu1_.nom as nom5_42_1_, utilisateu1_.password as password6_42_1_, utilisateu1_.prenom as prenom7_42_1_, utilisateu1_.telephone as telephon8_42_1_, adresse2_.id as id1_2_2_, adresse2_.code_postal as code_pos2_2_2_, adresse2_.numero as numero3_2_2_, adresse2_.rue as rue4_2_2_, adresse2_.ville as ville5_2_2_, cef3_.id as id1_3_3_, cef3_.centre_formation_id as centre_f2_3_3_, cef3_.entreprise_id as entrepri3_3_3_, cef3_.utilisateur_id as utilisat4_3_3_, etudiant4_.id as id1_16_4_, etudiant4_.utilisateur_id as utilisat2_16_4_, formateur5_.id as id1_24_5_, formateur5_.entreprise_id as entrepri2_24_5_, formateur5_.utilisateur_id as utilisat3_24_5_, maitreappr6_.id as id1_31_6_, maitreappr6_.entreprise_id as entrepri2_31_6_, maitreappr6_.utilisateur_id as utilisat3_31_6_ from etudiant etudiant0_ left outer join utilisateur utilisateu1_ on etudiant0_.utilisateur_id=utilisateu1_.id left outer join adresse adresse2_ on utilisateu1_.adresse_id=adresse2_.id left outer join cef cef3_ on utilisateu1_.cef_id=cef3_.id left outer join etudiant etudiant4_ on utilisateu1_.etudiant_id=etudiant4_.id left outer join formateur formateur5_ on utilisateu1_.formateur_id=formateur5_.id left outer join maitre_apprentissage maitreappr6_ on utilisateu1_.maitre_apprentissage_id=maitreappr6_.id where etudiant0_.id=?

MockHttpServletRequest:
      HTTP Method = GET
      Request URI = /etudiants/0
       Parameters = {}
          Headers = [Accept:"application/json"]
             Body = null
    Session Attrs = {}

Handler:
             Type = fr.dawan.AppliCFABack.controllers.EtudiantController
           Method = fr.dawan.AppliCFABack.controllers.EtudiantController#getById(long)

Async:
    Async started = false
     Async result = null

Resolved Exception:
             Type = null

ModelAndView:
        View name = null
             View = null
            Model = null

FlashMap:
       Attributes = null

MockHttpServletResponse:
           Status = 200
    Error message = null
          Headers = [Vary:"Origin", "Access-Control-Request-Method", "Access-Control-Request-Headers"]
     Content type = null
             Body = 
    Forwarded URL = null
   Redirected URL = null
          Cookies = []
]]></system-out>
  </testcase>
  <testcase name="testGetNotesByIdEtudiant" classname="fr.dawan.AppliCFABack.Controller.EtudiantControllerTests" time="0.021">
    <failure message="Status expected:&lt;200&gt; but was:&lt;400&gt;" type="java.lang.AssertionError"><![CDATA[java.lang.AssertionError: Status expected:<200> but was:<400>
	at fr.dawan.AppliCFABack.Controller.EtudiantControllerTests.testGetNotesByIdEtudiant(EtudiantControllerTests.java:197)
]]></failure>
    <system-out><![CDATA[
MockHttpServletRequest:
      HTTP Method = GET
      Request URI = /etudiants/0/notes
       Parameters = {}
          Headers = [Accept:"application/json"]
             Body = null
    Session Attrs = {}

Handler:
             Type = fr.dawan.AppliCFABack.controllers.EtudiantController
           Method = fr.dawan.AppliCFABack.controllers.EtudiantController#getAllByPage(int, int)

Async:
    Async started = false
     Async result = null

Resolved Exception:
             Type = org.springframework.web.method.annotation.MethodArgumentTypeMismatchException

ModelAndView:
        View name = null
             View = null
            Model = null

FlashMap:
       Attributes = null

MockHttpServletResponse:
           Status = 400
    Error message = null
          Headers = [Vary:"Origin", "Access-Control-Request-Method", "Access-Control-Request-Headers"]
     Content type = null
             Body = 
    Forwarded URL = null
   Redirected URL = null
          Cookies = []
]]></system-out>
  </testcase>
  <testcase name="testGetFormateurManagerByIdEtudiant" classname="fr.dawan.AppliCFABack.Controller.EtudiantControllerTests" time="0.017">
    <failure message="Status expected:&lt;200&gt; but was:&lt;400&gt;" type="java.lang.AssertionError"><![CDATA[java.lang.AssertionError: Status expected:<200> but was:<400>
	at fr.dawan.AppliCFABack.Controller.EtudiantControllerTests.testGetFormateurManagerByIdEtudiant(EtudiantControllerTests.java:246)
]]></failure>
    <system-out><![CDATA[
MockHttpServletRequest:
      HTTP Method = GET
      Request URI = /etudiants/0/manager
       Parameters = {}
          Headers = [Accept:"application/json"]
             Body = null
    Session Attrs = {}

Handler:
             Type = fr.dawan.AppliCFABack.controllers.EtudiantController
           Method = fr.dawan.AppliCFABack.controllers.EtudiantController#getAllByPage(int, int)

Async:
    Async started = false
     Async result = null

Resolved Exception:
             Type = org.springframework.web.method.annotation.MethodArgumentTypeMismatchException

ModelAndView:
        View name = null
             View = null
            Model = null

FlashMap:
       Attributes = null

MockHttpServletResponse:
           Status = 400
    Error message = null
          Headers = [Vary:"Origin", "Access-Control-Request-Method", "Access-Control-Request-Headers"]
     Content type = null
             Body = 
    Forwarded URL = null
   Redirected URL = null
          Cookies = []
]]></system-out>
  </testcase>
  <testcase name="testUpdate" classname="fr.dawan.AppliCFABack.Controller.EtudiantControllerTests" time="0.02"/>
</testsuite>