<?xml version="1.0" encoding="UTF-8"?>
<testsuite xmlns:xsi="http://www.w3.org/2001/XMLSchema-instance" xsi:noNamespaceSchemaLocation="https://maven.apache.org/surefire/maven-surefire-plugin/xsd/surefire-test-report.xsd" name="fr.dawan.AppliCFABack.Controller.FichePosteControllerTests" time="0.062" tests="5" errors="0" skipped="0" failures="2">
  <properties>
    <property name="java.specification.version" value="15"/>
    <property name="sun.cpu.isalist" value="amd64"/>
    <property name="sun.jnu.encoding" value="Cp1252"/>
    <property name="java.class.path" value="C:\CODE APPLI CFA\cfa-portal-api\target\test-classes;C:\CODE APPLI CFA\cfa-portal-api\target\classes;C:\Users\Admin stagiaire.DESKTOP-8967908\.m2\repository\org\mapstruct\mapstruct\1.4.2.Final\mapstruct-1.4.2.Final.jar;C:\Users\Admin stagiaire.DESKTOP-8967908\.m2\repository\org\springframework\boot\spring-boot-starter-data-jpa\2.3.1.RELEASE\spring-boot-starter-data-jpa-2.3.1.RELEASE.jar;C:\Users\Admin stagiaire.DESKTOP-8967908\.m2\repository\org\springframework\boot\spring-boot-starter-aop\2.3.1.RELEASE\spring-boot-starter-aop-2.3.1.RELEASE.jar;C:\Users\Admin stagiaire.DESKTOP-8967908\.m2\repository\org\springframework\spring-aop\5.2.7.RELEASE\spring-aop-5.2.7.RELEASE.jar;C:\Users\Admin stagiaire.DESKTOP-8967908\.m2\repository\org\aspectj\aspectjweaver\1.9.5\aspectjweaver-1.9.5.jar;C:\Users\Admin stagiaire.DESKTOP-8967908\.m2\repository\org\springframework\boot\spring-boot-starter-jdbc\2.3.1.RELEASE\spring-boot-starter-jdbc-2.3.1.RELEASE.jar;C:\Users\Admin stagiaire.DESKTOP-8967908\.m2\repository\com\zaxxer\HikariCP\3.4.5\HikariCP-3.4.5.jar;C:\Users\Admin stagiaire.DESKTOP-8967908\.m2\repository\org\springframework\spring-jdbc\5.2.7.RELEASE\spring-jdbc-5.2.7.RELEASE.jar;C:\Users\Admin stagiaire.DESKTOP-8967908\.m2\repository\jakarta\transaction\jakarta.transaction-api\1.3.3\jakarta.transaction-api-1.3.3.jar;C:\Users\Admin stagiaire.DESKTOP-8967908\.m2\repository\jakarta\persistence\jakarta.persistence-api\2.2.3\jakarta.persistence-api-2.2.3.jar;C:\Users\Admin stagiaire.DESKTOP-8967908\.m2\repository\org\hibernate\hibernate-core\5.4.17.Final\hibernate-core-5.4.17.Final.jar;C:\Users\Admin stagiaire.DESKTOP-8967908\.m2\repository\org\jboss\logging\jboss-logging\3.4.1.Final\jboss-logging-3.4.1.Final.jar;C:\Users\Admin stagiaire.DESKTOP-8967908\.m2\repository\org\javassist\javassist\3.24.0-GA\javassist-3.24.0-GA.jar;C:\Users\Admin stagiaire.DESKTOP-8967908\.m2\repository\net\bytebuddy\byte-buddy\1.10.11\byte-buddy-1.10.11.jar;C:\Users\Admin stagiaire.DESKTOP-8967908\.m2\repository\antlr\antlr\2.7.7\antlr-2.7.7.jar;C:\Users\Admin stagiaire.DESKTOP-8967908\.m2\repository\org\jboss\jandex\2.1.3.Final\jandex-2.1.3.Final.jar;C:\Users\Admin stagiaire.DESKTOP-8967908\.m2\repository\com\fasterxml\classmate\1.5.1\classmate-1.5.1.jar;C:\Users\Admin stagiaire.DESKTOP-8967908\.m2\repository\org\dom4j\dom4j\2.1.3\dom4j-2.1.3.jar;C:\Users\Admin stagiaire.DESKTOP-8967908\.m2\repository\org\hibernate\common\hibernate-commons-annotations\5.1.0.Final\hibernate-commons-annotations-5.1.0.Final.jar;C:\Users\Admin stagiaire.DESKTOP-8967908\.m2\repository\org\glassfish\jaxb\jaxb-runtime\2.3.3\jaxb-runtime-2.3.3.jar;C:\Users\Admin stagiaire.DESKTOP-8967908\.m2\repository\org\glassfish\jaxb\txw2\2.3.3\txw2-2.3.3.jar;C:\Users\Admin stagiaire.DESKTOP-8967908\.m2\repository\com\sun\istack\istack-commons-runtime\3.0.11\istack-commons-runtime-3.0.11.jar;C:\Users\Admin stagiaire.DESKTOP-8967908\.m2\repository\org\springframework\data\spring-data-jpa\2.3.1.RELEASE\spring-data-jpa-2.3.1.RELEASE.jar;C:\Users\Admin stagiaire.DESKTOP-8967908\.m2\repository\org\springframework\data\spring-data-commons\2.3.1.RELEASE\spring-data-commons-2.3.1.RELEASE.jar;C:\Users\Admin stagiaire.DESKTOP-8967908\.m2\repository\org\springframework\spring-orm\5.2.7.RELEASE\spring-orm-5.2.7.RELEASE.jar;C:\Users\Admin stagiaire.DESKTOP-8967908\.m2\repository\org\springframework\spring-context\5.2.7.RELEASE\spring-context-5.2.7.RELEASE.jar;C:\Users\Admin stagiaire.DESKTOP-8967908\.m2\repository\org\springframework\spring-tx\5.2.7.RELEASE\spring-tx-5.2.7.RELEASE.jar;C:\Users\Admin stagiaire.DESKTOP-8967908\.m2\repository\org\springframework\spring-beans\5.2.7.RELEASE\spring-beans-5.2.7.RELEASE.jar;C:\Users\Admin stagiaire.DESKTOP-8967908\.m2\repository\org\slf4j\slf4j-api\1.7.30\slf4j-api-1.7.30.jar;C:\Users\Admin stagiaire.DESKTOP-8967908\.m2\repository\org\springframework\spring-aspects\5.2.7.RELEASE\spring-aspects-5.2.7.RELEASE.jar;C:\Users\Admin stagiaire.DESKTOP-8967908\.m2\repository\org\springframework\boot\spring-boot-starter-web\2.3.1.RELEASE\spring-boot-starter-web-2.3.1.RELEASE.jar;C:\Users\Admin stagiaire.DESKTOP-8967908\.m2\repository\org\springframework\boot\spring-boot-starter\2.3.1.RELEASE\spring-boot-starter-2.3.1.RELEASE.jar;C:\Users\Admin stagiaire.DESKTOP-8967908\.m2\repository\org\springframework\boot\spring-boot\2.3.1.RELEASE\spring-boot-2.3.1.RELEASE.jar;C:\Users\Admin stagiaire.DESKTOP-8967908\.m2\repository\org\springframework\boot\spring-boot-autoconfigure\2.3.1.RELEASE\spring-boot-autoconfigure-2.3.1.RELEASE.jar;C:\Users\Admin stagiaire.DESKTOP-8967908\.m2\repository\org\springframework\boot\spring-boot-starter-logging\2.3.1.RELEASE\spring-boot-starter-logging-2.3.1.RELEASE.jar;C:\Users\Admin stagiaire.DESKTOP-8967908\.m2\repository\ch\qos\logback\logback-classic\1.2.3\logback-classic-1.2.3.jar;C:\Users\Admin stagiaire.DESKTOP-8967908\.m2\repository\ch\qos\logback\logback-core\1.2.3\logback-core-1.2.3.jar;C:\Users\Admin stagiaire.DESKTOP-8967908\.m2\repository\org\apache\logging\log4j\log4j-to-slf4j\2.13.3\log4j-to-slf4j-2.13.3.jar;C:\Users\Admin stagiaire.DESKTOP-8967908\.m2\repository\org\apache\logging\log4j\log4j-api\2.13.3\log4j-api-2.13.3.jar;C:\Users\Admin stagiaire.DESKTOP-8967908\.m2\repository\org\slf4j\jul-to-slf4j\1.7.30\jul-to-slf4j-1.7.30.jar;C:\Users\Admin stagiaire.DESKTOP-8967908\.m2\repository\jakarta\annotation\jakarta.annotation-api\1.3.5\jakarta.annotation-api-1.3.5.jar;C:\Users\Admin stagiaire.DESKTOP-8967908\.m2\repository\org\yaml\snakeyaml\1.26\snakeyaml-1.26.jar;C:\Users\Admin stagiaire.DESKTOP-8967908\.m2\repository\org\springframework\boot\spring-boot-starter-json\2.3.1.RELEASE\spring-boot-starter-json-2.3.1.RELEASE.jar;C:\Users\Admin stagiaire.DESKTOP-8967908\.m2\repository\com\fasterxml\jackson\datatype\jackson-datatype-jdk8\2.11.0\jackson-datatype-jdk8-2.11.0.jar;C:\Users\Admin stagiaire.DESKTOP-8967908\.m2\repository\com\fasterxml\jackson\datatype\jackson-datatype-jsr310\2.11.0\jackson-datatype-jsr310-2.11.0.jar;C:\Users\Admin stagiaire.DESKTOP-8967908\.m2\repository\com\fasterxml\jackson\module\jackson-module-parameter-names\2.11.0\jackson-module-parameter-names-2.11.0.jar;C:\Users\Admin stagiaire.DESKTOP-8967908\.m2\repository\org\springframework\boot\spring-boot-starter-tomcat\2.3.1.RELEASE\spring-boot-starter-tomcat-2.3.1.RELEASE.jar;C:\Users\Admin stagiaire.DESKTOP-8967908\.m2\repository\org\apache\tomcat\embed\tomcat-embed-core\9.0.36\tomcat-embed-core-9.0.36.jar;C:\Users\Admin stagiaire.DESKTOP-8967908\.m2\repository\org\glassfish\jakarta.el\3.0.3\jakarta.el-3.0.3.jar;C:\Users\Admin stagiaire.DESKTOP-8967908\.m2\repository\org\apache\tomcat\embed\tomcat-embed-websocket\9.0.36\tomcat-embed-websocket-9.0.36.jar;C:\Users\Admin stagiaire.DESKTOP-8967908\.m2\repository\org\springframework\spring-web\5.2.7.RELEASE\spring-web-5.2.7.RELEASE.jar;C:\Users\Admin stagiaire.DESKTOP-8967908\.m2\repository\org\springframework\spring-webmvc\5.2.7.RELEASE\spring-webmvc-5.2.7.RELEASE.jar;C:\Users\Admin stagiaire.DESKTOP-8967908\.m2\repository\org\springframework\spring-expression\5.2.7.RELEASE\spring-expression-5.2.7.RELEASE.jar;C:\Users\Admin stagiaire.DESKTOP-8967908\.m2\repository\org\springframework\boot\spring-boot-starter-actuator\2.3.1.RELEASE\spring-boot-starter-actuator-2.3.1.RELEASE.jar;C:\Users\Admin stagiaire.DESKTOP-8967908\.m2\repository\org\springframework\boot\spring-boot-actuator-autoconfigure\2.3.1.RELEASE\spring-boot-actuator-autoconfigure-2.3.1.RELEASE.jar;C:\Users\Admin stagiaire.DESKTOP-8967908\.m2\repository\org\springframework\boot\spring-boot-actuator\2.3.1.RELEASE\spring-boot-actuator-2.3.1.RELEASE.jar;C:\Users\Admin stagiaire.DESKTOP-8967908\.m2\repository\io\micrometer\micrometer-core\1.5.1\micrometer-core-1.5.1.jar;C:\Users\Admin stagiaire.DESKTOP-8967908\.m2\repository\org\hdrhistogram\HdrHistogram\2.1.12\HdrHistogram-2.1.12.jar;C:\Users\Admin stagiaire.DESKTOP-8967908\.m2\repository\org\latencyutils\LatencyUtils\2.0.3\LatencyUtils-2.0.3.jar;C:\Users\Admin stagiaire.DESKTOP-8967908\.m2\repository\org\postgresql\postgresql\42.2.14\postgresql-42.2.14.jar;C:\Users\Admin stagiaire.DESKTOP-8967908\.m2\repository\mysql\mysql-connector-java\8.0.20\mysql-connector-java-8.0.20.jar;C:\Users\Admin stagiaire.DESKTOP-8967908\.m2\repository\org\mariadb\jdbc\mariadb-java-client\2.6.1\mariadb-java-client-2.6.1.jar;C:\Users\Admin stagiaire.DESKTOP-8967908\.m2\repository\org\springframework\boot\spring-boot-starter-test\2.3.1.RELEASE\spring-boot-starter-test-2.3.1.RELEASE.jar;C:\Users\Admin stagiaire.DESKTOP-8967908\.m2\repository\org\springframework\boot\spring-boot-test\2.3.1.RELEASE\spring-boot-test-2.3.1.RELEASE.jar;C:\Users\Admin stagiaire.DESKTOP-8967908\.m2\repository\org\springframework\boot\spring-boot-test-autoconfigure\2.3.1.RELEASE\spring-boot-test-autoconfigure-2.3.1.RELEASE.jar;C:\Users\Admin stagiaire.DESKTOP-8967908\.m2\repository\com\jayway\jsonpath\json-path\2.4.0\json-path-2.4.0.jar;C:\Users\Admin stagiaire.DESKTOP-8967908\.m2\repository\net\minidev\json-smart\2.3\json-smart-2.3.jar;C:\Users\Admin stagiaire.DESKTOP-8967908\.m2\repository\net\minidev\accessors-smart\1.2\accessors-smart-1.2.jar;C:\Users\Admin stagiaire.DESKTOP-8967908\.m2\repository\org\ow2\asm\asm\5.0.4\asm-5.0.4.jar;C:\Users\Admin stagiaire.DESKTOP-8967908\.m2\repository\jakarta\xml\bind\jakarta.xml.bind-api\2.3.3\jakarta.xml.bind-api-2.3.3.jar;C:\Users\Admin stagiaire.DESKTOP-8967908\.m2\repository\jakarta\activation\jakarta.activation-api\1.2.2\jakarta.activation-api-1.2.2.jar;C:\Users\Admin stagiaire.DESKTOP-8967908\.m2\repository\org\assertj\assertj-core\3.16.1\assertj-core-3.16.1.jar;C:\Users\Admin stagiaire.DESKTOP-8967908\.m2\repository\org\hamcrest\hamcrest\2.2\hamcrest-2.2.jar;C:\Users\Admin stagiaire.DESKTOP-8967908\.m2\repository\org\junit\jupiter\junit-jupiter\5.6.2\junit-jupiter-5.6.2.jar;C:\Users\Admin stagiaire.DESKTOP-8967908\.m2\repository\org\junit\jupiter\junit-jupiter-api\5.6.2\junit-jupiter-api-5.6.2.jar;C:\Users\Admin stagiaire.DESKTOP-8967908\.m2\repository\org\opentest4j\opentest4j\1.2.0\opentest4j-1.2.0.jar;C:\Users\Admin stagiaire.DESKTOP-8967908\.m2\repository\org\junit\platform\junit-platform-commons\1.6.2\junit-platform-commons-1.6.2.jar;C:\Users\Admin stagiaire.DESKTOP-8967908\.m2\repository\org\junit\jupiter\junit-jupiter-params\5.6.2\junit-jupiter-params-5.6.2.jar;C:\Users\Admin stagiaire.DESKTOP-8967908\.m2\repository\org\junit\jupiter\junit-jupiter-engine\5.6.2\junit-jupiter-engine-5.6.2.jar;C:\Users\Admin stagiaire.DESKTOP-8967908\.m2\repository\org\junit\vintage\junit-vintage-engine\5.6.2\junit-vintage-engine-5.6.2.jar;C:\Users\Admin stagiaire.DESKTOP-8967908\.m2\repository\org\apiguardian\apiguardian-api\1.1.0\apiguardian-api-1.1.0.jar;C:\Users\Admin stagiaire.DESKTOP-8967908\.m2\repository\org\junit\platform\junit-platform-engine\1.6.2\junit-platform-engine-1.6.2.jar;C:\Users\Admin stagiaire.DESKTOP-8967908\.m2\repository\junit\junit\4.13\junit-4.13.jar;C:\Users\Admin stagiaire.DESKTOP-8967908\.m2\repository\org\mockito\mockito-core\3.3.3\mockito-core-3.3.3.jar;C:\Users\Admin stagiaire.DESKTOP-8967908\.m2\repository\net\bytebuddy\byte-buddy-agent\1.10.11\byte-buddy-agent-1.10.11.jar;C:\Users\Admin stagiaire.DESKTOP-8967908\.m2\repository\org\objenesis\objenesis\2.6\objenesis-2.6.jar;C:\Users\Admin stagiaire.DESKTOP-8967908\.m2\repository\org\mockito\mockito-junit-jupiter\3.3.3\mockito-junit-jupiter-3.3.3.jar;C:\Users\Admin stagiaire.DESKTOP-8967908\.m2\repository\org\skyscreamer\jsonassert\1.5.0\jsonassert-1.5.0.jar;C:\Users\Admin stagiaire.DESKTOP-8967908\.m2\repository\com\vaadin\external\google\android-json\0.0.20131108.vaadin1\android-json-0.0.20131108.vaadin1.jar;C:\Users\Admin stagiaire.DESKTOP-8967908\.m2\repository\org\springframework\spring-core\5.2.7.RELEASE\spring-core-5.2.7.RELEASE.jar;C:\Users\Admin stagiaire.DESKTOP-8967908\.m2\repository\org\springframework\spring-jcl\5.2.7.RELEASE\spring-jcl-5.2.7.RELEASE.jar;C:\Users\Admin stagiaire.DESKTOP-8967908\.m2\repository\org\springframework\spring-test\5.2.7.RELEASE\spring-test-5.2.7.RELEASE.jar;C:\Users\Admin stagiaire.DESKTOP-8967908\.m2\repository\org\xmlunit\xmlunit-core\2.7.0\xmlunit-core-2.7.0.jar;C:\Users\Admin stagiaire.DESKTOP-8967908\.m2\repository\org\modelmapper\modelmapper\2.3.0\modelmapper-2.3.0.jar;C:\Users\Admin stagiaire.DESKTOP-8967908\.m2\repository\org\springdoc\springdoc-openapi-ui\1.5.2\springdoc-openapi-ui-1.5.2.jar;C:\Users\Admin stagiaire.DESKTOP-8967908\.m2\repository\org\springdoc\springdoc-openapi-webmvc-core\1.5.2\springdoc-openapi-webmvc-core-1.5.2.jar;C:\Users\Admin stagiaire.DESKTOP-8967908\.m2\repository\org\springdoc\springdoc-openapi-common\1.5.2\springdoc-openapi-common-1.5.2.jar;C:\Users\Admin stagiaire.DESKTOP-8967908\.m2\repository\io\swagger\core\v3\swagger-models\2.1.6\swagger-models-2.1.6.jar;C:\Users\Admin stagiaire.DESKTOP-8967908\.m2\repository\io\swagger\core\v3\swagger-annotations\2.1.6\swagger-annotations-2.1.6.jar;C:\Users\Admin stagiaire.DESKTOP-8967908\.m2\repository\io\swagger\core\v3\swagger-integration\2.1.6\swagger-integration-2.1.6.jar;C:\Users\Admin stagiaire.DESKTOP-8967908\.m2\repository\io\swagger\core\v3\swagger-core\2.1.6\swagger-core-2.1.6.jar;C:\Users\Admin stagiaire.DESKTOP-8967908\.m2\repository\com\fasterxml\jackson\dataformat\jackson-dataformat-yaml\2.11.0\jackson-dataformat-yaml-2.11.0.jar;C:\Users\Admin stagiaire.DESKTOP-8967908\.m2\repository\jakarta\validation\jakarta.validation-api\2.0.2\jakarta.validation-api-2.0.2.jar;C:\Users\Admin stagiaire.DESKTOP-8967908\.m2\repository\io\github\classgraph\classgraph\4.8.69\classgraph-4.8.69.jar;C:\Users\Admin stagiaire.DESKTOP-8967908\.m2\repository\org\apache\commons\commons-lang3\3.10\commons-lang3-3.10.jar;C:\Users\Admin stagiaire.DESKTOP-8967908\.m2\repository\org\webjars\swagger-ui\3.38.0\swagger-ui-3.38.0.jar;C:\Users\Admin stagiaire.DESKTOP-8967908\.m2\repository\org\webjars\webjars-locator-core\0.45\webjars-locator-core-0.45.jar;C:\Users\Admin stagiaire.DESKTOP-8967908\.m2\repository\com\fasterxml\jackson\core\jackson-core\2.11.0\jackson-core-2.11.0.jar;C:\Users\Admin stagiaire.DESKTOP-8967908\.m2\repository\io\jsonwebtoken\jjwt\0.9.1\jjwt-0.9.1.jar;C:\Users\Admin stagiaire.DESKTOP-8967908\.m2\repository\com\fasterxml\jackson\core\jackson-databind\2.11.0\jackson-databind-2.11.0.jar;C:\Users\Admin stagiaire.DESKTOP-8967908\.m2\repository\com\fasterxml\jackson\core\jackson-annotations\2.11.0\jackson-annotations-2.11.0.jar;C:\Users\Admin stagiaire.DESKTOP-8967908\.m2\repository\org\springframework\boot\spring-boot-starter-mail\2.3.1.RELEASE\spring-boot-starter-mail-2.3.1.RELEASE.jar;C:\Users\Admin stagiaire.DESKTOP-8967908\.m2\repository\org\springframework\spring-context-support\5.2.7.RELEASE\spring-context-support-5.2.7.RELEASE.jar;C:\Users\Admin stagiaire.DESKTOP-8967908\.m2\repository\com\sun\mail\jakarta.mail\1.6.5\jakarta.mail-1.6.5.jar;C:\Users\Admin stagiaire.DESKTOP-8967908\.m2\repository\com\sun\activation\jakarta.activation\1.2.2\jakarta.activation-1.2.2.jar;"/>
    <property name="java.vm.vendor" value="Oracle Corporation"/>
    <property name="sun.arch.data.model" value="64"/>
    <property name="user.variant" value=""/>
    <property name="java.vendor.url" value="https://java.oracle.com/"/>
    <property name="user.timezone" value="Europe/Paris"/>
    <property name="os.name" value="Windows 10"/>
    <property name="java.vm.specification.version" value="15"/>
    <property name="sun.java.launcher" value="SUN_STANDARD"/>
    <property name="user.country" value="FR"/>
    <property name="sun.boot.library.path" value="C:\Users\Admin stagiaire.DESKTOP-8967908\Desktop\sts-4.10.0.RELEASE\plugins\org.eclipse.justj.openjdk.hotspot.jre.full.win32.x86_64_15.0.2.v20210201-0955\jre\bin"/>
    <property name="sun.java.command" value="C:\Users\Admin stagiaire.DESKTOP-8967908\AppData\Local\Temp\surefire7054733963586486095\surefirebooter15245791471962575922.jar C:\Users\Admin stagiaire.DESKTOP-8967908\AppData\Local\Temp\surefire7054733963586486095 2021-10-18T12-00-39_818-jvmRun1 surefire463962408866140993tmp surefire_011881353917045567430tmp"/>
    <property name="jdk.debug" value="release"/>
    <property name="surefire.test.class.path" value="C:\CODE APPLI CFA\cfa-portal-api\target\test-classes;C:\CODE APPLI CFA\cfa-portal-api\target\classes;C:\Users\Admin stagiaire.DESKTOP-8967908\.m2\repository\org\mapstruct\mapstruct\1.4.2.Final\mapstruct-1.4.2.Final.jar;C:\Users\Admin stagiaire.DESKTOP-8967908\.m2\repository\org\springframework\boot\spring-boot-starter-data-jpa\2.3.1.RELEASE\spring-boot-starter-data-jpa-2.3.1.RELEASE.jar;C:\Users\Admin stagiaire.DESKTOP-8967908\.m2\repository\org\springframework\boot\spring-boot-starter-aop\2.3.1.RELEASE\spring-boot-starter-aop-2.3.1.RELEASE.jar;C:\Users\Admin stagiaire.DESKTOP-8967908\.m2\repository\org\springframework\spring-aop\5.2.7.RELEASE\spring-aop-5.2.7.RELEASE.jar;C:\Users\Admin stagiaire.DESKTOP-8967908\.m2\repository\org\aspectj\aspectjweaver\1.9.5\aspectjweaver-1.9.5.jar;C:\Users\Admin stagiaire.DESKTOP-8967908\.m2\repository\org\springframework\boot\spring-boot-starter-jdbc\2.3.1.RELEASE\spring-boot-starter-jdbc-2.3.1.RELEASE.jar;C:\Users\Admin stagiaire.DESKTOP-8967908\.m2\repository\com\zaxxer\HikariCP\3.4.5\HikariCP-3.4.5.jar;C:\Users\Admin stagiaire.DESKTOP-8967908\.m2\repository\org\springframework\spring-jdbc\5.2.7.RELEASE\spring-jdbc-5.2.7.RELEASE.jar;C:\Users\Admin stagiaire.DESKTOP-8967908\.m2\repository\jakarta\transaction\jakarta.transaction-api\1.3.3\jakarta.transaction-api-1.3.3.jar;C:\Users\Admin stagiaire.DESKTOP-8967908\.m2\repository\jakarta\persistence\jakarta.persistence-api\2.2.3\jakarta.persistence-api-2.2.3.jar;C:\Users\Admin stagiaire.DESKTOP-8967908\.m2\repository\org\hibernate\hibernate-core\5.4.17.Final\hibernate-core-5.4.17.Final.jar;C:\Users\Admin stagiaire.DESKTOP-8967908\.m2\repository\org\jboss\logging\jboss-logging\3.4.1.Final\jboss-logging-3.4.1.Final.jar;C:\Users\Admin stagiaire.DESKTOP-8967908\.m2\repository\org\javassist\javassist\3.24.0-GA\javassist-3.24.0-GA.jar;C:\Users\Admin stagiaire.DESKTOP-8967908\.m2\repository\net\bytebuddy\byte-buddy\1.10.11\byte-buddy-1.10.11.jar;C:\Users\Admin stagiaire.DESKTOP-8967908\.m2\repository\antlr\antlr\2.7.7\antlr-2.7.7.jar;C:\Users\Admin stagiaire.DESKTOP-8967908\.m2\repository\org\jboss\jandex\2.1.3.Final\jandex-2.1.3.Final.jar;C:\Users\Admin stagiaire.DESKTOP-8967908\.m2\repository\com\fasterxml\classmate\1.5.1\classmate-1.5.1.jar;C:\Users\Admin stagiaire.DESKTOP-8967908\.m2\repository\org\dom4j\dom4j\2.1.3\dom4j-2.1.3.jar;C:\Users\Admin stagiaire.DESKTOP-8967908\.m2\repository\org\hibernate\common\hibernate-commons-annotations\5.1.0.Final\hibernate-commons-annotations-5.1.0.Final.jar;C:\Users\Admin stagiaire.DESKTOP-8967908\.m2\repository\org\glassfish\jaxb\jaxb-runtime\2.3.3\jaxb-runtime-2.3.3.jar;C:\Users\Admin stagiaire.DESKTOP-8967908\.m2\repository\org\glassfish\jaxb\txw2\2.3.3\txw2-2.3.3.jar;C:\Users\Admin stagiaire.DESKTOP-8967908\.m2\repository\com\sun\istack\istack-commons-runtime\3.0.11\istack-commons-runtime-3.0.11.jar;C:\Users\Admin stagiaire.DESKTOP-8967908\.m2\repository\org\springframework\data\spring-data-jpa\2.3.1.RELEASE\spring-data-jpa-2.3.1.RELEASE.jar;C:\Users\Admin stagiaire.DESKTOP-8967908\.m2\repository\org\springframework\data\spring-data-commons\2.3.1.RELEASE\spring-data-commons-2.3.1.RELEASE.jar;C:\Users\Admin stagiaire.DESKTOP-8967908\.m2\repository\org\springframework\spring-orm\5.2.7.RELEASE\spring-orm-5.2.7.RELEASE.jar;C:\Users\Admin stagiaire.DESKTOP-8967908\.m2\repository\org\springframework\spring-context\5.2.7.RELEASE\spring-context-5.2.7.RELEASE.jar;C:\Users\Admin stagiaire.DESKTOP-8967908\.m2\repository\org\springframework\spring-tx\5.2.7.RELEASE\spring-tx-5.2.7.RELEASE.jar;C:\Users\Admin stagiaire.DESKTOP-8967908\.m2\repository\org\springframework\spring-beans\5.2.7.RELEASE\spring-beans-5.2.7.RELEASE.jar;C:\Users\Admin stagiaire.DESKTOP-8967908\.m2\repository\org\slf4j\slf4j-api\1.7.30\slf4j-api-1.7.30.jar;C:\Users\Admin stagiaire.DESKTOP-8967908\.m2\repository\org\springframework\spring-aspects\5.2.7.RELEASE\spring-aspects-5.2.7.RELEASE.jar;C:\Users\Admin stagiaire.DESKTOP-8967908\.m2\repository\org\springframework\boot\spring-boot-starter-web\2.3.1.RELEASE\spring-boot-starter-web-2.3.1.RELEASE.jar;C:\Users\Admin stagiaire.DESKTOP-8967908\.m2\repository\org\springframework\boot\spring-boot-starter\2.3.1.RELEASE\spring-boot-starter-2.3.1.RELEASE.jar;C:\Users\Admin stagiaire.DESKTOP-8967908\.m2\repository\org\springframework\boot\spring-boot\2.3.1.RELEASE\spring-boot-2.3.1.RELEASE.jar;C:\Users\Admin stagiaire.DESKTOP-8967908\.m2\repository\org\springframework\boot\spring-boot-autoconfigure\2.3.1.RELEASE\spring-boot-autoconfigure-2.3.1.RELEASE.jar;C:\Users\Admin stagiaire.DESKTOP-8967908\.m2\repository\org\springframework\boot\spring-boot-starter-logging\2.3.1.RELEASE\spring-boot-starter-logging-2.3.1.RELEASE.jar;C:\Users\Admin stagiaire.DESKTOP-8967908\.m2\repository\ch\qos\logback\logback-classic\1.2.3\logback-classic-1.2.3.jar;C:\Users\Admin stagiaire.DESKTOP-8967908\.m2\repository\ch\qos\logback\logback-core\1.2.3\logback-core-1.2.3.jar;C:\Users\Admin stagiaire.DESKTOP-8967908\.m2\repository\org\apache\logging\log4j\log4j-to-slf4j\2.13.3\log4j-to-slf4j-2.13.3.jar;C:\Users\Admin stagiaire.DESKTOP-8967908\.m2\repository\org\apache\logging\log4j\log4j-api\2.13.3\log4j-api-2.13.3.jar;C:\Users\Admin stagiaire.DESKTOP-8967908\.m2\repository\org\slf4j\jul-to-slf4j\1.7.30\jul-to-slf4j-1.7.30.jar;C:\Users\Admin stagiaire.DESKTOP-8967908\.m2\repository\jakarta\annotation\jakarta.annotation-api\1.3.5\jakarta.annotation-api-1.3.5.jar;C:\Users\Admin stagiaire.DESKTOP-8967908\.m2\repository\org\yaml\snakeyaml\1.26\snakeyaml-1.26.jar;C:\Users\Admin stagiaire.DESKTOP-8967908\.m2\repository\org\springframework\boot\spring-boot-starter-json\2.3.1.RELEASE\spring-boot-starter-json-2.3.1.RELEASE.jar;C:\Users\Admin stagiaire.DESKTOP-8967908\.m2\repository\com\fasterxml\jackson\datatype\jackson-datatype-jdk8\2.11.0\jackson-datatype-jdk8-2.11.0.jar;C:\Users\Admin stagiaire.DESKTOP-8967908\.m2\repository\com\fasterxml\jackson\datatype\jackson-datatype-jsr310\2.11.0\jackson-datatype-jsr310-2.11.0.jar;C:\Users\Admin stagiaire.DESKTOP-8967908\.m2\repository\com\fasterxml\jackson\module\jackson-module-parameter-names\2.11.0\jackson-module-parameter-names-2.11.0.jar;C:\Users\Admin stagiaire.DESKTOP-8967908\.m2\repository\org\springframework\boot\spring-boot-starter-tomcat\2.3.1.RELEASE\spring-boot-starter-tomcat-2.3.1.RELEASE.jar;C:\Users\Admin stagiaire.DESKTOP-8967908\.m2\repository\org\apache\tomcat\embed\tomcat-embed-core\9.0.36\tomcat-embed-core-9.0.36.jar;C:\Users\Admin stagiaire.DESKTOP-8967908\.m2\repository\org\glassfish\jakarta.el\3.0.3\jakarta.el-3.0.3.jar;C:\Users\Admin stagiaire.DESKTOP-8967908\.m2\repository\org\apache\tomcat\embed\tomcat-embed-websocket\9.0.36\tomcat-embed-websocket-9.0.36.jar;C:\Users\Admin stagiaire.DESKTOP-8967908\.m2\repository\org\springframework\spring-web\5.2.7.RELEASE\spring-web-5.2.7.RELEASE.jar;C:\Users\Admin stagiaire.DESKTOP-8967908\.m2\repository\org\springframework\spring-webmvc\5.2.7.RELEASE\spring-webmvc-5.2.7.RELEASE.jar;C:\Users\Admin stagiaire.DESKTOP-8967908\.m2\repository\org\springframework\spring-expression\5.2.7.RELEASE\spring-expression-5.2.7.RELEASE.jar;C:\Users\Admin stagiaire.DESKTOP-8967908\.m2\repository\org\springframework\boot\spring-boot-starter-actuator\2.3.1.RELEASE\spring-boot-starter-actuator-2.3.1.RELEASE.jar;C:\Users\Admin stagiaire.DESKTOP-8967908\.m2\repository\org\springframework\boot\spring-boot-actuator-autoconfigure\2.3.1.RELEASE\spring-boot-actuator-autoconfigure-2.3.1.RELEASE.jar;C:\Users\Admin stagiaire.DESKTOP-8967908\.m2\repository\org\springframework\boot\spring-boot-actuator\2.3.1.RELEASE\spring-boot-actuator-2.3.1.RELEASE.jar;C:\Users\Admin stagiaire.DESKTOP-8967908\.m2\repository\io\micrometer\micrometer-core\1.5.1\micrometer-core-1.5.1.jar;C:\Users\Admin stagiaire.DESKTOP-8967908\.m2\repository\org\hdrhistogram\HdrHistogram\2.1.12\HdrHistogram-2.1.12.jar;C:\Users\Admin stagiaire.DESKTOP-8967908\.m2\repository\org\latencyutils\LatencyUtils\2.0.3\LatencyUtils-2.0.3.jar;C:\Users\Admin stagiaire.DESKTOP-8967908\.m2\repository\org\postgresql\postgresql\42.2.14\postgresql-42.2.14.jar;C:\Users\Admin stagiaire.DESKTOP-8967908\.m2\repository\mysql\mysql-connector-java\8.0.20\mysql-connector-java-8.0.20.jar;C:\Users\Admin stagiaire.DESKTOP-8967908\.m2\repository\org\mariadb\jdbc\mariadb-java-client\2.6.1\mariadb-java-client-2.6.1.jar;C:\Users\Admin stagiaire.DESKTOP-8967908\.m2\repository\org\springframework\boot\spring-boot-starter-test\2.3.1.RELEASE\spring-boot-starter-test-2.3.1.RELEASE.jar;C:\Users\Admin stagiaire.DESKTOP-8967908\.m2\repository\org\springframework\boot\spring-boot-test\2.3.1.RELEASE\spring-boot-test-2.3.1.RELEASE.jar;C:\Users\Admin stagiaire.DESKTOP-8967908\.m2\repository\org\springframework\boot\spring-boot-test-autoconfigure\2.3.1.RELEASE\spring-boot-test-autoconfigure-2.3.1.RELEASE.jar;C:\Users\Admin stagiaire.DESKTOP-8967908\.m2\repository\com\jayway\jsonpath\json-path\2.4.0\json-path-2.4.0.jar;C:\Users\Admin stagiaire.DESKTOP-8967908\.m2\repository\net\minidev\json-smart\2.3\json-smart-2.3.jar;C:\Users\Admin stagiaire.DESKTOP-8967908\.m2\repository\net\minidev\accessors-smart\1.2\accessors-smart-1.2.jar;C:\Users\Admin stagiaire.DESKTOP-8967908\.m2\repository\org\ow2\asm\asm\5.0.4\asm-5.0.4.jar;C:\Users\Admin stagiaire.DESKTOP-8967908\.m2\repository\jakarta\xml\bind\jakarta.xml.bind-api\2.3.3\jakarta.xml.bind-api-2.3.3.jar;C:\Users\Admin stagiaire.DESKTOP-8967908\.m2\repository\jakarta\activation\jakarta.activation-api\1.2.2\jakarta.activation-api-1.2.2.jar;C:\Users\Admin stagiaire.DESKTOP-8967908\.m2\repository\org\assertj\assertj-core\3.16.1\assertj-core-3.16.1.jar;C:\Users\Admin stagiaire.DESKTOP-8967908\.m2\repository\org\hamcrest\hamcrest\2.2\hamcrest-2.2.jar;C:\Users\Admin stagiaire.DESKTOP-8967908\.m2\repository\org\junit\jupiter\junit-jupiter\5.6.2\junit-jupiter-5.6.2.jar;C:\Users\Admin stagiaire.DESKTOP-8967908\.m2\repository\org\junit\jupiter\junit-jupiter-api\5.6.2\junit-jupiter-api-5.6.2.jar;C:\Users\Admin stagiaire.DESKTOP-8967908\.m2\repository\org\opentest4j\opentest4j\1.2.0\opentest4j-1.2.0.jar;C:\Users\Admin stagiaire.DESKTOP-8967908\.m2\repository\org\junit\platform\junit-platform-commons\1.6.2\junit-platform-commons-1.6.2.jar;C:\Users\Admin stagiaire.DESKTOP-8967908\.m2\repository\org\junit\jupiter\junit-jupiter-params\5.6.2\junit-jupiter-params-5.6.2.jar;C:\Users\Admin stagiaire.DESKTOP-8967908\.m2\repository\org\junit\jupiter\junit-jupiter-engine\5.6.2\junit-jupiter-engine-5.6.2.jar;C:\Users\Admin stagiaire.DESKTOP-8967908\.m2\repository\org\junit\vintage\junit-vintage-engine\5.6.2\junit-vintage-engine-5.6.2.jar;C:\Users\Admin stagiaire.DESKTOP-8967908\.m2\repository\org\apiguardian\apiguardian-api\1.1.0\apiguardian-api-1.1.0.jar;C:\Users\Admin stagiaire.DESKTOP-8967908\.m2\repository\org\junit\platform\junit-platform-engine\1.6.2\junit-platform-engine-1.6.2.jar;C:\Users\Admin stagiaire.DESKTOP-8967908\.m2\repository\junit\junit\4.13\junit-4.13.jar;C:\Users\Admin stagiaire.DESKTOP-8967908\.m2\repository\org\mockito\mockito-core\3.3.3\mockito-core-3.3.3.jar;C:\Users\Admin stagiaire.DESKTOP-8967908\.m2\repository\net\bytebuddy\byte-buddy-agent\1.10.11\byte-buddy-agent-1.10.11.jar;C:\Users\Admin stagiaire.DESKTOP-8967908\.m2\repository\org\objenesis\objenesis\2.6\objenesis-2.6.jar;C:\Users\Admin stagiaire.DESKTOP-8967908\.m2\repository\org\mockito\mockito-junit-jupiter\3.3.3\mockito-junit-jupiter-3.3.3.jar;C:\Users\Admin stagiaire.DESKTOP-8967908\.m2\repository\org\skyscreamer\jsonassert\1.5.0\jsonassert-1.5.0.jar;C:\Users\Admin stagiaire.DESKTOP-8967908\.m2\repository\com\vaadin\external\google\android-json\0.0.20131108.vaadin1\android-json-0.0.20131108.vaadin1.jar;C:\Users\Admin stagiaire.DESKTOP-8967908\.m2\repository\org\springframework\spring-core\5.2.7.RELEASE\spring-core-5.2.7.RELEASE.jar;C:\Users\Admin stagiaire.DESKTOP-8967908\.m2\repository\org\springframework\spring-jcl\5.2.7.RELEASE\spring-jcl-5.2.7.RELEASE.jar;C:\Users\Admin stagiaire.DESKTOP-8967908\.m2\repository\org\springframework\spring-test\5.2.7.RELEASE\spring-test-5.2.7.RELEASE.jar;C:\Users\Admin stagiaire.DESKTOP-8967908\.m2\repository\org\xmlunit\xmlunit-core\2.7.0\xmlunit-core-2.7.0.jar;C:\Users\Admin stagiaire.DESKTOP-8967908\.m2\repository\org\modelmapper\modelmapper\2.3.0\modelmapper-2.3.0.jar;C:\Users\Admin stagiaire.DESKTOP-8967908\.m2\repository\org\springdoc\springdoc-openapi-ui\1.5.2\springdoc-openapi-ui-1.5.2.jar;C:\Users\Admin stagiaire.DESKTOP-8967908\.m2\repository\org\springdoc\springdoc-openapi-webmvc-core\1.5.2\springdoc-openapi-webmvc-core-1.5.2.jar;C:\Users\Admin stagiaire.DESKTOP-8967908\.m2\repository\org\springdoc\springdoc-openapi-common\1.5.2\springdoc-openapi-common-1.5.2.jar;C:\Users\Admin stagiaire.DESKTOP-8967908\.m2\repository\io\swagger\core\v3\swagger-models\2.1.6\swagger-models-2.1.6.jar;C:\Users\Admin stagiaire.DESKTOP-8967908\.m2\repository\io\swagger\core\v3\swagger-annotations\2.1.6\swagger-annotations-2.1.6.jar;C:\Users\Admin stagiaire.DESKTOP-8967908\.m2\repository\io\swagger\core\v3\swagger-integration\2.1.6\swagger-integration-2.1.6.jar;C:\Users\Admin stagiaire.DESKTOP-8967908\.m2\repository\io\swagger\core\v3\swagger-core\2.1.6\swagger-core-2.1.6.jar;C:\Users\Admin stagiaire.DESKTOP-8967908\.m2\repository\com\fasterxml\jackson\dataformat\jackson-dataformat-yaml\2.11.0\jackson-dataformat-yaml-2.11.0.jar;C:\Users\Admin stagiaire.DESKTOP-8967908\.m2\repository\jakarta\validation\jakarta.validation-api\2.0.2\jakarta.validation-api-2.0.2.jar;C:\Users\Admin stagiaire.DESKTOP-8967908\.m2\repository\io\github\classgraph\classgraph\4.8.69\classgraph-4.8.69.jar;C:\Users\Admin stagiaire.DESKTOP-8967908\.m2\repository\org\apache\commons\commons-lang3\3.10\commons-lang3-3.10.jar;C:\Users\Admin stagiaire.DESKTOP-8967908\.m2\repository\org\webjars\swagger-ui\3.38.0\swagger-ui-3.38.0.jar;C:\Users\Admin stagiaire.DESKTOP-8967908\.m2\repository\org\webjars\webjars-locator-core\0.45\webjars-locator-core-0.45.jar;C:\Users\Admin stagiaire.DESKTOP-8967908\.m2\repository\com\fasterxml\jackson\core\jackson-core\2.11.0\jackson-core-2.11.0.jar;C:\Users\Admin stagiaire.DESKTOP-8967908\.m2\repository\io\jsonwebtoken\jjwt\0.9.1\jjwt-0.9.1.jar;C:\Users\Admin stagiaire.DESKTOP-8967908\.m2\repository\com\fasterxml\jackson\core\jackson-databind\2.11.0\jackson-databind-2.11.0.jar;C:\Users\Admin stagiaire.DESKTOP-8967908\.m2\repository\com\fasterxml\jackson\core\jackson-annotations\2.11.0\jackson-annotations-2.11.0.jar;C:\Users\Admin stagiaire.DESKTOP-8967908\.m2\repository\org\springframework\boot\spring-boot-starter-mail\2.3.1.RELEASE\spring-boot-starter-mail-2.3.1.RELEASE.jar;C:\Users\Admin stagiaire.DESKTOP-8967908\.m2\repository\org\springframework\spring-context-support\5.2.7.RELEASE\spring-context-support-5.2.7.RELEASE.jar;C:\Users\Admin stagiaire.DESKTOP-8967908\.m2\repository\com\sun\mail\jakarta.mail\1.6.5\jakarta.mail-1.6.5.jar;C:\Users\Admin stagiaire.DESKTOP-8967908\.m2\repository\com\sun\activation\jakarta.activation\1.2.2\jakarta.activation-1.2.2.jar;"/>
    <property name="sun.cpu.endian" value="little"/>
    <property name="user.home" value="C:\Users\Admin stagiaire.DESKTOP-8967908"/>
    <property name="user.language" value="fr"/>
    <property name="java.specification.vendor" value="Oracle Corporation"/>
    <property name="java.version.date" value="2021-01-19"/>
    <property name="java.home" value="C:\Users\Admin stagiaire.DESKTOP-8967908\Desktop\sts-4.10.0.RELEASE\plugins\org.eclipse.justj.openjdk.hotspot.jre.full.win32.x86_64_15.0.2.v20210201-0955\jre"/>
    <property name="file.separator" value="\"/>
    <property name="style.color" value="always"/>
    <property name="basedir" value="C:\CODE APPLI CFA\cfa-portal-api"/>
    <property name="java.vm.compressedOopsMode" value="Zero based"/>
    <property name="line.separator" value="&#10;"/>
    <property name="java.vm.specification.vendor" value="Oracle Corporation"/>
    <property name="java.specification.name" value="Java Platform API Specification"/>
    <property name="surefire.real.class.path" value="C:\Users\Admin stagiaire.DESKTOP-8967908\AppData\Local\Temp\surefire7054733963586486095\surefirebooter15245791471962575922.jar"/>
    <property name="user.script" value=""/>
    <property name="sun.management.compiler" value="HotSpot 64-Bit Tiered Compilers"/>
    <property name="java.runtime.version" value="15.0.2+7-27"/>
    <property name="user.name" value="Admin stagiaire"/>
    <property name="path.separator" value=";"/>
    <property name="os.version" value="10.0"/>
    <property name="java.runtime.name" value="OpenJDK Runtime Environment"/>
    <property name="file.encoding" value="Cp1252"/>
    <property name="java.vm.name" value="OpenJDK 64-Bit Server VM"/>
    <property name="localRepository" value="C:\Users\Admin stagiaire.DESKTOP-8967908\.m2\repository"/>
    <property name="java.vendor.url.bug" value="https://bugreport.java.com/bugreport/"/>
    <property name="java.io.tmpdir" value="C:\Users\Admin stagiaire.DESKTOP-8967908\AppData\Local\Temp\"/>
    <property name="java.version" value="15.0.2"/>
    <property name="user.dir" value="C:\CODE APPLI CFA\cfa-portal-api"/>
    <property name="os.arch" value="amd64"/>
    <property name="java.vm.specification.name" value="Java Virtual Machine Specification"/>
    <property name="sun.os.patch.level" value=""/>
    <property name="java.library.path" value="C:\Users\Admin stagiaire.DESKTOP-8967908\Desktop\sts-4.10.0.RELEASE\plugins\org.eclipse.justj.openjdk.hotspot.jre.full.win32.x86_64_15.0.2.v20210201-0955\jre\bin;C:\WINDOWS\Sun\Java\bin;C:\WINDOWS\system32;C:\WINDOWS;C:/Users/Admin stagiaire.DESKTOP-8967908/Desktop/sts-4.10.0.RELEASE//plugins/org.eclipse.justj.openjdk.hotspot.jre.full.win32.x86_64_15.0.2.v20210201-0955/jre/bin/server;C:/Users/Admin stagiaire.DESKTOP-8967908/Desktop/sts-4.10.0.RELEASE//plugins/org.eclipse.justj.openjdk.hotspot.jre.full.win32.x86_64_15.0.2.v20210201-0955/jre/bin;C:\Program Files (x86)\Common Files\Intel\Shared Libraries\redist\intel64\compiler;C:\Program Files (x86)\Common Files\Oracle\Java\javapath;C:\Windows\system32;C:\Windows;C:\Windows\System32\Wbem;C:\Windows\System32\WindowsPowerShell\v1.0\;C:\Windows\System32\OpenSSH\;C:\ProgramData\chocolatey\bin;;C:\Users\Admin\AppData\Local\Microsoft\WindowsApps;C:\Program Files\Git\bin;C:\Program Files\Java\jdk1.8.0_201\bin;C:\Program Files\Oracle\VirtualBox;C:\Program Files\Intel\WiFi\bin\;C:\Program Files\Common Files\Intel\WirelessCommon\;C:\Program Files (x86)\NVIDIA Corporation\PhysX\Common;C:\Program Files (x86)\Intel\Intel(R) Management Engine Components\DAL;C:\Program Files\Intel\Intel(R) Management Engine Components\DAL;C:\WINDOWS\system32;C:\WINDOWS;C:\WINDOWS\System32\Wbem;C:\WINDOWS\System32\WindowsPowerShell\v1.0\;C:\WINDOWS\System32\OpenSSH\;C:\Program Files\dotnet\;C:\Program Files\Microsoft SQL Server\130\Tools\Binn\;C:\Program Files\Microsoft SQL Server\Client SDK\ODBC\170\Tools\Binn\;C:\Program Files (x86)\Microsoft SQL Server\150\Tools\Binn\;C:\Program Files\Microsoft SQL Server\150\Tools\Binn\;C:\Program Files\Microsoft SQL Server\150\DTS\Binn\;C:\Program Files (x86)\Microsoft SQL Server\150\DTS\Binn\;C:\Program Files\Azure Data Studio\bin;C:\Program Files\nodejs\;C:\Users\Admin stagiaire.DESKTOP-8967908\AppData\Local\Microsoft\WindowsApps;C:\Users\Admin stagiaire.DESKTOP-8967908\.dotnet\tools;C:\Program Files\Azure Data Studio\bin;C:\Users\Admin stagiaire.DESKTOP-8967908\AppData\Local\Programs\Microsoft VS Code\bin;C:\Users\Admin stagiaire.DESKTOP-8967908\AppData\Roaming\npm;C:\Users\Admin stagiaire.DESKTOP-8967908\Desktop\sts-4.10.0.RELEASE;;."/>
    <property name="java.vm.info" value="mixed mode"/>
    <property name="java.vendor" value="Oracle Corporation"/>
    <property name="java.vm.version" value="15.0.2+7-27"/>
    <property name="sun.io.unicode.encoding" value="UnicodeLittle"/>
    <property name="java.class.version" value="59.0"/>
  </properties>
  <testcase name="testVindById" classname="fr.dawan.AppliCFABack.Controller.FichePosteControllerTests" time="0.01">
    <failure message="No value at JSON path &quot;$.intitule&quot;" type="java.lang.AssertionError">java.lang.AssertionError: No value at JSON path "$.intitule"
	at fr.dawan.AppliCFABack.Controller.FichePosteControllerTests.testVindById(FichePosteControllerTests.java:75)
Caused by: java.lang.IllegalArgumentException: json can not be null or empty
	at fr.dawan.AppliCFABack.Controller.FichePosteControllerTests.testVindById(FichePosteControllerTests.java:75)
</failure>
    <system-out><![CDATA[2021-10-18 12:01:14.228  INFO 12688 --- [           main] .b.t.c.SpringBootTestContextBootstrapper : Neither @ContextConfiguration nor @ContextHierarchy found for test class [fr.dawan.AppliCFABack.Controller.FichePosteControllerTests], using SpringBootContextLoader
2021-10-18 12:01:14.229  INFO 12688 --- [           main] o.s.t.c.support.AbstractContextLoader    : Could not detect default resource locations for test class [fr.dawan.AppliCFABack.Controller.FichePosteControllerTests]: no resource found for suffixes {-context.xml, Context.groovy}.
2021-10-18 12:01:14.229  INFO 12688 --- [           main] t.c.s.AnnotationConfigContextLoaderUtils : Could not detect default configuration classes for test class [fr.dawan.AppliCFABack.Controller.FichePosteControllerTests]: FichePosteControllerTests does not declare any static, non-private, non-final, nested classes annotated with @Configuration.
2021-10-18 12:01:14.230  INFO 12688 --- [           main] .b.t.c.SpringBootTestContextBootstrapper : Found @SpringBootConfiguration fr.dawan.AppliCFABack.AppliCfaBackApplication for test class fr.dawan.AppliCFABack.Controller.FichePosteControllerTests
2021-10-18 12:01:14.231  INFO 12688 --- [           main] .b.t.c.SpringBootTestContextBootstrapper : Loaded default TestExecutionListener class names from location [META-INF/spring.factories]: [org.springframework.boot.test.mock.mockito.MockitoTestExecutionListener, org.springframework.boot.test.mock.mockito.ResetMocksTestExecutionListener, org.springframework.boot.test.autoconfigure.restdocs.RestDocsTestExecutionListener, org.springframework.boot.test.autoconfigure.web.client.MockRestServiceServerResetTestExecutionListener, org.springframework.boot.test.autoconfigure.web.servlet.MockMvcPrintOnlyOnFailureTestExecutionListener, org.springframework.boot.test.autoconfigure.web.servlet.WebDriverTestExecutionListener, org.springframework.boot.test.autoconfigure.webservices.client.MockWebServiceServerTestExecutionListener, org.springframework.test.context.web.ServletTestExecutionListener, org.springframework.test.context.support.DirtiesContextBeforeModesTestExecutionListener, org.springframework.test.context.support.DependencyInjectionTestExecutionListener, org.springframework.test.context.support.DirtiesContextTestExecutionListener, org.springframework.test.context.transaction.TransactionalTestExecutionListener, org.springframework.test.context.jdbc.SqlScriptsTestExecutionListener, org.springframework.test.context.event.EventPublishingTestExecutionListener]
2021-10-18 12:01:14.232  INFO 12688 --- [           main] .b.t.c.SpringBootTestContextBootstrapper : Using TestExecutionListeners: [org.springframework.test.context.web.ServletTestExecutionListener@5f386009, org.springframework.test.context.support.DirtiesContextBeforeModesTestExecutionListener@5112858c, org.springframework.boot.test.mock.mockito.MockitoTestExecutionListener@1786e49f, org.springframework.boot.test.autoconfigure.SpringBootDependencyInjectionTestExecutionListener@3bfbe2a6, org.springframework.test.context.support.DirtiesContextTestExecutionListener@275ff5f8, org.springframework.test.context.transaction.TransactionalTestExecutionListener@62243a7a, org.springframework.test.context.jdbc.SqlScriptsTestExecutionListener@42a698bd, org.springframework.test.context.event.EventPublishingTestExecutionListener@26acbc9d, org.springframework.boot.test.mock.mockito.ResetMocksTestExecutionListener@7e047d85, org.springframework.boot.test.autoconfigure.restdocs.RestDocsTestExecutionListener@3d306fd5, org.springframework.boot.test.autoconfigure.web.client.MockRestServiceServerResetTestExecutionListener@4ba56bbe, org.springframework.boot.test.autoconfigure.web.servlet.MockMvcPrintOnlyOnFailureTestExecutionListener@8ae7e03, org.springframework.boot.test.autoconfigure.web.servlet.WebDriverTestExecutionListener@551bc2c6, org.springframework.boot.test.autoconfigure.webservices.client.MockWebServiceServerTestExecutionListener@6b6b4177]
Hibernate: select ficheposte0_.id as id1_17_0_, ficheposte0_.composition_service as composit2_17_0_, ficheposte0_.etudiant_id as etudiant8_17_0_, ficheposte0_.intitule as intitule3_17_0_, ficheposte0_.mission as mission4_17_0_, ficheposte0_.mission_principale as mission_5_17_0_, ficheposte0_.nature as nature6_17_0_, ficheposte0_.positionnement as position7_17_0_, etudiant1_.id as id1_31_1_, etudiant1_1_.adresse_id as adresse_9_31_1_, etudiant1_1_.civilite as civilite2_31_1_, etudiant1_1_.date_de_naissance as date_de_3_31_1_, etudiant1_1_.entreprise_id as entrepr10_31_1_, etudiant1_1_.login as login4_31_1_, etudiant1_1_.nom as nom5_31_1_, etudiant1_1_.password as password6_31_1_, etudiant1_1_.prenom as prenom7_31_1_, etudiant1_1_.telephone as telephon8_31_1_, etudiant1_.formateur_referent_id as formateu2_12_1_, etudiant1_.manager_id as manager_3_12_1_, adresse2_.id as id1_1_2_, adresse2_.code_postal as code_pos2_1_2_, adresse2_.numero as numero3_1_2_, adresse2_.rue as rue4_1_2_, adresse2_.ville as ville5_1_2_, entreprise3_.id as id1_11_3_, entreprise3_.adresse_siege_id as adresse_3_11_3_, entreprise3_.raison_sociale as raison_s2_11_3_, utilisateu4_.id as id1_31_4_, utilisateu4_.adresse_id as adresse_9_31_4_, utilisateu4_.civilite as civilite2_31_4_, utilisateu4_.date_de_naissance as date_de_3_31_4_, utilisateu4_.entreprise_id as entrepr10_31_4_, utilisateu4_.login as login4_31_4_, utilisateu4_.nom as nom5_31_4_, utilisateu4_.password as password6_31_4_, utilisateu4_.prenom as prenom7_31_4_, utilisateu4_.telephone as telephon8_31_4_, utilisateu4_1_.centre_formation_id as centre_f2_2_4_, utilisateu4_2_.formateur_referent_id as formateu2_12_4_, utilisateu4_2_.manager_id as manager_3_12_4_, case when utilisateu4_1_.id is not null then 1 when utilisateu4_2_.id is not null then 2 when utilisateu4_3_.id is not null then 3 when utilisateu4_.id is not null then 0 end as clazz_4_, utilisateu5_.id as id1_31_5_, utilisateu5_.adresse_id as adresse_9_31_5_, utilisateu5_.civilite as civilite2_31_5_, utilisateu5_.date_de_naissance as date_de_3_31_5_, utilisateu5_.entreprise_id as entrepr10_31_5_, utilisateu5_.login as login4_31_5_, utilisateu5_.nom as nom5_31_5_, utilisateu5_.password as password6_31_5_, utilisateu5_.prenom as prenom7_31_5_, utilisateu5_.telephone as telephon8_31_5_, utilisateu5_1_.centre_formation_id as centre_f2_2_5_, utilisateu5_2_.formateur_referent_id as formateu2_12_5_, utilisateu5_2_.manager_id as manager_3_12_5_, case when utilisateu5_1_.id is not null then 1 when utilisateu5_2_.id is not null then 2 when utilisateu5_3_.id is not null then 3 when utilisateu5_.id is not null then 0 end as clazz_5_ from fiche_poste ficheposte0_ left outer join etudiant etudiant1_ on ficheposte0_.etudiant_id=etudiant1_.id left outer join utilisateur etudiant1_1_ on etudiant1_.id=etudiant1_1_.id left outer join adresse adresse2_ on etudiant1_1_.adresse_id=adresse2_.id left outer join entreprise entreprise3_ on etudiant1_1_.entreprise_id=entreprise3_.id left outer join utilisateur utilisateu4_ on etudiant1_.formateur_referent_id=utilisateu4_.id left outer join cef utilisateu4_1_ on utilisateu4_.id=utilisateu4_1_.id left outer join etudiant utilisateu4_2_ on utilisateu4_.id=utilisateu4_2_.id left outer join formateur utilisateu4_3_ on utilisateu4_.id=utilisateu4_3_.id left outer join utilisateur utilisateu5_ on etudiant1_.manager_id=utilisateu5_.id left outer join cef utilisateu5_1_ on utilisateu5_.id=utilisateu5_1_.id left outer join etudiant utilisateu5_2_ on utilisateu5_.id=utilisateu5_2_.id left outer join formateur utilisateu5_3_ on utilisateu5_.id=utilisateu5_3_.id where ficheposte0_.id=?

MockHttpServletRequest:
      HTTP Method = GET
      Request URI = /AppliCFABack/fichePostes/0
       Parameters = {}
          Headers = [Accept:"application/json"]
             Body = null
    Session Attrs = {}

Handler:
             Type = fr.dawan.AppliCFABack.controllers.FichePosteController
           Method = fr.dawan.AppliCFABack.controllers.FichePosteController#getById(long)

Async:
    Async started = false
     Async result = null

Resolved Exception:
             Type = null

ModelAndView:
        View name = null
             View = null
            Model = null

FlashMap:
       Attributes = null

MockHttpServletResponse:
           Status = 200
    Error message = null
          Headers = [Vary:"Origin", "Access-Control-Request-Method", "Access-Control-Request-Headers"]
     Content type = null
             Body = 
    Forwarded URL = null
   Redirected URL = null
          Cookies = []
]]></system-out>
  </testcase>
  <testcase name="testFindAll" classname="fr.dawan.AppliCFABack.Controller.FichePosteControllerTests" time="0.008"/>
  <testcase name="TestSave" classname="fr.dawan.AppliCFABack.Controller.FichePosteControllerTests" time="0.023"/>
  <testcase name="testDelete" classname="fr.dawan.AppliCFABack.Controller.FichePosteControllerTests" time="0.008">
    <failure message="Status expected:&lt;202&gt; but was:&lt;404&gt;" type="java.lang.AssertionError"><![CDATA[java.lang.AssertionError: Status expected:<202> but was:<404>
	at fr.dawan.AppliCFABack.Controller.FichePosteControllerTests.testDelete(FichePosteControllerTests.java:142)
]]></failure>
    <system-out><![CDATA[Hibernate: select ficheposte0_.id as id1_17_0_, ficheposte0_.composition_service as composit2_17_0_, ficheposte0_.etudiant_id as etudiant8_17_0_, ficheposte0_.intitule as intitule3_17_0_, ficheposte0_.mission as mission4_17_0_, ficheposte0_.mission_principale as mission_5_17_0_, ficheposte0_.nature as nature6_17_0_, ficheposte0_.positionnement as position7_17_0_, etudiant1_.id as id1_31_1_, etudiant1_1_.adresse_id as adresse_9_31_1_, etudiant1_1_.civilite as civilite2_31_1_, etudiant1_1_.date_de_naissance as date_de_3_31_1_, etudiant1_1_.entreprise_id as entrepr10_31_1_, etudiant1_1_.login as login4_31_1_, etudiant1_1_.nom as nom5_31_1_, etudiant1_1_.password as password6_31_1_, etudiant1_1_.prenom as prenom7_31_1_, etudiant1_1_.telephone as telephon8_31_1_, etudiant1_.formateur_referent_id as formateu2_12_1_, etudiant1_.manager_id as manager_3_12_1_, adresse2_.id as id1_1_2_, adresse2_.code_postal as code_pos2_1_2_, adresse2_.numero as numero3_1_2_, adresse2_.rue as rue4_1_2_, adresse2_.ville as ville5_1_2_, entreprise3_.id as id1_11_3_, entreprise3_.adresse_siege_id as adresse_3_11_3_, entreprise3_.raison_sociale as raison_s2_11_3_, utilisateu4_.id as id1_31_4_, utilisateu4_.adresse_id as adresse_9_31_4_, utilisateu4_.civilite as civilite2_31_4_, utilisateu4_.date_de_naissance as date_de_3_31_4_, utilisateu4_.entreprise_id as entrepr10_31_4_, utilisateu4_.login as login4_31_4_, utilisateu4_.nom as nom5_31_4_, utilisateu4_.password as password6_31_4_, utilisateu4_.prenom as prenom7_31_4_, utilisateu4_.telephone as telephon8_31_4_, utilisateu4_1_.centre_formation_id as centre_f2_2_4_, utilisateu4_2_.formateur_referent_id as formateu2_12_4_, utilisateu4_2_.manager_id as manager_3_12_4_, case when utilisateu4_1_.id is not null then 1 when utilisateu4_2_.id is not null then 2 when utilisateu4_3_.id is not null then 3 when utilisateu4_.id is not null then 0 end as clazz_4_, utilisateu5_.id as id1_31_5_, utilisateu5_.adresse_id as adresse_9_31_5_, utilisateu5_.civilite as civilite2_31_5_, utilisateu5_.date_de_naissance as date_de_3_31_5_, utilisateu5_.entreprise_id as entrepr10_31_5_, utilisateu5_.login as login4_31_5_, utilisateu5_.nom as nom5_31_5_, utilisateu5_.password as password6_31_5_, utilisateu5_.prenom as prenom7_31_5_, utilisateu5_.telephone as telephon8_31_5_, utilisateu5_1_.centre_formation_id as centre_f2_2_5_, utilisateu5_2_.formateur_referent_id as formateu2_12_5_, utilisateu5_2_.manager_id as manager_3_12_5_, case when utilisateu5_1_.id is not null then 1 when utilisateu5_2_.id is not null then 2 when utilisateu5_3_.id is not null then 3 when utilisateu5_.id is not null then 0 end as clazz_5_ from fiche_poste ficheposte0_ left outer join etudiant etudiant1_ on ficheposte0_.etudiant_id=etudiant1_.id left outer join utilisateur etudiant1_1_ on etudiant1_.id=etudiant1_1_.id left outer join adresse adresse2_ on etudiant1_1_.adresse_id=adresse2_.id left outer join entreprise entreprise3_ on etudiant1_1_.entreprise_id=entreprise3_.id left outer join utilisateur utilisateu4_ on etudiant1_.formateur_referent_id=utilisateu4_.id left outer join cef utilisateu4_1_ on utilisateu4_.id=utilisateu4_1_.id left outer join etudiant utilisateu4_2_ on utilisateu4_.id=utilisateu4_2_.id left outer join formateur utilisateu4_3_ on utilisateu4_.id=utilisateu4_3_.id left outer join utilisateur utilisateu5_ on etudiant1_.manager_id=utilisateu5_.id left outer join cef utilisateu5_1_ on utilisateu5_.id=utilisateu5_1_.id left outer join etudiant utilisateu5_2_ on utilisateu5_.id=utilisateu5_2_.id left outer join formateur utilisateu5_3_ on utilisateu5_.id=utilisateu5_3_.id where ficheposte0_.id=?

MockHttpServletRequest:
      HTTP Method = DELETE
      Request URI = /AppliCFABack/fichePostes/0
       Parameters = {}
          Headers = [Accept:"text/plain"]
             Body = null
    Session Attrs = {}

Handler:
             Type = fr.dawan.AppliCFABack.controllers.FichePosteController
           Method = fr.dawan.AppliCFABack.controllers.FichePosteController#deleteById(long)

Async:
    Async started = false
     Async result = null

Resolved Exception:
             Type = null

ModelAndView:
        View name = null
             View = null
            Model = null

FlashMap:
       Attributes = null

MockHttpServletResponse:
           Status = 404
    Error message = null
          Headers = [Vary:"Origin", "Access-Control-Request-Method", "Access-Control-Request-Headers", Content-Type:"text/plain;charset=UTF-8", Content-Length:"26"]
     Content type = text/plain;charset=UTF-8
             Body = suppression non réalisée
    Forwarded URL = null
   Redirected URL = null
          Cookies = []
]]></system-out>
  </testcase>
  <testcase name="testUpdate" classname="fr.dawan.AppliCFABack.Controller.FichePosteControllerTests" time="0.011"/>
</testsuite>